#
# A fatal error has been detected by the Java Runtime Environment:
#
#  SIGSEGV (0xb) at pc=0x00007f0eacff3c90, pid=28863, tid=139701089941248
#
# JRE version: 7.0_25-b15
# Java VM: Java HotSpot(TM) 64-Bit Server VM (23.25-b01 mixed mode linux-amd64 compressed oops)
# Problematic frame:
# C  [_jpype.so+0x48c90]  JPJavaEnv::GetEnv(JNIEnv_**)+0x0
#
# Failed to write core dump. Core dumps have been disabled. To enable core dumping, try "ulimit -c unlimited" before starting Java again
#
# If you would like to submit a bug report, please visit:
#   http://bugreport.sun.com/bugreport/crash.jsp
# The crash happened outside the Java Virtual Machine in native code.
# See problematic frame for where to report the bug.
#

---------------  T H R E A D  ---------------

Current thread (0x0000000002e5e800):  JavaThread "main" [_thread_in_native, id=28863, stack(0x00007fff443c8000,0x00007fff444c8000)]

siginfo:si_signo=SIGSEGV: si_errno=0, si_code=1 (SEGV_MAPERR), si_addr=0x0000000000000008

Registers:
RAX=0x00007f0ead237670, RBX=0x000000000319e478, RCX=0x000000000002ae50, RDX=0x0000000000000000
RSP=0x00007fff444c3df8, RBP=0x0000000003185800, RSI=0x00007fff444c3e08, RDI=0x0000000000000000
R8 =0x0000000000000000, R9 =0x00007f0eb1d33030, R10=0x00007f0eb1d37e64, R11=0x0000000003246388
R12=0x0000000000000000, R13=0x0000000000571c50, R14=0x0000000000000000, R15=0x00000000020f0f34
RIP=0x00007f0eacff3c90, EFLAGS=0x0000000000010206, CSGSFS=0x0000000000000033, ERR=0x0000000000000004
  TRAPNO=0x000000000000000e

Top of Stack: (sp=0x00007fff444c3df8)
0x00007fff444c3df8:   00007f0eacff3cce 0000000000000000
0x00007fff444c3e08:   000000000057dc60 00000000028116e0
0x00007fff444c3e18:   00007f0eacff3f49 000000000318e8d0
0x00007fff444c3e28:   00007f0ead004395 000000000318e8d0
0x00007fff444c3e38:   00007f0ead0043c9 00000000028792b0
0x00007fff444c3e48:   00000000005749bc 00000000031858e0
0x00007fff444c3e58:   000000000053724d 000000000282e590
0x00007fff444c3e68:   000000000282e5a0 000000000089d180
0x00007fff444c3e78:   000000000045c4c8 00000000028116e0
0x00007fff444c3e88:   0000000000000000 0000000000000001
0x00007fff444c3e98:   00000000032a65d0 000000000324a3a0
0x00007fff444c3ea8:   0000000000000006 00000000032db098
0x00007fff444c3eb8:   00000000026e1a58 00000000020f0f34
0x00007fff444c3ec8:   000000000053724d 000000000323a388
0x00007fff444c3ed8:   000000000323a1c0 000000000323a388
0x00007fff444c3ee8:   0000000000536aff 0000000002833368
0x00007fff444c3ef8:   00007f0eb1d37e40 0034c0422a9b103c
0x00007fff444c3f08:   000000000056eae6 00000000028333b0
0x00007fff444c3f18:   000000000056eb4c 00000000028333f8
0x00007fff444c3f28:   000000000056eb4c 0000000002833440
0x00007fff444c3f38:   000000000056eb4c 00000000026d3230
0x00007fff444c3f48:   000000000054d375 0000000000000000
0x00007fff444c3f58:   00000000005467bf 00000000026d3230
0x00007fff444c3f68:   0000000000000010 00000000032db098
0x00007fff444c3f78:   00000000026d3230 00000000022bcb40
0x00007fff444c3f88:   00000000005209e9 000000000202d8d0
0x00007fff444c3f98:   00000000032db098 0000000000000000
0x00007fff444c3fa8:   00007f0eb1d37e40 000000000202d8e0
0x00007fff444c3fb8:   00000000004a22fb 00000000025cb418
0x00007fff444c3fc8:   000000000202d8d0 00000000032db098
0x00007fff444c3fd8:   00000000022bcb40 00000000032461e0
0x00007fff444c3fe8:   00000000020f0f61 00000000020f0f34 

Instructions: (pc=0x00007f0eacff3c90)
0x00007f0eacff3c70:   c0 5b c3 90 66 66 66 2e 0f 1f 84 00 00 00 00 00
0x00007f0eacff3c80:   48 8b 7f 08 48 8b 07 48 8b 40 28 ff e0 90 66 90
0x00007f0eacff3c90:   48 8b 7f 08 48 85 ff 74 17 48 8b 07 ba 02 00 01
0x00007f0eacff3ca0:   00 48 8b 40 30 ff e0 66 0f 1f 84 00 00 00 00 00 

Register to memory mapping:

RAX=0x00007f0ead237670: _ZN5JPEnv6s_JavaE+0 in /usr/lib/python2.7/dist-packages/_jpype.so at 0x00007f0eacfab000
RBX=0x000000000319e478 is a global jni handle
RCX=0x000000000002ae50 is an unknown value
RDX=0x0000000000000000 is an unknown value
RSP=0x00007fff444c3df8 is pointing into the stack for thread: 0x0000000002e5e800
RBP=0x0000000003185800 is an unknown value
RSI=0x00007fff444c3e08 is pointing into the stack for thread: 0x0000000002e5e800
RDI=0x0000000000000000 is an unknown value
R8 =0x0000000000000000 is an unknown value
R9 =0x00007f0eb1d33030 is an unknown value
R10=0x00007f0eb1d37e64 is an unknown value
R11=0x0000000003246388 is an unknown value
R12=0x0000000000000000 is an unknown value
R13=0x0000000000571c50: <offset 0x171c50> in python at 0x0000000000400000
R14=0x0000000000000000 is an unknown value
R15=0x00000000020f0f34 is an unknown value


Stack: [0x00007fff443c8000,0x00007fff444c8000],  sp=0x00007fff444c3df8,  free space=1007k
Native frames: (J=compiled Java code, j=interpreted, Vv=VM code, C=native code)
C  [_jpype.so+0x48c90]  JPJavaEnv::GetEnv(JNIEnv_**)+0x0


---------------  P R O C E S S  ---------------

Java Threads: ( => current thread )
  0x00000000031b5800 JavaThread "process reaper" daemon [_thread_blocked, id=28901, stack(0x00007f0e9d929000,0x00007f0e9d951000)]
  0x0000000003108000 JavaThread "Thread-0" [_thread_blocked, id=28886, stack(0x00007f0e9d958000,0x00007f0e9da59000)]
  0x00000000030e2000 JavaThread "Service Thread" daemon [_thread_blocked, id=28884, stack(0x00007f0e9db5a000,0x00007f0e9dc5b000)]
  0x00000000030df800 JavaThread "C2 CompilerThread1" daemon [_thread_blocked, id=28883, stack(0x00007f0e9dc5b000,0x00007f0e9dd5c000)]
  0x00000000030dc800 JavaThread "C2 CompilerThread0" daemon [_thread_blocked, id=28882, stack(0x00007f0e9dd5c000,0x00007f0e9de5d000)]
  0x00000000030da800 JavaThread "Signal Dispatcher" daemon [_thread_blocked, id=28881, stack(0x00007f0e9de5d000,0x00007f0e9df5e000)]
  0x000000000304d000 JavaThread "Finalizer" daemon [_thread_blocked, id=28880, stack(0x00007f0e9df5e000,0x00007f0e9e05f000)]
  0x000000000304a800 JavaThread "Reference Handler" daemon [_thread_blocked, id=28879, stack(0x00007f0e5ec9e000,0x00007f0e5ed9f000)]
=>0x0000000002e5e800 JavaThread "main" [_thread_in_native, id=28863, stack(0x00007fff443c8000,0x00007fff444c8000)]

Other Threads:
  0x0000000002fc1000 VMThread [stack: 0x00007f0e5ed9f000,0x00007f0e5eea0000] [id=28878]
  0x00000000030ec800 WatcherThread [stack: 0x00007f0e9da59000,0x00007f0e9db5a000] [id=28885]

VM state:not at safepoint (normal execution)

VM Mutex/Monitor currently owned by a thread: None

Heap
 PSYoungGen      total 56064K, used 4807K [0x00000007c16b0000, 0x00000007c5540000, 0x0000000800000000)
  eden space 48064K, 10% used [0x00000007c16b0000,0x00000007c1b61cd8,0x00000007c45a0000)
  from space 8000K, 0% used [0x00000007c4d70000,0x00000007c4d70000,0x00000007c5540000)
  to   space 8000K, 0% used [0x00000007c45a0000,0x00000007c45a0000,0x00000007c4d70000)
 ParOldGen       total 128192K, used 0K [0x0000000744400000, 0x000000074c130000, 0x00000007c16b0000)
  object space 128192K, 0% used [0x0000000744400000,0x0000000744400000,0x000000074c130000)
 PSPermGen       total 21248K, used 4986K [0x000000073f200000, 0x00000007406c0000, 0x0000000744400000)
  object space 21248K, 23% used [0x000000073f200000,0x000000073f6dea20,0x00000007406c0000)

Card table byte_map: [0x00007f0e9ec51000,0x00007f0e9f259000] byte_map_base: 0x00007f0e9b258000

Polling page: 0x00007f0eb1d87000

Code Cache  [0x00007f0e9f259000, 0x00007f0e9f4c9000, 0x00007f0ea2259000)
 total_blobs=216 nmethods=12 adapters=157 free_code_cache=48746Kb largest_free_block=49899264

Compilation events (10 events):
Event: 0.124 Thread 0x00000000030df800    7             java.lang.String::lastIndexOf (52 bytes)
Event: 0.126 Thread 0x00000000030df800 nmethod 7 0x00007f0e9f2bd7d0 code [0x00007f0e9f2bd920, 0x00007f0e9f2bdaa8]
Event: 11.829 Thread 0x00000000030dc800    9             sun.nio.cs.UTF_8$Encoder::encode (361 bytes)
Event: 11.830 Thread 0x00000000030df800   10             java.lang.String::length (6 bytes)
Event: 11.830 Thread 0x00000000030df800 nmethod 10 0x00007f0e9f2bc750 code [0x00007f0e9f2bc880, 0x00007f0e9f2bc8f8]
Event: 11.834 Thread 0x00000000030dc800 nmethod 9 0x00007f0e9f2bea50 code [0x00007f0e9f2bebc0, 0x00007f0e9f2bf0e8]
Event: 11.858 Thread 0x00000000030df800   11             java.util.Arrays::fill (28 bytes)
Event: 11.859 Thread 0x00000000030df800 nmethod 11 0x00007f0e9f2bf410 code [0x00007f0e9f2bf560, 0x00007f0e9f2bf678]
Event: 11.859 Thread 0x00000000030dc800   12             java.lang.String::startsWith (72 bytes)
Event: 11.861 Thread 0x00000000030dc800 nmethod 12 0x00007f0e9f2bba50 code [0x00007f0e9f2bbba0, 0x00007f0e9f2bbd58]

GC Heap History (0 events):
No events

Deoptimization events (0 events):
No events

Internal exceptions (10 events):
Event: 11.835 Thread 0x0000000002e5e800 Threw 0x00000007c19abb50 at /HUDSON/workspace/jdk7u25-2-build-linux-amd64-product/jdk7u25/hotspot/src/share/vm/prims/jvm.cpp:1235
Event: 11.835 Thread 0x0000000002e5e800 Threw 0x00000007c19abc78 at /HUDSON/workspace/jdk7u25-2-build-linux-amd64-product/jdk7u25/hotspot/src/share/vm/prims/jvm.cpp:1235
Event: 11.838 Thread 0x0000000002e5e800 Threw 0x00000007c19b44d8 at /HUDSON/workspace/jdk7u25-2-build-linux-amd64-product/jdk7u25/hotspot/src/share/vm/prims/jvm.cpp:1235
Event: 11.839 Thread 0x0000000002e5e800 Threw 0x00000007c19b74f8 at /HUDSON/workspace/jdk7u25-2-build-linux-amd64-product/jdk7u25/hotspot/src/share/vm/prims/jvm.cpp:1235
Event: 11.839 Thread 0x0000000002e5e800 Threw 0x00000007c19b9cd0 at /HUDSON/workspace/jdk7u25-2-build-linux-amd64-product/jdk7u25/hotspot/src/share/vm/prims/jvm.cpp:1235
Event: 11.840 Thread 0x0000000002e5e800 Threw 0x00000007c19bc428 at /HUDSON/workspace/jdk7u25-2-build-linux-amd64-product/jdk7u25/hotspot/src/share/vm/prims/jvm.cpp:1235
Event: 11.840 Thread 0x0000000002e5e800 Threw 0x00000007c19c74d8 at /HUDSON/workspace/jdk7u25-2-build-linux-amd64-product/jdk7u25/hotspot/src/share/vm/prims/jvm.cpp:1235
Event: 11.841 Thread 0x0000000002e5e800 Threw 0x00000007c19cc470 at /HUDSON/workspace/jdk7u25-2-build-linux-amd64-product/jdk7u25/hotspot/src/share/vm/prims/jvm.cpp:1235
Event: 11.841 Thread 0x0000000002e5e800 Threw 0x00000007c19d15b0 at /HUDSON/workspace/jdk7u25-2-build-linux-amd64-product/jdk7u25/hotspot/src/share/vm/prims/jvm.cpp:1235
Event: 11.842 Thread 0x0000000002e5e800 Threw 0x00000007c19d4718 at /HUDSON/workspace/jdk7u25-2-build-linux-amd64-product/jdk7u25/hotspot/src/share/vm/prims/jvm.cpp:1235

Events (10 events):
Event: 11.862 loading class 0x0000000003215600
Event: 11.862 loading class 0x0000000003215600 done
Event: 11.862 loading class 0x0000000003222200
Event: 11.863 loading class 0x0000000003222200 done
Event: 11.863 loading class 0x0000000003232d20
Event: 11.863 loading class 0x0000000003232d20 done
Event: 11.863 Executing VM operation: RevokeBias
Event: 11.863 Executing VM operation: RevokeBias done
Event: 11.865 loading class 0x0000000003056fc0
Event: 11.865 loading class 0x0000000003056fc0 done


Dynamic libraries:
00400000-00672000 r-xp 00000000 08:46 2361075                            /usr/bin/python2.7
00871000-00872000 r--p 00271000 08:46 2361075                            /usr/bin/python2.7
00872000-008db000 rw-p 00272000 08:46 2361075                            /usr/bin/python2.7
008db000-008ed000 rw-p 00000000 00:00 0 
01d9c000-03309000 rw-p 00000000 00:00 0                                  [heap]
73f200000-7406c0000 rw-p 00000000 00:00 0 
7406c0000-744400000 rw-p 00000000 00:00 0 
744400000-74c130000 rw-p 00000000 00:00 0 
74c130000-7c16b0000 rw-p 00000000 00:00 0 
7c16b0000-7c5540000 rw-p 00000000 00:00 0 
7c5540000-800000000 rw-p 00000000 00:00 0 
7f0e30000000-7f0e30021000 rw-p 00000000 00:00 0 
7f0e30021000-7f0e34000000 ---p 00000000 00:00 0 
7f0e38000000-7f0e38021000 rw-p 00000000 00:00 0 
7f0e38021000-7f0e3c000000 ---p 00000000 00:00 0 
7f0e3c000000-7f0e3c021000 rw-p 00000000 00:00 0 
7f0e3c021000-7f0e40000000 ---p 00000000 00:00 0 
7f0e40000000-7f0e40055000 rw-p 00000000 00:00 0 
7f0e40055000-7f0e44000000 ---p 00000000 00:00 0 
7f0e44000000-7f0e44021000 rw-p 00000000 00:00 0 
7f0e44021000-7f0e48000000 ---p 00000000 00:00 0 
7f0e48000000-7f0e48021000 rw-p 00000000 00:00 0 
7f0e48021000-7f0e4c000000 ---p 00000000 00:00 0 
7f0e4c000000-7f0e4c096000 rw-p 00000000 00:00 0 
7f0e4c096000-7f0e50000000 ---p 00000000 00:00 0 
7f0e50000000-7f0e50021000 rw-p 00000000 00:00 0 
7f0e50021000-7f0e54000000 ---p 00000000 00:00 0 
7f0e54000000-7f0e54021000 rw-p 00000000 00:00 0 
7f0e54021000-7f0e58000000 ---p 00000000 00:00 0 
7f0e58000000-7f0e58021000 rw-p 00000000 00:00 0 
7f0e58021000-7f0e5c000000 ---p 00000000 00:00 0 
7f0e5ec9e000-7f0e5eca1000 ---p 00000000 00:00 0 
7f0e5eca1000-7f0e5ed9f000 rw-p 00000000 00:00 0                          [stack:28879]
7f0e5ed9f000-7f0e5eda0000 ---p 00000000 00:00 0 
7f0e5eda0000-7f0e605b7000 rw-p 00000000 00:00 0                          [stack:28878]
7f0e605b7000-7f0e60774000 r--s 039f9000 08:46 3279240                    /usr/lib/jvm/java-7-oracle/jre/lib/rt.jar
7f0e60774000-7f0e68000000 rw-p 00000000 00:00 0 
7f0e68000000-7f0e68021000 rw-p 00000000 00:00 0 
7f0e68021000-7f0e6c000000 ---p 00000000 00:00 0 
7f0e70000000-7f0e70021000 rw-p 00000000 00:00 0 
7f0e70021000-7f0e74000000 ---p 00000000 00:00 0 
7f0e78000000-7f0e78021000 rw-p 00000000 00:00 0 
7f0e78021000-7f0e7c000000 ---p 00000000 00:00 0 
7f0e80000000-7f0e80021000 rw-p 00000000 00:00 0 
7f0e80021000-7f0e84000000 ---p 00000000 00:00 0 
7f0e88000000-7f0e88021000 rw-p 00000000 00:00 0 
7f0e88021000-7f0e8c000000 ---p 00000000 00:00 0 
7f0e8c000000-7f0e8c021000 rw-p 00000000 00:00 0 
7f0e8c021000-7f0e90000000 ---p 00000000 00:00 0 
7f0e90000000-7f0e90021000 rw-p 00000000 00:00 0 
7f0e90021000-7f0e94000000 ---p 00000000 00:00 0 
7f0e98000000-7f0e98021000 rw-p 00000000 00:00 0 
7f0e98021000-7f0e9c000000 ---p 00000000 00:00 0 
7f0e9d929000-7f0e9d92c000 ---p 00000000 00:00 0 
7f0e9d92c000-7f0e9d951000 rw-p 00000000 00:00 0                          [stack:28901]
7f0e9d951000-7f0e9d953000 r--s 00009000 08:45 45744223                   /home/michal/repo/liner2/lib/commons-cli-1.2.jar
7f0e9d953000-7f0e9d957000 r--s 00034000 08:45 45615882                   /home/michal/repo/liner2/liner2.jar
7f0e9d957000-7f0e9d958000 rw-p 00000000 00:00 0 
7f0e9d958000-7f0e9d95b000 ---p 00000000 00:00 0 
7f0e9d95b000-7f0e9da59000 rw-p 00000000 00:00 0                          [stack:28886]
7f0e9da59000-7f0e9da5a000 ---p 00000000 00:00 0 
7f0e9da5a000-7f0e9db5a000 rw-p 00000000 00:00 0                          [stack:28885]
7f0e9db5a000-7f0e9db5d000 ---p 00000000 00:00 0 
7f0e9db5d000-7f0e9dc5b000 rw-p 00000000 00:00 0                          [stack:28884]
7f0e9dc5b000-7f0e9dc5e000 ---p 00000000 00:00 0 
7f0e9dc5e000-7f0e9dd5c000 rw-p 00000000 00:00 0                          [stack:28883]
7f0e9dd5c000-7f0e9dd5f000 ---p 00000000 00:00 0 
7f0e9dd5f000-7f0e9de5d000 rw-p 00000000 00:00 0                          [stack:28882]
7f0e9de5d000-7f0e9de60000 ---p 00000000 00:00 0 
7f0e9de60000-7f0e9df5e000 rw-p 00000000 00:00 0                          [stack:28881]
7f0e9df5e000-7f0e9df61000 ---p 00000000 00:00 0 
7f0e9df61000-7f0e9e05f000 rw-p 00000000 00:00 0                          [stack:28880]
7f0e9e05f000-7f0e9e060000 ---p 00000000 00:00 0 
7f0e9e060000-7f0e9e160000 rw-p 00000000 00:00 0                          [stack:28877]
7f0e9e160000-7f0e9e161000 ---p 00000000 00:00 0 
7f0e9e161000-7f0e9e261000 rw-p 00000000 00:00 0                          [stack:28876]
7f0e9e261000-7f0e9e262000 ---p 00000000 00:00 0 
7f0e9e262000-7f0e9e362000 rw-p 00000000 00:00 0                          [stack:28875]
7f0e9e362000-7f0e9e363000 ---p 00000000 00:00 0 
7f0e9e363000-7f0e9e463000 rw-p 00000000 00:00 0                          [stack:28874]
7f0e9e463000-7f0e9e464000 ---p 00000000 00:00 0 
7f0e9e464000-7f0e9e564000 rw-p 00000000 00:00 0                          [stack:28873]
7f0e9e564000-7f0e9e565000 ---p 00000000 00:00 0 
7f0e9e565000-7f0e9e665000 rw-p 00000000 00:00 0                          [stack:28872]
7f0e9e665000-7f0e9e666000 ---p 00000000 00:00 0 
7f0e9e666000-7f0e9e766000 rw-p 00000000 00:00 0                          [stack:28871]
7f0e9e766000-7f0e9e767000 ---p 00000000 00:00 0 
7f0e9e767000-7f0e9e8a6000 rw-p 00000000 00:00 0                          [stack:28870]
7f0e9e8a6000-7f0e9ec51000 rw-p 00000000 00:00 0 
7f0e9ec51000-7f0e9ec5c000 rw-p 00000000 00:00 0 
7f0e9ec5c000-7f0e9ec7a000 rw-p 00000000 00:00 0 
7f0e9ec7a000-7f0e9ecb9000 rw-p 00000000 00:00 0 
7f0e9ecb9000-7f0e9f063000 rw-p 00000000 00:00 0 
7f0e9f063000-7f0e9f083000 rw-p 00000000 00:00 0 
7f0e9f083000-7f0e9f258000 rw-p 00000000 00:00 0 
7f0e9f258000-7f0e9f259000 rw-p 00000000 00:00 0 
7f0e9f259000-7f0e9f4c9000 rwxp 00000000 00:00 0 
7f0e9f4c9000-7f0ea2259000 rw-p 00000000 00:00 0 
7f0ea2259000-7f0ea2274000 r-xp 00000000 08:46 3408321                    /usr/lib/jvm/java-7-oracle/jre/lib/amd64/libzip.so
7f0ea2274000-7f0ea2473000 ---p 0001b000 08:46 3408321                    /usr/lib/jvm/java-7-oracle/jre/lib/amd64/libzip.so
7f0ea2473000-7f0ea2474000 rw-p 0001a000 08:46 3408321                    /usr/lib/jvm/java-7-oracle/jre/lib/amd64/libzip.so
7f0ea2474000-7f0ea2480000 r-xp 00000000 08:46 10485889                   /lib/x86_64-linux-gnu/libnss_files-2.15.so
7f0ea2480000-7f0ea267f000 ---p 0000c000 08:46 10485889                   /lib/x86_64-linux-gnu/libnss_files-2.15.so
7f0ea267f000-7f0ea2680000 r--p 0000b000 08:46 10485889                   /lib/x86_64-linux-gnu/libnss_files-2.15.so
7f0ea2680000-7f0ea2681000 rw-p 0000c000 08:46 10485889                   /lib/x86_64-linux-gnu/libnss_files-2.15.so
7f0ea2681000-7f0ea268b000 r-xp 00000000 08:46 10485885                   /lib/x86_64-linux-gnu/libnss_nis-2.15.so
7f0ea268b000-7f0ea288b000 ---p 0000a000 08:46 10485885                   /lib/x86_64-linux-gnu/libnss_nis-2.15.so
7f0ea288b000-7f0ea288c000 r--p 0000a000 08:46 10485885                   /lib/x86_64-linux-gnu/libnss_nis-2.15.so
7f0ea288c000-7f0ea288d000 rw-p 0000b000 08:46 10485885                   /lib/x86_64-linux-gnu/libnss_nis-2.15.so
7f0ea288d000-7f0ea28a4000 r-xp 00000000 08:46 10489677                   /lib/x86_64-linux-gnu/libnsl-2.15.so
7f0ea28a4000-7f0ea2aa3000 ---p 00017000 08:46 10489677                   /lib/x86_64-linux-gnu/libnsl-2.15.so
7f0ea2aa3000-7f0ea2aa4000 r--p 00016000 08:46 10489677                   /lib/x86_64-linux-gnu/libnsl-2.15.so
7f0ea2aa4000-7f0ea2aa5000 rw-p 00017000 08:46 10489677                   /lib/x86_64-linux-gnu/libnsl-2.15.so
7f0ea2aa5000-7f0ea2aa7000 rw-p 00000000 00:00 0 
7f0ea2aa7000-7f0ea2aaf000 r-xp 00000000 08:46 10485890                   /lib/x86_64-linux-gnu/libnss_compat-2.15.so
7f0ea2aaf000-7f0ea2cae000 ---p 00008000 08:46 10485890                   /lib/x86_64-linux-gnu/libnss_compat-2.15.so
7f0ea2cae000-7f0ea2caf000 r--p 00007000 08:46 10485890                   /lib/x86_64-linux-gnu/libnss_compat-2.15.so
7f0ea2caf000-7f0ea2cb0000 rw-p 00008000 08:46 10485890                   /lib/x86_64-linux-gnu/libnss_compat-2.15.so
7f0ea2cb0000-7f0ea2cd9000 r-xp 00000000 08:46 3408341                    /usr/lib/jvm/java-7-oracle/jre/lib/amd64/libjava.so
7f0ea2cd9000-7f0ea2ed9000 ---p 00029000 08:46 3408341                    /usr/lib/jvm/java-7-oracle/jre/lib/amd64/libjava.so
7f0ea2ed9000-7f0ea2edb000 rw-p 00029000 08:46 3408341                    /usr/lib/jvm/java-7-oracle/jre/lib/amd64/libjava.so
7f0ea2edb000-7f0ea2ee8000 r-xp 00000000 08:46 3408352                    /usr/lib/jvm/java-7-oracle/jre/lib/amd64/libverify.so
7f0ea2ee8000-7f0ea30e7000 ---p 0000d000 08:46 3408352                    /usr/lib/jvm/java-7-oracle/jre/lib/amd64/libverify.so
7f0ea30e7000-7f0ea30e9000 rw-p 0000c000 08:46 3408352                    /usr/lib/jvm/java-7-oracle/jre/lib/amd64/libverify.so
7f0ea30e9000-7f0ea3b2a000 r-xp 00000000 08:46 3408375                    /usr/lib/jvm/java-7-oracle/jre/lib/amd64/server/libjvm.so
7f0ea3b2a000-7f0ea3d2a000 ---p 00a41000 08:46 3408375                    /usr/lib/jvm/java-7-oracle/jre/lib/amd64/server/libjvm.so
7f0ea3d2a000-7f0ea3dcd000 rw-p 00a41000 08:46 3408375                    /usr/lib/jvm/java-7-oracle/jre/lib/amd64/server/libjvm.so
7f0ea3dcd000-7f0ea3e09000 rw-p 00000000 00:00 0 
7f0ea3e09000-7f0ea3e10000 r-xp 00000000 08:46 10485883                   /lib/x86_64-linux-gnu/librt-2.15.so
7f0ea3e10000-7f0ea400f000 ---p 00007000 08:46 10485883                   /lib/x86_64-linux-gnu/librt-2.15.so
7f0ea400f000-7f0ea4010000 r--p 00006000 08:46 10485883                   /lib/x86_64-linux-gnu/librt-2.15.so
7f0ea4010000-7f0ea4011000 rw-p 00007000 08:46 10485883                   /lib/x86_64-linux-gnu/librt-2.15.so
7f0ea4011000-7f0ea404d000 r-xp 00000000 08:46 10489541                   /lib/x86_64-linux-gnu/libpcre.so.3.12.1
7f0ea404d000-7f0ea424c000 ---p 0003c000 08:46 10489541                   /lib/x86_64-linux-gnu/libpcre.so.3.12.1
7f0ea424c000-7f0ea424d000 r--p 0003b000 08:46 10489541                   /lib/x86_64-linux-gnu/libpcre.so.3.12.1
7f0ea424d000-7f0ea424e000 rw-p 0003c000 08:46 10489541                   /lib/x86_64-linux-gnu/libpcre.so.3.12.1
7f0ea424e000-7f0ea4255000 r-xp 00000000 08:46 2366673                    /usr/lib/x86_64-linux-gnu/libffi.so.6.0.0
7f0ea4255000-7f0ea4454000 ---p 00007000 08:46 2366673                    /usr/lib/x86_64-linux-gnu/libffi.so.6.0.0
7f0ea4454000-7f0ea4455000 r--p 00006000 08:46 2366673                    /usr/lib/x86_64-linux-gnu/libffi.so.6.0.0
7f0ea4455000-7f0ea4456000 rw-p 00007000 08:46 2366673                    /usr/lib/x86_64-linux-gnu/libffi.so.6.0.0
7f0ea4456000-7f0ea4611000 r-xp 00000000 08:46 2362255                    /usr/lib/libicui18n.so.48.1.1
7f0ea4611000-7f0ea4810000 ---p 001bb000 08:46 2362255                    /usr/lib/libicui18n.so.48.1.1
7f0ea4810000-7f0ea481c000 r--p 001ba000 08:46 2362255                    /usr/lib/libicui18n.so.48.1.1
7f0ea481c000-7f0ea481e000 rw-p 001c6000 08:46 2362255                    /usr/lib/libicui18n.so.48.1.1
7f0ea481e000-7f0ea4910000 r-xp 00000000 08:46 10489493                   /lib/x86_64-linux-gnu/libglib-2.0.so.0.3200.3
7f0ea4910000-7f0ea4b10000 ---p 000f2000 08:46 10489493                   /lib/x86_64-linux-gnu/libglib-2.0.so.0.3200.3
7f0ea4b10000-7f0ea4b11000 r--p 000f2000 08:46 10489493                   /lib/x86_64-linux-gnu/libglib-2.0.so.0.3200.3
7f0ea4b11000-7f0ea4b12000 rw-p 000f3000 08:46 10489493                   /lib/x86_64-linux-gnu/libglib-2.0.so.0.3200.3
7f0ea4b12000-7f0ea4b13000 rw-p 00000000 00:00 0 
7f0ea4b13000-7f0ea4b16000 r-xp 00000000 08:46 2366726                    /usr/lib/x86_64-linux-gnu/libgmodule-2.0.so.0.3200.3
7f0ea4b16000-7f0ea4d15000 ---p 00003000 08:46 2366726                    /usr/lib/x86_64-linux-gnu/libgmodule-2.0.so.0.3200.3
7f0ea4d15000-7f0ea4d16000 r--p 00002000 08:46 2366726                    /usr/lib/x86_64-linux-gnu/libgmodule-2.0.so.0.3200.3
7f0ea4d16000-7f0ea4d17000 rw-p 00003000 08:46 2366726                    /usr/lib/x86_64-linux-gnu/libgmodule-2.0.so.0.3200.3
7f0ea4d17000-7f0ea4d64000 r-xp 00000000 08:46 2366740                    /usr/lib/x86_64-linux-gnu/libgobject-2.0.so.0.3200.3
7f0ea4d64000-7f0ea4f64000 ---p 0004d000 08:46 2366740                    /usr/lib/x86_64-linux-gnu/libgobject-2.0.so.0.3200.3
7f0ea4f64000-7f0ea4f65000 r--p 0004d000 08:46 2366740                    /usr/lib/x86_64-linux-gnu/libgobject-2.0.so.0.3200.3
7f0ea4f65000-7f0ea4f66000 rw-p 0004e000 08:46 2366740                    /usr/lib/x86_64-linux-gnu/libgobject-2.0.so.0.3200.3
7f0ea4f66000-7f0ea4f6a000 r-xp 00000000 08:46 2366996                    /usr/lib/x86_64-linux-gnu/libsigc-2.0.so.0.0.0
7f0ea4f6a000-7f0ea5169000 ---p 00004000 08:46 2366996                    /usr/lib/x86_64-linux-gnu/libsigc-2.0.so.0.0.0
7f0ea5169000-7f0ea516a000 r--p 00003000 08:46 2366996                    /usr/lib/x86_64-linux-gnu/libsigc-2.0.so.0.0.0
7f0ea516a000-7f0ea516b000 rw-p 00004000 08:46 2366996                    /usr/lib/x86_64-linux-gnu/libsigc-2.0.so.0.0.0
7f0ea516b000-7f0ea52bc000 r-xp 00000000 08:46 2361206                    /usr/lib/x86_64-linux-gnu/libxml2.so.2.7.8
7f0ea52bc000-7f0ea54bc000 ---p 00151000 08:46 2361206                    /usr/lib/x86_64-linux-gnu/libxml2.so.2.7.8
7f0ea54bc000-7f0ea54c4000 r--p 00151000 08:46 2361206                    /usr/lib/x86_64-linux-gnu/libxml2.so.2.7.8
7f0ea54c4000-7f0ea54c6000 rw-p 00159000 08:46 2361206                    /usr/lib/x86_64-linux-gnu/libxml2.so.2.7.8
7f0ea54c6000-7f0ea54c7000 rw-p 00000000 00:00 0 
7f0ea54c7000-7f0ea6636000 r-xp 00000000 08:46 2362253                    /usr/lib/libicudata.so.48.1.1
7f0ea6636000-7f0ea6835000 ---p 0116f000 08:46 2362253                    /usr/lib/libicudata.so.48.1.1
7f0ea6835000-7f0ea6836000 r--p 0116e000 08:46 2362253                    /usr/lib/libicudata.so.48.1.1
7f0ea6836000-7f0ea6837000 rw-p 0116f000 08:46 2362253                    /usr/lib/libicudata.so.48.1.1
7f0ea6837000-7f0ea6854000 r-xp 00000000 08:46 2369755                    /usr/lib/libboost_filesystem.so.1.48.0
7f0ea6854000-7f0ea6a54000 ---p 0001d000 08:46 2369755                    /usr/lib/libboost_filesystem.so.1.48.0
7f0ea6a54000-7f0ea6a55000 r--p 0001d000 08:46 2369755                    /usr/lib/libboost_filesystem.so.1.48.0
7f0ea6a55000-7f0ea6a56000 rw-p 0001e000 08:46 2369755                    /usr/lib/libboost_filesystem.so.1.48.0
7f0ea6a56000-7f0ea6a59000 r-xp 00000000 08:46 2369734                    /usr/lib/libboost_system.so.1.48.0
7f0ea6a59000-7f0ea6c58000 ---p 00003000 08:46 2369734                    /usr/lib/libboost_system.so.1.48.0
7f0ea6c58000-7f0ea6c59000 r--p 00002000 08:46 2369734                    /usr/lib/libboost_system.so.1.48.0
7f0ea6c59000-7f0ea6c5a000 rw-p 00003000 08:46 2369734                    /usr/lib/libboost_system.so.1.48.0
7f0ea6c5a000-7f0ea6d5b000 r-xp 00000000 08:46 2369807                    /usr/lib/libboost_regex.so.1.48.0
7f0ea6d5b000-7f0ea6f5a000 ---p 00101000 08:46 2369807                    /usr/lib/libboost_regex.so.1.48.0
7f0ea6f5a000-7f0ea6f5f000 r--p 00100000 08:46 2369807                    /usr/lib/libboost_regex.so.1.48.0
7f0ea6f5f000-7f0ea6f61000 rw-p 00105000 08:46 2369807                    /usr/lib/libboost_regex.so.1.48.0
7f0ea6f61000-7f0ea6f62000 rw-p 00000000 00:00 0 
7f0ea6f62000-7f0ea6fc3000 r-xp 00000000 08:46 2369927                    /usr/lib/libboost_program_options.so.1.48.0
7f0ea6fc3000-7f0ea71c3000 ---p 00061000 08:46 2369927                    /usr/lib/libboost_program_options.so.1.48.0
7f0ea71c3000-7f0ea71c6000 r--p 00061000 08:46 2369927                    /usr/lib/libboost_program_options.so.1.48.0
7f0ea71c6000-7f0ea71c7000 rw-p 00064000 08:46 2369927                    /usr/lib/libboost_program_options.so.1.48.0
7f0ea71c7000-7f0ea722c000 r-xp 00000000 08:46 2366722                    /usr/lib/x86_64-linux-gnu/libglibmm-2.4.so.1.3.0
7f0ea722c000-7f0ea742b000 ---p 00065000 08:46 2366722                    /usr/lib/x86_64-linux-gnu/libglibmm-2.4.so.1.3.0
7f0ea742b000-7f0ea742d000 r--p 00064000 08:46 2366722                    /usr/lib/x86_64-linux-gnu/libglibmm-2.4.so.1.3.0
7f0ea742d000-7f0ea742f000 rw-p 00066000 08:46 2366722                    /usr/lib/x86_64-linux-gnu/libglibmm-2.4.so.1.3.0
7f0ea742f000-7f0ea744f000 r-xp 00000000 08:46 2370057                    /usr/lib/libxml++-2.6.so.2.0.7
7f0ea744f000-7f0ea764e000 ---p 00020000 08:46 2370057                    /usr/lib/libxml++-2.6.so.2.0.7
7f0ea764e000-7f0ea7650000 r--p 0001f000 08:46 2370057                    /usr/lib/libxml++-2.6.so.2.0.7
7f0ea7650000-7f0ea7651000 rw-p 00021000 08:46 2370057                    /usr/lib/libxml++-2.6.so.2.0.7
7f0ea7651000-7f0ea765e000 r-xp 00000000 08:46 2370050                    /usr/lib/libloki.so.0.1.7
7f0ea765e000-7f0ea785e000 ---p 0000d000 08:46 2370050                    /usr/lib/libloki.so.0.1.7
7f0ea785e000-7f0ea785f000 r--p 0000d000 08:46 2370050                    /usr/lib/libloki.so.0.1.7
7f0ea785f000-7f0ea7860000 rw-p 0000e000 08:46 2370050                    /usr/lib/libloki.so.0.1.7
7f0ea7860000-7f0ea79b5000 r-xp 00000000 08:46 2362267                    /usr/lib/libicuuc.so.48.1.1
7f0ea79b5000-7f0ea7bb5000 ---p 00155000 08:46 2362267                    /usr/lib/libicuuc.so.48.1.1
7f0ea7bb5000-7f0ea7bc5000 r--p 00155000 08:46 2362267                    /usr/lib/libicuuc.so.48.1.1
7f0ea7bc5000-7f0ea7bc6000 rw-p 00165000 08:46 2362267                    /usr/lib/libicuuc.so.48.1.1
7f0ea7bc6000-7f0ea7bca000 rw-p 00000000 00:00 0 
7f0ea7bca000-7f0ea7bda000 r-xp 00000000 08:46 2628108                    /usr/local/lib/libpwrutils.so.1.0
7f0ea7bda000-7f0ea7dda000 ---p 00010000 08:46 2628108                    /usr/local/lib/libpwrutils.so.1.0
7f0ea7dda000-7f0ea7ddb000 r--p 00010000 08:46 2628108                    /usr/local/lib/libpwrutils.so.1.0
7f0ea7ddb000-7f0ea7ddc000 rw-p 00011000 08:46 2628108                    /usr/local/lib/libpwrutils.so.1.0
7f0ea7ddc000-7f0ea7dfd000 r-xp 00000000 08:46 2628114                    /usr/local/lib/libcorpus2_whole.so
7f0ea7dfd000-7f0ea7ffd000 ---p 00021000 08:46 2628114                    /usr/local/lib/libcorpus2_whole.so
7f0ea7ffd000-7f0ea7fff000 r--p 00021000 08:46 2628114                    /usr/local/lib/libcorpus2_whole.so
7f0ea7fff000-7f0ea8000000 rw-p 00023000 08:46 2628114                    /usr/local/lib/libcorpus2_whole.so
7f0ea8000000-7f0ea8021000 rw-p 00000000 00:00 0 
7f0ea8021000-7f0eac000000 ---p 00000000 00:00 0 
7f0eac02a000-7f0eac034000 rw-p 00000000 00:00 0 
7f0eac034000-7f0eac0ea000 rw-p 00000000 00:00 0 
7f0eac0ea000-7f0eac1d1000 r-xp 00000000 08:46 2628111                    /usr/local/lib/libcorpus2.so.1.5
7f0eac1d1000-7f0eac3d0000 ---p 000e7000 08:46 2628111                    /usr/local/lib/libcorpus2.so.1.5
7f0eac3d0000-7f0eac3d5000 r--p 000e6000 08:46 2628111                    /usr/local/lib/libcorpus2.so.1.5
7f0eac3d5000-7f0eac3d7000 rw-p 000eb000 08:46 2628111                    /usr/local/lib/libcorpus2.so.1.5
7f0eac3d7000-7f0eac658000 r-xp 00000000 08:46 2360841                    /usr/lib/libpython2.7.so.1.0
7f0eac658000-7f0eac857000 ---p 00281000 08:46 2360841                    /usr/lib/libpython2.7.so.1.0
7f0eac857000-7f0eac859000 r--p 00280000 08:46 2360841                    /usr/lib/libpython2.7.so.1.0
7f0eac859000-7f0eac8c2000 rw-p 00282000 08:46 2360841                    /usr/lib/libpython2.7.so.1.0
7f0eac8c2000-7f0eac8d4000 rw-p 00000000 00:00 0 
7f0eac8d4000-7f0eaca96000 r-xp 00000000 08:46 2628118                    /usr/local/lib/python2.7/dist-packages/_corpus2.so
7f0eaca96000-7f0eacc95000 ---p 001c2000 08:46 2628118                    /usr/local/lib/python2.7/dist-packages/_corpus2.so
7f0eacc95000-7f0eacc9a000 r--p 001c1000 08:46 2628118                    /usr/local/lib/python2.7/dist-packages/_corpus2.so
7f0eacc9a000-7f0eaccab000 rw-p 001c6000 08:46 2628118                    /usr/local/lib/python2.7/dist-packages/_corpus2.so
7f0eaccab000-7f0eacd8d000 r-xp 00000000 08:46 2367023                    /usr/lib/x86_64-linux-gnu/libstdc++.so.6.0.16
7f0eacd8d000-7f0eacf8c000 ---p 000e2000 08:46 2367023                    /usr/lib/x86_64-linux-gnu/libstdc++.so.6.0.16
7f0eacf8c000-7f0eacf94000 r--p 000e1000 08:46 2367023                    /usr/lib/x86_64-linux-gnu/libstdc++.so.6.0.16
7f0eacf94000-7f0eacf96000 rw-p 000e9000 08:46 2367023                    /usr/lib/x86_64-linux-gnu/libstdc++.so.6.0.16
7f0eacf96000-7f0eacfab000 rw-p 00000000 00:00 0 
7f0eacfab000-7f0ead033000 r-xp 00000000 08:46 2494951                    /usr/lib/python2.7/dist-packages/_jpype.so
7f0ead033000-7f0ead232000 ---p 00088000 08:46 2494951                    /usr/lib/python2.7/dist-packages/_jpype.so
7f0ead232000-7f0ead235000 r--p 00087000 08:46 2494951                    /usr/lib/python2.7/dist-packages/_jpype.so
7f0ead235000-7f0ead238000 rw-p 0008a000 08:46 2494951                    /usr/lib/python2.7/dist-packages/_jpype.so
7f0ead238000-7f0ead271000 r-xp 00000000 08:46 10489551                   /lib/x86_64-linux-gnu/libreadline.so.6.2
7f0ead271000-7f0ead471000 ---p 00039000 08:46 10489551                   /lib/x86_64-linux-gnu/libreadline.so.6.2
7f0ead471000-7f0ead473000 r--p 00039000 08:46 10489551                   /lib/x86_64-linux-gnu/libreadline.so.6.2
7f0ead473000-7f0ead479000 rw-p 0003b000 08:46 10489551                   /lib/x86_64-linux-gnu/libreadline.so.6.2
7f0ead479000-7f0ead47a000 rw-p 00000000 00:00 0 
7f0ead47a000-7f0ead47f000 r-xp 00000000 08:46 2491236                    /usr/lib/python2.7/lib-dynload/readline.so
7f0ead47f000-7f0ead67e000 ---p 00005000 08:46 2491236                    /usr/lib/python2.7/lib-dynload/readline.so
7f0ead67e000-7f0ead67f000 r--p 00004000 08:46 2491236                    /usr/lib/python2.7/lib-dynload/readline.so
7f0ead67f000-7f0ead681000 rw-p 00005000 08:46 2491236                    /usr/lib/python2.7/lib-dynload/readline.so
7f0ead681000-7f0ead682000 ---p 00000000 00:00 0 
7f0ead682000-7f0eade82000 rw-p 00000000 00:00 0                          [stack:28864]
7f0eade82000-7f0eade85000 r-xp 00000000 08:46 2491205                    /usr/lib/python2.7/lib-dynload/_lsprof.so
7f0eade85000-7f0eae085000 ---p 00003000 08:46 2491205                    /usr/lib/python2.7/lib-dynload/_lsprof.so
7f0eae085000-7f0eae086000 r--p 00003000 08:46 2491205                    /usr/lib/python2.7/lib-dynload/_lsprof.so
7f0eae086000-7f0eae087000 rw-p 00004000 08:46 2491205                    /usr/lib/python2.7/lib-dynload/_lsprof.so
7f0eae087000-7f0eae0ae000 r-xp 00000000 08:46 10489486                   /lib/x86_64-linux-gnu/libexpat.so.1.5.2
7f0eae0ae000-7f0eae2ae000 ---p 00027000 08:46 10489486                   /lib/x86_64-linux-gnu/libexpat.so.1.5.2
7f0eae2ae000-7f0eae2b0000 r--p 00027000 08:46 10489486                   /lib/x86_64-linux-gnu/libexpat.so.1.5.2
7f0eae2b0000-7f0eae2b1000 rw-p 00029000 08:46 10489486                   /lib/x86_64-linux-gnu/libexpat.so.1.5.2
7f0eae2c9000-7f0eae2d7000 r-xp 00000000 08:46 2491237                    /usr/lib/python2.7/lib-dynload/pyexpat.so
7f0eae2d7000-7f0eae4d6000 ---p 0000e000 08:46 2491237                    /usr/lib/python2.7/lib-dynload/pyexpat.so
7f0eae4d6000-7f0eae4d7000 r--p 0000d000 08:46 2491237                    /usr/lib/python2.7/lib-dynload/pyexpat.so
7f0eae4d7000-7f0eae4d9000 rw-p 0000e000 08:46 2491237                    /usr/lib/python2.7/lib-dynload/pyexpat.so
7f0eae4d9000-7f0eae4da000 rwxp 00000000 00:00 0 
7f0eae4da000-7f0eae4fb000 r-xp 00000000 08:46 2491218                    /usr/lib/python2.7/lib-dynload/_ctypes.so
7f0eae4fb000-7f0eae6fa000 ---p 00021000 08:46 2491218                    /usr/lib/python2.7/lib-dynload/_ctypes.so
7f0eae6fa000-7f0eae6fb000 r--p 00020000 08:46 2491218                    /usr/lib/python2.7/lib-dynload/_ctypes.so
7f0eae6fb000-7f0eae6ff000 rw-p 00021000 08:46 2491218                    /usr/lib/python2.7/lib-dynload/_ctypes.so
7f0eae6ff000-7f0eae700000 rw-p 00000000 00:00 0 
7f0eae700000-7f0eae79e000 r-xp 00000000 08:46 2367013                    /usr/lib/x86_64-linux-gnu/libsqlite3.so.0.8.6
7f0eae79e000-7f0eae99e000 ---p 0009e000 08:46 2367013                    /usr/lib/x86_64-linux-gnu/libsqlite3.so.0.8.6
7f0eae99e000-7f0eae9a0000 r--p 0009e000 08:46 2367013                    /usr/lib/x86_64-linux-gnu/libsqlite3.so.0.8.6
7f0eae9a0000-7f0eae9a2000 rw-p 000a0000 08:46 2367013                    /usr/lib/x86_64-linux-gnu/libsqlite3.so.0.8.6
7f0eae9a2000-7f0eae9a3000 rw-p 00000000 00:00 0 
7f0eae9a3000-7f0eae9b4000 r-xp 00000000 08:46 2491160                    /usr/lib/python2.7/lib-dynload/_sqlite3.so
7f0eae9b4000-7f0eaebb4000 ---p 00011000 08:46 2491160                    /usr/lib/python2.7/lib-dynload/_sqlite3.so
7f0eaebb4000-7f0eaebb5000 r--p 00011000 08:46 2491160                    /usr/lib/python2.7/lib-dynload/_sqlite3.so
7f0eaebb5000-7f0eaebb7000 rw-p 00012000 08:46 2491160                    /usr/lib/python2.7/lib-dynload/_sqlite3.so
7f0eaebb7000-7f0eaebd9000 r-xp 00000000 08:46 10489565                   /lib/x86_64-linux-gnu/libtinfo.so.5.9
7f0eaebd9000-7f0eaedd9000 ---p 00022000 08:46 10489565                   /lib/x86_64-linux-gnu/libtinfo.so.5.9
7f0eaedd9000-7f0eaeddd000 r--p 00022000 08:46 10489565                   /lib/x86_64-linux-gnu/libtinfo.so.5.9
7f0eaeddd000-7f0eaedde000 rw-p 00026000 08:46 10489565                   /lib/x86_64-linux-gnu/libtinfo.so.5.9
7f0eaedde000-7f0eaee0a000 r-xp 00000000 08:46 10489508                   /lib/x86_64-linux-gnu/libncursesw.so.5.9
7f0eaee0a000-7f0eaf009000 ---p 0002c000 08:46 10489508                   /lib/x86_64-linux-gnu/libncursesw.so.5.9
7f0eaf009000-7f0eaf00a000 r--p 0002b000 08:46 10489508                   /lib/x86_64-linux-gnu/libncursesw.so.5.9
7f0eaf00a000-7f0eaf00b000 rw-p 0002c000 08:46 10489508                   /lib/x86_64-linux-gnu/libncursesw.so.5.9
7f0eaf023000-7f0eaf036000 r-xp 00000000 08:46 2491149                    /usr/lib/python2.7/lib-dynload/_curses.so
7f0eaf036000-7f0eaf235000 ---p 00013000 08:46 2491149                    /usr/lib/python2.7/lib-dynload/_curses.so
7f0eaf235000-7f0eaf236000 r--p 00012000 08:46 2491149                    /usr/lib/python2.7/lib-dynload/_curses.so
7f0eaf236000-7f0eaf238000 rw-p 00013000 08:46 2491149                    /usr/lib/python2.7/lib-dynload/_curses.so
7f0eaf238000-7f0eaf257000 r-xp 00000000 08:46 2491219                    /usr/lib/python2.7/lib-dynload/_io.so
7f0eaf257000-7f0eaf456000 ---p 0001f000 08:46 2491219                    /usr/lib/python2.7/lib-dynload/_io.so
7f0eaf456000-7f0eaf457000 r--p 0001e000 08:46 2491219                    /usr/lib/python2.7/lib-dynload/_io.so
7f0eaf457000-7f0eaf460000 rw-p 0001f000 08:46 2491219                    /usr/lib/python2.7/lib-dynload/_io.so
7f0eaf460000-7f0eaf474000 r-xp 00000000 08:46 2491163                    /usr/lib/python2.7/lib-dynload/datetime.so
7f0eaf474000-7f0eaf673000 ---p 00014000 08:46 2491163                    /usr/lib/python2.7/lib-dynload/datetime.so
7f0eaf673000-7f0eaf674000 r--p 00013000 08:46 2491163                    /usr/lib/python2.7/lib-dynload/datetime.so
7f0eaf674000-7f0eaf678000 rw-p 00014000 08:46 2491163                    /usr/lib/python2.7/lib-dynload/datetime.so
7f0eaf678000-7f0eaf67c000 r-xp 00000000 08:46 2491153                    /usr/lib/python2.7/lib-dynload/termios.so
7f0eaf67c000-7f0eaf87b000 ---p 00004000 08:46 2491153                    /usr/lib/python2.7/lib-dynload/termios.so
7f0eaf87b000-7f0eaf87c000 r--p 00003000 08:46 2491153                    /usr/lib/python2.7/lib-dynload/termios.so
7f0eaf87c000-7f0eaf87e000 rw-p 00004000 08:46 2491153                    /usr/lib/python2.7/lib-dynload/termios.so
7f0eaf87e000-7f0eaf880000 r-xp 00000000 08:46 2491148                    /usr/lib/python2.7/lib-dynload/resource.so
7f0eaf880000-7f0eafa7f000 ---p 00002000 08:46 2491148                    /usr/lib/python2.7/lib-dynload/resource.so
7f0eafa7f000-7f0eafa80000 r--p 00001000 08:46 2491148                    /usr/lib/python2.7/lib-dynload/resource.so
7f0eafa80000-7f0eafa81000 rw-p 00002000 08:46 2491148                    /usr/lib/python2.7/lib-dynload/resource.so
7f0eafa81000-7f0eafb42000 rw-p 00000000 00:00 0 
7f0eafb43000-7f0eafb46000 r-xp 00000000 08:46 2491222                    /usr/lib/python2.7/lib-dynload/_heapq.so
7f0eafb46000-7f0eafd45000 ---p 00003000 08:46 2491222                    /usr/lib/python2.7/lib-dynload/_heapq.so
7f0eafd45000-7f0eafd46000 r--p 00002000 08:46 2491222                    /usr/lib/python2.7/lib-dynload/_heapq.so
7f0eafd46000-7f0eafd48000 rw-p 00003000 08:46 2491222                    /usr/lib/python2.7/lib-dynload/_heapq.so
7f0eafd48000-7f0eb042b000 r--p 00000000 08:46 2365800                    /usr/lib/locale/locale-archive
7f0eb042b000-7f0eb0440000 r-xp 00000000 08:46 10489489                   /lib/x86_64-linux-gnu/libgcc_s.so.1
7f0eb0440000-7f0eb063f000 ---p 00015000 08:46 10489489                   /lib/x86_64-linux-gnu/libgcc_s.so.1
7f0eb063f000-7f0eb0640000 r--p 00014000 08:46 10489489                   /lib/x86_64-linux-gnu/libgcc_s.so.1
7f0eb0640000-7f0eb0641000 rw-p 00015000 08:46 10489489                   /lib/x86_64-linux-gnu/libgcc_s.so.1
7f0eb0641000-7f0eb07f6000 r-xp 00000000 08:46 10485783                   /lib/x86_64-linux-gnu/libc-2.15.so
7f0eb07f6000-7f0eb09f5000 ---p 001b5000 08:46 10485783                   /lib/x86_64-linux-gnu/libc-2.15.so
7f0eb09f5000-7f0eb09f9000 r--p 001b4000 08:46 10485783                   /lib/x86_64-linux-gnu/libc-2.15.so
7f0eb09f9000-7f0eb09fb000 rw-p 001b8000 08:46 10485783                   /lib/x86_64-linux-gnu/libc-2.15.so
7f0eb09fb000-7f0eb0a00000 rw-p 00000000 00:00 0 
7f0eb0a00000-7f0eb0afb000 r-xp 00000000 08:46 10485887                   /lib/x86_64-linux-gnu/libm-2.15.so
7f0eb0afb000-7f0eb0cfa000 ---p 000fb000 08:46 10485887                   /lib/x86_64-linux-gnu/libm-2.15.so
7f0eb0cfa000-7f0eb0cfb000 r--p 000fa000 08:46 10485887                   /lib/x86_64-linux-gnu/libm-2.15.so
7f0eb0cfb000-7f0eb0cfc000 rw-p 000fb000 08:46 10485887                   /lib/x86_64-linux-gnu/libm-2.15.so
7f0eb0cfc000-7f0eb0d12000 r-xp 00000000 08:46 10489579                   /lib/x86_64-linux-gnu/libz.so.1.2.3.4
7f0eb0d12000-7f0eb0f11000 ---p 00016000 08:46 10489579                   /lib/x86_64-linux-gnu/libz.so.1.2.3.4
7f0eb0f11000-7f0eb0f12000 r--p 00015000 08:46 10489579                   /lib/x86_64-linux-gnu/libz.so.1.2.3.4
7f0eb0f12000-7f0eb0f13000 rw-p 00016000 08:46 10489579                   /lib/x86_64-linux-gnu/libz.so.1.2.3.4
7f0eb0f13000-7f0eb10c4000 r-xp 00000000 08:46 10489449                   /lib/x86_64-linux-gnu/libcrypto.so.1.0.0
7f0eb10c4000-7f0eb12c4000 ---p 001b1000 08:46 10489449                   /lib/x86_64-linux-gnu/libcrypto.so.1.0.0
7f0eb12c4000-7f0eb12df000 r--p 001b1000 08:46 10489449                   /lib/x86_64-linux-gnu/libcrypto.so.1.0.0
7f0eb12df000-7f0eb12ea000 rw-p 001cc000 08:46 10489449                   /lib/x86_64-linux-gnu/libcrypto.so.1.0.0
7f0eb12ea000-7f0eb12ee000 rw-p 00000000 00:00 0 
7f0eb12ee000-7f0eb1342000 r-xp 00000000 08:46 10489450                   /lib/x86_64-linux-gnu/libssl.so.1.0.0
7f0eb1342000-7f0eb1542000 ---p 00054000 08:46 10489450                   /lib/x86_64-linux-gnu/libssl.so.1.0.0
7f0eb1542000-7f0eb1545000 r--p 00054000 08:46 10489450                   /lib/x86_64-linux-gnu/libssl.so.1.0.0
7f0eb1545000-7f0eb154b000 rw-p 00057000 08:46 10489450                   /lib/x86_64-linux-gnu/libssl.so.1.0.0
7f0eb154b000-7f0eb154c000 rw-p 00000000 00:00 0 
7f0eb154c000-7f0eb154e000 r-xp 00000000 08:46 10485894                   /lib/x86_64-linux-gnu/libutil-2.15.so
7f0eb154e000-7f0eb174d000 ---p 00002000 08:46 10485894                   /lib/x86_64-linux-gnu/libutil-2.15.so
7f0eb174d000-7f0eb174e000 r--p 00001000 08:46 10485894                   /lib/x86_64-linux-gnu/libutil-2.15.so
7f0eb174e000-7f0eb174f000 rw-p 00002000 08:46 10485894                   /lib/x86_64-linux-gnu/libutil-2.15.so
7f0eb174f000-7f0eb1751000 r-xp 00000000 08:46 10485772                   /lib/x86_64-linux-gnu/libdl-2.15.so
7f0eb1751000-7f0eb1951000 ---p 00002000 08:46 10485772                   /lib/x86_64-linux-gnu/libdl-2.15.so
7f0eb1951000-7f0eb1952000 r--p 00002000 08:46 10485772                   /lib/x86_64-linux-gnu/libdl-2.15.so
7f0eb1952000-7f0eb1953000 rw-p 00003000 08:46 10485772                   /lib/x86_64-linux-gnu/libdl-2.15.so
7f0eb1953000-7f0eb196b000 r-xp 00000000 08:46 10485881                   /lib/x86_64-linux-gnu/libpthread-2.15.so
7f0eb196b000-7f0eb1b6a000 ---p 00018000 08:46 10485881                   /lib/x86_64-linux-gnu/libpthread-2.15.so
7f0eb1b6a000-7f0eb1b6b000 r--p 00017000 08:46 10485881                   /lib/x86_64-linux-gnu/libpthread-2.15.so
7f0eb1b6b000-7f0eb1b6c000 rw-p 00018000 08:46 10485881                   /lib/x86_64-linux-gnu/libpthread-2.15.so
7f0eb1b6c000-7f0eb1b70000 rw-p 00000000 00:00 0 
7f0eb1b70000-7f0eb1b92000 r-xp 00000000 08:46 10485893                   /lib/x86_64-linux-gnu/ld-2.15.so
7f0eb1be0000-7f0eb1bea000 r--s 00254000 08:46 3279237                    /usr/lib/jvm/java-7-oracle/jre/lib/resources.jar
7f0eb1bea000-7f0eb1bec000 r--s 00016000 08:45 45744151                   /home/michal/repo/liner2/lib/ini4j-0.5.0.jar
7f0eb1bec000-7f0eb1bee000 r--s 0000d000 08:45 45762292                   /home/michal/repo/liner2/lib/liblinear-1.92.jar
7f0eb1bee000-7f0eb1bf2000 r--s 00030000 08:45 45761047                   /home/michal/repo/liner2/lib/nlog4j-1.2.25.jar
7f0eb1bf2000-7f0eb1bfd000 r--s 000ad000 08:45 45761050                   /home/michal/repo/liner2/lib/maltparser-1.7.1.jar
7f0eb1bfd000-7f0eb1bff000 r--s 00010000 08:45 45744220                   /home/michal/repo/liner2/lib/princetonAdapter.jar
7f0eb1bff000-7f0eb1c3c000 r--s 005f1000 08:45 45744162                   /home/michal/repo/liner2/lib/weka-3.6.9.jar
7f0eb1c3c000-7f0eb1cbe000 rw-p 00000000 00:00 0 
7f0eb1cc0000-7f0eb1cc7000 r--s 000b2000 08:45 45744222                   /home/michal/repo/liner2/lib/mysql-connector-java-5.1.10.jar
7f0eb1cc7000-7f0eb1cd2000 rw-p 00000000 00:00 0 
7f0eb1cd2000-7f0eb1cf0000 rw-p 00000000 00:00 0 
7f0eb1cf0000-7f0eb1d78000 rw-p 00000000 00:00 0 
7f0eb1d7d000-7f0eb1d7e000 r--s 00001000 08:45 45744219                   /home/michal/repo/liner2/lib/CRFPP.jar
7f0eb1d7e000-7f0eb1d86000 rw-s 00000000 08:46 8126622                    /tmp/hsperfdata_michal/28863
7f0eb1d86000-7f0eb1d87000 rw-p 00000000 00:00 0 
7f0eb1d87000-7f0eb1d88000 r--p 00000000 00:00 0 
7f0eb1d88000-7f0eb1d8f000 r--s 00000000 08:46 2622641                    /usr/lib/x86_64-linux-gnu/gconv/gconv-modules.cache
7f0eb1d8f000-7f0eb1d92000 rw-p 00000000 00:00 0 
7f0eb1d92000-7f0eb1d93000 r--p 00022000 08:46 10485893                   /lib/x86_64-linux-gnu/ld-2.15.so
7f0eb1d93000-7f0eb1d95000 rw-p 00023000 08:46 10485893                   /lib/x86_64-linux-gnu/ld-2.15.so
7fff443c8000-7fff443cb000 ---p 00000000 00:00 0 
7fff443cc000-7fff444c8000 rw-p 00000000 00:00 0                          [stack]
7fff445cb000-7fff445cc000 r-xp 00000000 00:00 0                          [vdso]
ffffffffff600000-ffffffffff601000 r-xp 00000000 00:00 0                  [vsyscall]

VM Arguments:
jvm_args: -Djava.library.path=../lib 
java_command: <unknown>
Launcher Type: generic

Environment Variables:
JAVA_HOME=/usr/lib/jvm/java-7-oracle
PATH=/usr/lib/lightdm/lightdm:/usr/local/sbin:/usr/local/bin:/usr/sbin:/usr/bin:/sbin:/bin:/usr/games
SHELL=/bin/bash
DISPLAY=:0

Signal Handlers:
SIGSEGV: [libjvm.so+0x8a26a0], sa_mask[0]=0x7ffbfeff, sa_flags=0x10000004
SIGBUS: [libjvm.so+0x8a26a0], sa_mask[0]=0x7ffbfeff, sa_flags=0x10000004
SIGFPE: [libjvm.so+0x73f3d0], sa_mask[0]=0x7ffbfeff, sa_flags=0x10000004
SIGPIPE: [libjvm.so+0x73f3d0], sa_mask[0]=0x7ffbfeff, sa_flags=0x10000004
SIGXFSZ: [libjvm.so+0x73f3d0], sa_mask[0]=0x7ffbfeff, sa_flags=0x10000004
SIGILL: [libjvm.so+0x73f3d0], sa_mask[0]=0x7ffbfeff, sa_flags=0x10000004
SIGUSR1: SIG_DFL, sa_mask[0]=0x00000000, sa_flags=0x00000000
SIGUSR2: [libjvm.so+0x73ed20], sa_mask[0]=0x00000000, sa_flags=0x10000004
SIGHUP: [libjvm.so+0x7410b0], sa_mask[0]=0x7ffbfeff, sa_flags=0x10000004
SIGINT: [libjvm.so+0x7410b0], sa_mask[0]=0x7ffbfeff, sa_flags=0x10000004
SIGTERM: [libjvm.so+0x7410b0], sa_mask[0]=0x7ffbfeff, sa_flags=0x10000004
SIGQUIT: [libjvm.so+0x7410b0], sa_mask[0]=0x7ffbfeff, sa_flags=0x10000004


---------------  S Y S T E M  ---------------

OS:wheezy/sid

uname:Linux 3.5.0-36-generic #57~precise1-Ubuntu SMP Thu Jun 20 18:21:09 UTC 2013 x86_64
libc:glibc 2.15 NPTL 2.15 
rlimit: STACK 8192k, CORE 0k, NPROC 95980, NOFILE 4096, AS infinity
load average:0.20 0.58 0.52

/proc/meminfo:
MemTotal:       12304192 kB
MemFree:         5956988 kB
Buffers:          324948 kB
Cached:          2474796 kB
SwapCached:         3864 kB
Active:          4150972 kB
Inactive:        1635148 kB
Active(anon):    2315756 kB
Inactive(anon):   697576 kB
Active(file):    1835216 kB
Inactive(file):   937572 kB
Unevictable:         112 kB
Mlocked:             112 kB
SwapTotal:      27734428 kB
SwapFree:       27707040 kB
Dirty:               156 kB
Writeback:             0 kB
AnonPages:       2983232 kB
Mapped:           240884 kB
Shmem:             26956 kB
Slab:             357076 kB
SReclaimable:     311832 kB
SUnreclaim:        45244 kB
KernelStack:        5128 kB
PageTables:        35452 kB
NFS_Unstable:          0 kB
Bounce:                0 kB
WritebackTmp:          0 kB
CommitLimit:    33886524 kB
Committed_AS:    5946528 kB
VmallocTotal:   34359738367 kB
VmallocUsed:      367284 kB
VmallocChunk:   34359360424 kB
HardwareCorrupted:     0 kB
AnonHugePages:         0 kB
HugePages_Total:       0
HugePages_Free:        0
HugePages_Rsvd:        0
HugePages_Surp:        0
Hugepagesize:       2048 kB
DirectMap4k:      159616 kB
DirectMap2M:    12421120 kB


CPU:total 8 (4 cores per cpu, 2 threads per core) family 6 model 26 stepping 5, cmov, cx8, fxsr, mmx, sse, sse2, sse3, ssse3, sse4.1, sse4.2, popcnt, ht, tsc, tscinvbit, tscinv

/proc/cpuinfo:
processor	: 0
vendor_id	: GenuineIntel
cpu family	: 6
model		: 26
model name	: Intel(R) Core(TM) i7 CPU         920  @ 2.67GHz
stepping	: 5
microcode	: 0xf
cpu MHz		: 2793.000
cache size	: 8192 KB
physical id	: 0
siblings	: 8
core id		: 0
cpu cores	: 4
apicid		: 0
initial apicid	: 0
fpu		: yes
fpu_exception	: yes
cpuid level	: 11
wp		: yes
flags		: fpu vme de pse tsc msr pae mce cx8 apic sep mtrr pge mca cmov pat pse36 clflush dts acpi mmx fxsr sse sse2 ss ht tm pbe syscall nx rdtscp lm constant_tsc arch_perfmon pebs bts rep_good nopl xtopology nonstop_tsc aperfmperf pni dtes64 monitor ds_cpl vmx est tm2 ssse3 cx16 xtpr pdcm sse4_1 sse4_2 popcnt lahf_lm ida dtherm tpr_shadow vnmi flexpriority ept vpid
bogomips	: 5397.23
clflush size	: 64
cache_alignment	: 64
address sizes	: 36 bits physical, 48 bits virtual
power management:

processor	: 1
vendor_id	: GenuineIntel
cpu family	: 6
model		: 26
model name	: Intel(R) Core(TM) i7 CPU         920  @ 2.67GHz
stepping	: 5
microcode	: 0xf
cpu MHz		: 1596.000
cache size	: 8192 KB
physical id	: 0
siblings	: 8
core id		: 1
cpu cores	: 4
apicid		: 2
initial apicid	: 2
fpu		: yes
fpu_exception	: yes
cpuid level	: 11
wp		: yes
flags		: fpu vme de pse tsc msr pae mce cx8 apic sep mtrr pge mca cmov pat pse36 clflush dts acpi mmx fxsr sse sse2 ss ht tm pbe syscall nx rdtscp lm constant_tsc arch_perfmon pebs bts rep_good nopl xtopology nonstop_tsc aperfmperf pni dtes64 monitor ds_cpl vmx est tm2 ssse3 cx16 xtpr pdcm sse4_1 sse4_2 popcnt lahf_lm ida dtherm tpr_shadow vnmi flexpriority ept vpid
bogomips	: 5397.23
clflush size	: 64
cache_alignment	: 64
address sizes	: 36 bits physical, 48 bits virtual
power management:

processor	: 2
vendor_id	: GenuineIntel
cpu family	: 6
model		: 26
model name	: Intel(R) Core(TM) i7 CPU         920  @ 2.67GHz
stepping	: 5
microcode	: 0xf
cpu MHz		: 2793.000
cache size	: 8192 KB
physical id	: 0
siblings	: 8
core id		: 2
cpu cores	: 4
apicid		: 4
initial apicid	: 4
fpu		: yes
fpu_exception	: yes
cpuid level	: 11
wp		: yes
flags		: fpu vme de pse tsc msr pae mce cx8 apic sep mtrr pge mca cmov pat pse36 clflush dts acpi mmx fxsr sse sse2 ss ht tm pbe syscall nx rdtscp lm constant_tsc arch_perfmon pebs bts rep_good nopl xtopology nonstop_tsc aperfmperf pni dtes64 monitor ds_cpl vmx est tm2 ssse3 cx16 xtpr pdcm sse4_1 sse4_2 popcnt lahf_lm ida dtherm tpr_shadow vnmi flexpriority ept vpid
bogomips	: 5397.23
clflush size	: 64
cache_alignment	: 64
address sizes	: 36 bits physical, 48 bits virtual
power management:

processor	: 3
vendor_id	: GenuineIntel
cpu family	: 6
model		: 26
model name	: Intel(R) Core(TM) i7 CPU         920  @ 2.67GHz
stepping	: 5
microcode	: 0xf
cpu MHz		: 1596.000
cache size	: 8192 KB
physical id	: 0
siblings	: 8
core id		: 3
cpu cores	: 4
apicid		: 6
initial apicid	: 6
fpu		: yes
fpu_exception	: yes
cpuid level	: 11
wp		: yes
flags		: fpu vme de pse tsc msr pae mce cx8 apic sep mtrr pge mca cmov pat pse36 clflush dts acpi mmx fxsr sse sse2 ss ht tm pbe syscall nx rdtscp lm constant_tsc arch_perfmon pebs bts rep_good nopl xtopology nonstop_tsc aperfmperf pni dtes64 monitor ds_cpl vmx est tm2 ssse3 cx16 xtpr pdcm sse4_1 sse4_2 popcnt lahf_lm ida dtherm tpr_shadow vnmi flexpriority ept vpid
bogomips	: 5397.23
clflush size	: 64
cache_alignment	: 64
address sizes	: 36 bits physical, 48 bits virtual
power management:

processor	: 4
vendor_id	: GenuineIntel
cpu family	: 6
model		: 26
model name	: Intel(R) Core(TM) i7 CPU         920  @ 2.67GHz
stepping	: 5
microcode	: 0xf
cpu MHz		: 1596.000
cache size	: 8192 KB
physical id	: 0
siblings	: 8
core id		: 0
cpu cores	: 4
apicid		: 1
initial apicid	: 1
fpu		: yes
fpu_exception	: yes
cpuid level	: 11
wp		: yes
flags		: fpu vme de pse tsc msr pae mce cx8 apic sep mtrr pge mca cmov pat pse36 clflush dts acpi mmx fxsr sse sse2 ss ht tm pbe syscall nx rdtscp lm constant_tsc arch_perfmon pebs bts rep_good nopl xtopology nonstop_tsc aperfmperf pni dtes64 monitor ds_cpl vmx est tm2 ssse3 cx16 xtpr pdcm sse4_1 sse4_2 popcnt lahf_lm ida dtherm tpr_shadow vnmi flexpriority ept vpid
bogomips	: 5397.23
clflush size	: 64
cache_alignment	: 64
address sizes	: 36 bits physical, 48 bits virtual
power management:

processor	: 5
vendor_id	: GenuineIntel
cpu family	: 6
model		: 26
model name	: Intel(R) Core(TM) i7 CPU         920  @ 2.67GHz
stepping	: 5
microcode	: 0xf
cpu MHz		: 1596.000
cache size	: 8192 KB
physical id	: 0
siblings	: 8
core id		: 1
cpu cores	: 4
apicid		: 3
initial apicid	: 3
fpu		: yes
fpu_exception	: yes
cpuid level	: 11
wp		: yes
flags		: fpu vme de pse tsc msr pae mce cx8 apic sep mtrr pge mca cmov pat pse36 clflush dts acpi mmx fxsr sse sse2 ss ht tm pbe syscall nx rdtscp lm constant_tsc arch_perfmon pebs bts rep_good nopl xtopology nonstop_tsc aperfmperf pni dtes64 monitor ds_cpl vmx est tm2 ssse3 cx16 xtpr pdcm sse4_1 sse4_2 popcnt lahf_lm ida dtherm tpr_shadow vnmi flexpriority ept vpid
bogomips	: 5397.23
clflush size	: 64
cache_alignment	: 64
address sizes	: 36 bits physical, 48 bits virtual
power management:

processor	: 6
vendor_id	: GenuineIntel
cpu family	: 6
model		: 26
model name	: Intel(R) Core(TM) i7 CPU         920  @ 2.67GHz
stepping	: 5
microcode	: 0xf
cpu MHz		: 1596.000
cache size	: 8192 KB
physical id	: 0
siblings	: 8
core id		: 2
cpu cores	: 4
apicid		: 5
initial apicid	: 5
fpu		: yes
fpu_exception	: yes
cpuid level	: 11
wp		: yes
flags		: fpu vme de pse tsc msr pae mce cx8 apic sep mtrr pge mca cmov pat pse36 clflush dts acpi mmx fxsr sse sse2 ss ht tm pbe syscall nx rdtscp lm constant_tsc arch_perfmon pebs bts rep_good nopl xtopology nonstop_tsc aperfmperf pni dtes64 monitor ds_cpl vmx est tm2 ssse3 cx16 xtpr pdcm sse4_1 sse4_2 popcnt lahf_lm ida dtherm tpr_shadow vnmi flexpriority ept vpid
bogomips	: 5397.23
clflush size	: 64
cache_alignment	: 64
address sizes	: 36 bits physical, 48 bits virtual
power management:

processor	: 7
vendor_id	: GenuineIntel
cpu family	: 6
model		: 26
model name	: Intel(R) Core(TM) i7 CPU         920  @ 2.67GHz
stepping	: 5
microcode	: 0xf
cpu MHz		: 1596.000
cache size	: 8192 KB
physical id	: 0
siblings	: 8
core id		: 3
cpu cores	: 4
apicid		: 7
initial apicid	: 7
fpu		: yes
fpu_exception	: yes
cpuid level	: 11
wp		: yes
flags		: fpu vme de pse tsc msr pae mce cx8 apic sep mtrr pge mca cmov pat pse36 clflush dts acpi mmx fxsr sse sse2 ss ht tm pbe syscall nx rdtscp lm constant_tsc arch_perfmon pebs bts rep_good nopl xtopology nonstop_tsc aperfmperf pni dtes64 monitor ds_cpl vmx est tm2 ssse3 cx16 xtpr pdcm sse4_1 sse4_2 popcnt lahf_lm ida dtherm tpr_shadow vnmi flexpriority ept vpid
bogomips	: 5397.23
clflush size	: 64
cache_alignment	: 64
address sizes	: 36 bits physical, 48 bits virtual
power management:



Memory: 4k page, physical 12304192k(5956988k free), swap 27734428k(27707040k free)

vm_info: Java HotSpot(TM) 64-Bit Server VM (23.25-b01) for linux-amd64 JRE (1.7.0_25-b15), built on Jun  5 2013 20:48:36 by "java_re" with gcc 4.3.0 20080428 (Red Hat 4.3.0-8)

time: Mon Aug 19 09:31:11 2013
elapsed time: 34 seconds

