#
# A fatal error has been detected by the Java Runtime Environment:
#
#  SIGSEGV (0xb) at pc=0x00007f81e2e29c90, pid=28416, tid=140195915273984
#
# JRE version: 7.0_25-b15
# Java VM: Java HotSpot(TM) 64-Bit Server VM (23.25-b01 mixed mode linux-amd64 compressed oops)
# Problematic frame:
# C  [_jpype.so+0x48c90]  JPJavaEnv::GetEnv(JNIEnv_**)+0x0
#
# Failed to write core dump. Core dumps have been disabled. To enable core dumping, try "ulimit -c unlimited" before starting Java again
#
# If you would like to submit a bug report, please visit:
#   http://bugreport.sun.com/bugreport/crash.jsp
# The crash happened outside the Java Virtual Machine in native code.
# See problematic frame for where to report the bug.
#

---------------  T H R E A D  ---------------

Current thread (0x0000000001ae6800):  JavaThread "main" [_thread_in_native, id=28416, stack(0x00007fff3fcaa000,0x00007fff3fdaa000)]

siginfo:si_signo=SIGSEGV: si_errno=0, si_code=1 (SEGV_MAPERR), si_addr=0x0000000000000008

Registers:
RAX=0x00007f81e306d670, RBX=0x0000000001e0c190, RCX=0x0000000000024de0, RDX=0x0000000000000000
RSP=0x00007fff3fda7698, RBP=0x0000000001e83310, RSI=0x00007fff3fda76a8, RDI=0x0000000000000000
R8 =0x00007f81e283e1a4, R9 =0x0000000000000000, R10=0x00007fff3fda72a0, R11=0x0000000001eb47c0
R12=0x0000000000000000, R13=0x0000000000571c50, R14=0x0000000000000000, R15=0x0000000000ddbf34
RIP=0x00007f81e2e29c90, EFLAGS=0x0000000000010206, CSGSFS=0x0000000000000033, ERR=0x0000000000000004
  TRAPNO=0x000000000000000e

Top of Stack: (sp=0x00007fff3fda7698)
0x00007fff3fda7698:   00007f81e2e29cce 00000000015040f0
0x00007fff3fda76a8:   00007f81e2768972 0000000000ddbf34
0x00007fff3fda76b8:   00007f81e2e29f49 0000000001e8a150
0x00007fff3fda76c8:   00007f81e2e3a395 0000000001e8a150
0x00007fff3fda76d8:   00007f81e2e3a3c9 0000000001c0cb70
0x00007fff3fda76e8:   00000000005749bc 0000000001e833f0
0x00007fff3fda76f8:   000000000053724d 00000000014f75d0
0x00007fff3fda7708:   00000000014f75e0 000000000089d180
0x00007fff3fda7718:   000000000045c4c8 0000000000000001
0x00007fff3fda7728:   0000000001fa6360 0000000001eb3f70
0x00007fff3fda7738:   0000000001f4f948 0000000001ea1c10
0x00007fff3fda7748:   0000000000000006 0000000001f82050
0x00007fff3fda7758:   00000000013b8438 0000000000ddbf34
0x00007fff3fda7768:   000000000053724d 0000000001e88670
0x00007fff3fda7778:   0000000001e884c0 0000000001e88670
0x00007fff3fda7788:   0000000000536aff 0000000001510320
0x00007fff3fda7798:   00007f81e7b6de40 0034c0422a9b103c
0x00007fff3fda77a8:   000000000056eae6 0000000001510368
0x00007fff3fda77b8:   000000000056eb4c 00000000015103b0
0x00007fff3fda77c8:   000000000056eb4c 00000000013bb420
0x00007fff3fda77d8:   000000000054d375 0000000000000000
0x00007fff3fda77e8:   00000000005467bf 00000000013bb420
0x00007fff3fda77f8:   0000000000000010 0000000001f82050
0x00007fff3fda7808:   00000000013bb420 0000000000fa7b40
0x00007fff3fda7818:   00000000005209e9 0000000000d188d0
0x00007fff3fda7828:   0000000001f82050 0000000000000000
0x00007fff3fda7838:   00007f81e7b6de40 0000000000d188e0
0x00007fff3fda7848:   00000000004a22fb 00000000012b6418
0x00007fff3fda7858:   0000000000d188d0 0000000001f82050
0x00007fff3fda7868:   0000000000fa7b40 0000000001f45540
0x00007fff3fda7878:   0000000000ddbf61 0000000000ddbf34
0x00007fff3fda7888:   00000000004a25dd 00000000014c1c78 

Instructions: (pc=0x00007f81e2e29c90)
0x00007f81e2e29c70:   c0 5b c3 90 66 66 66 2e 0f 1f 84 00 00 00 00 00
0x00007f81e2e29c80:   48 8b 7f 08 48 8b 07 48 8b 40 28 ff e0 90 66 90
0x00007f81e2e29c90:   48 8b 7f 08 48 85 ff 74 17 48 8b 07 ba 02 00 01
0x00007f81e2e29ca0:   00 48 8b 40 30 ff e0 66 0f 1f 84 00 00 00 00 00 

Register to memory mapping:

RAX=0x00007f81e306d670: _ZN5JPEnv6s_JavaE+0 in /usr/lib/python2.7/dist-packages/_jpype.so at 0x00007f81e2de1000
RBX=0x0000000001e0c190 is a global jni handle
RCX=0x0000000000024de0 is an unknown value
RDX=0x0000000000000000 is an unknown value
RSP=0x00007fff3fda7698 is pointing into the stack for thread: 0x0000000001ae6800
RBP=0x0000000001e83310 is an unknown value
RSI=0x00007fff3fda76a8 is pointing into the stack for thread: 0x0000000001ae6800
RDI=0x0000000000000000 is an unknown value
R8 =0x00007f81e283e1a4: <offset 0x1341a4> in /usr/local/lib/python2.7/dist-packages/_corpus2.so at 0x00007f81e270a000
R9 =0x0000000000000000 is an unknown value
R10=0x00007fff3fda72a0 is pointing into the stack for thread: 0x0000000001ae6800
R11=0x0000000001eb47c0 is an unknown value
R12=0x0000000000000000 is an unknown value
R13=0x0000000000571c50: <offset 0x171c50> in python at 0x0000000000400000
R14=0x0000000000000000 is an unknown value
R15=0x0000000000ddbf34 is an unknown value


Stack: [0x00007fff3fcaa000,0x00007fff3fdaa000],  sp=0x00007fff3fda7698,  free space=1013k
Native frames: (J=compiled Java code, j=interpreted, Vv=VM code, C=native code)
C  [_jpype.so+0x48c90]  JPJavaEnv::GetEnv(JNIEnv_**)+0x0


---------------  P R O C E S S  ---------------

Java Threads: ( => current thread )
  0x0000000001ebf000 JavaThread "process reaper" daemon [_thread_blocked, id=28531, stack(0x00007f81d3754000,0x00007f81d377c000)]
  0x0000000001e04000 JavaThread "Thread-0" [_thread_blocked, id=28524, stack(0x00007f81d3783000,0x00007f81d3884000)]
  0x0000000001dde800 JavaThread "Service Thread" daemon [_thread_blocked, id=28522, stack(0x00007f81d3985000,0x00007f81d3a86000)]
  0x0000000001ddc800 JavaThread "C2 CompilerThread1" daemon [_thread_blocked, id=28521, stack(0x00007f81d3a86000,0x00007f81d3b87000)]
  0x0000000001dd9800 JavaThread "C2 CompilerThread0" daemon [_thread_blocked, id=28520, stack(0x00007f81d3b87000,0x00007f81d3c88000)]
  0x0000000001dd7800 JavaThread "Signal Dispatcher" daemon [_thread_blocked, id=28519, stack(0x00007f81d3c88000,0x00007f81d3d89000)]
  0x0000000001b7c000 JavaThread "Finalizer" daemon [_thread_blocked, id=28518, stack(0x00007f81d3d89000,0x00007f81d3e8a000)]
  0x0000000001b79800 JavaThread "Reference Handler" daemon [_thread_blocked, id=28517, stack(0x00007f818ac9e000,0x00007f818ad9f000)]
=>0x0000000001ae6800 JavaThread "main" [_thread_in_native, id=28416, stack(0x00007fff3fcaa000,0x00007fff3fdaa000)]

Other Threads:
  0x000000000177d000 VMThread [stack: 0x00007f818ad9f000,0x00007f818aea0000] [id=28516]
  0x0000000001de9800 WatcherThread [stack: 0x00007f81d3884000,0x00007f81d3985000] [id=28523]

VM state:not at safepoint (normal execution)

VM Mutex/Monitor currently owned by a thread: None

Heap
 PSYoungGen      total 56064K, used 4807K [0x00000007c16b0000, 0x00000007c5540000, 0x0000000800000000)
  eden space 48064K, 10% used [0x00000007c16b0000,0x00000007c1b61cd8,0x00000007c45a0000)
  from space 8000K, 0% used [0x00000007c4d70000,0x00000007c4d70000,0x00000007c5540000)
  to   space 8000K, 0% used [0x00000007c45a0000,0x00000007c45a0000,0x00000007c4d70000)
 ParOldGen       total 128192K, used 0K [0x0000000744400000, 0x000000074c130000, 0x00000007c16b0000)
  object space 128192K, 0% used [0x0000000744400000,0x0000000744400000,0x000000074c130000)
 PSPermGen       total 21248K, used 4985K [0x000000073f200000, 0x00000007406c0000, 0x0000000744400000)
  object space 21248K, 23% used [0x000000073f200000,0x000000073f6de6f0,0x00000007406c0000)

Card table byte_map: [0x00007f81d497b000,0x00007f81d4f83000] byte_map_base: 0x00007f81d0f82000

Polling page: 0x00007f81e7bbd000

Code Cache  [0x00007f81d4f83000, 0x00007f81d51f3000, 0x00007f81d7f83000)
 total_blobs=216 nmethods=12 adapters=157 free_code_cache=48746Kb largest_free_block=49899264

Compilation events (10 events):
Event: 0.127 Thread 0x0000000001ddc800    7             java.lang.String::lastIndexOf (52 bytes)
Event: 0.129 Thread 0x0000000001ddc800 nmethod 7 0x00007f81d4fe77d0 code [0x00007f81d4fe7920, 0x00007f81d4fe7aa8]
Event: 4.874 Thread 0x0000000001dd9800    9             sun.nio.cs.UTF_8$Encoder::encode (361 bytes)
Event: 4.875 Thread 0x0000000001ddc800   10             java.lang.String::length (6 bytes)
Event: 4.875 Thread 0x0000000001ddc800 nmethod 10 0x00007f81d4fe6750 code [0x00007f81d4fe6880, 0x00007f81d4fe68f8]
Event: 4.881 Thread 0x0000000001dd9800 nmethod 9 0x00007f81d4fe8a50 code [0x00007f81d4fe8bc0, 0x00007f81d4fe90e8]
Event: 4.903 Thread 0x0000000001ddc800   11             java.util.Arrays::fill (28 bytes)
Event: 4.904 Thread 0x0000000001ddc800 nmethod 11 0x00007f81d4fe9410 code [0x00007f81d4fe9560, 0x00007f81d4fe9678]
Event: 4.904 Thread 0x0000000001dd9800   12             java.lang.String::startsWith (72 bytes)
Event: 4.907 Thread 0x0000000001dd9800 nmethod 12 0x00007f81d4fe5a50 code [0x00007f81d4fe5ba0, 0x00007f81d4fe5d58]

GC Heap History (0 events):
No events

Deoptimization events (0 events):
No events

Internal exceptions (10 events):
Event: 4.880 Thread 0x0000000001ae6800 Threw 0x00000007c19abb50 at /HUDSON/workspace/jdk7u25-2-build-linux-amd64-product/jdk7u25/hotspot/src/share/vm/prims/jvm.cpp:1235
Event: 4.880 Thread 0x0000000001ae6800 Threw 0x00000007c19abc78 at /HUDSON/workspace/jdk7u25-2-build-linux-amd64-product/jdk7u25/hotspot/src/share/vm/prims/jvm.cpp:1235
Event: 4.884 Thread 0x0000000001ae6800 Threw 0x00000007c19b44d8 at /HUDSON/workspace/jdk7u25-2-build-linux-amd64-product/jdk7u25/hotspot/src/share/vm/prims/jvm.cpp:1235
Event: 4.885 Thread 0x0000000001ae6800 Threw 0x00000007c19b74f8 at /HUDSON/workspace/jdk7u25-2-build-linux-amd64-product/jdk7u25/hotspot/src/share/vm/prims/jvm.cpp:1235
Event: 4.885 Thread 0x0000000001ae6800 Threw 0x00000007c19b9cd0 at /HUDSON/workspace/jdk7u25-2-build-linux-amd64-product/jdk7u25/hotspot/src/share/vm/prims/jvm.cpp:1235
Event: 4.886 Thread 0x0000000001ae6800 Threw 0x00000007c19bc428 at /HUDSON/workspace/jdk7u25-2-build-linux-amd64-product/jdk7u25/hotspot/src/share/vm/prims/jvm.cpp:1235
Event: 4.886 Thread 0x0000000001ae6800 Threw 0x00000007c19c74d8 at /HUDSON/workspace/jdk7u25-2-build-linux-amd64-product/jdk7u25/hotspot/src/share/vm/prims/jvm.cpp:1235
Event: 4.887 Thread 0x0000000001ae6800 Threw 0x00000007c19cc470 at /HUDSON/workspace/jdk7u25-2-build-linux-amd64-product/jdk7u25/hotspot/src/share/vm/prims/jvm.cpp:1235
Event: 4.887 Thread 0x0000000001ae6800 Threw 0x00000007c19d15b0 at /HUDSON/workspace/jdk7u25-2-build-linux-amd64-product/jdk7u25/hotspot/src/share/vm/prims/jvm.cpp:1235
Event: 4.887 Thread 0x0000000001ae6800 Threw 0x00000007c19d4718 at /HUDSON/workspace/jdk7u25-2-build-linux-amd64-product/jdk7u25/hotspot/src/share/vm/prims/jvm.cpp:1235

Events (10 events):
Event: 4.908 loading class 0x0000000001f17f80
Event: 4.908 loading class 0x0000000001f17f80 done
Event: 4.908 loading class 0x0000000001f1ef70
Event: 4.908 loading class 0x0000000001f1ef70 done
Event: 4.908 loading class 0x0000000001f2bb70
Event: 4.908 loading class 0x0000000001f2bb70 done
Event: 4.908 loading class 0x0000000001f3c690
Event: 4.909 loading class 0x0000000001f3c690 done
Event: 4.909 Executing VM operation: RevokeBias
Event: 4.909 Executing VM operation: RevokeBias done


Dynamic libraries:
00400000-00672000 r-xp 00000000 08:46 2361075                            /usr/bin/python2.7
00871000-00872000 r--p 00271000 08:46 2361075                            /usr/bin/python2.7
00872000-008db000 rw-p 00272000 08:46 2361075                            /usr/bin/python2.7
008db000-008ed000 rw-p 00000000 00:00 0 
00a87000-01fc1000 rw-p 00000000 00:00 0                                  [heap]
73f200000-7406c0000 rw-p 00000000 00:00 0 
7406c0000-744400000 rw-p 00000000 00:00 0 
744400000-74c130000 rw-p 00000000 00:00 0 
74c130000-7c16b0000 rw-p 00000000 00:00 0 
7c16b0000-7c5540000 rw-p 00000000 00:00 0 
7c5540000-800000000 rw-p 00000000 00:00 0 
7f815c000000-7f815c021000 rw-p 00000000 00:00 0 
7f815c021000-7f8160000000 ---p 00000000 00:00 0 
7f8164000000-7f8164021000 rw-p 00000000 00:00 0 
7f8164021000-7f8168000000 ---p 00000000 00:00 0 
7f8168000000-7f8168021000 rw-p 00000000 00:00 0 
7f8168021000-7f816c000000 ---p 00000000 00:00 0 
7f816c000000-7f816c033000 rw-p 00000000 00:00 0 
7f816c033000-7f8170000000 ---p 00000000 00:00 0 
7f8170000000-7f8170021000 rw-p 00000000 00:00 0 
7f8170021000-7f8174000000 ---p 00000000 00:00 0 
7f8174000000-7f8174021000 rw-p 00000000 00:00 0 
7f8174021000-7f8178000000 ---p 00000000 00:00 0 
7f8178000000-7f81780a5000 rw-p 00000000 00:00 0 
7f81780a5000-7f817c000000 ---p 00000000 00:00 0 
7f817c000000-7f817c021000 rw-p 00000000 00:00 0 
7f817c021000-7f8180000000 ---p 00000000 00:00 0 
7f8180000000-7f8180021000 rw-p 00000000 00:00 0 
7f8180021000-7f8184000000 ---p 00000000 00:00 0 
7f8184000000-7f8184021000 rw-p 00000000 00:00 0 
7f8184021000-7f8188000000 ---p 00000000 00:00 0 
7f818ac9e000-7f818aca1000 ---p 00000000 00:00 0 
7f818aca1000-7f818ad9f000 rw-p 00000000 00:00 0                          [stack:28517]
7f818ad9f000-7f818ada0000 ---p 00000000 00:00 0 
7f818ada0000-7f818c5b7000 rw-p 00000000 00:00 0                          [stack:28516]
7f818c5b7000-7f818c774000 r--s 039f9000 08:46 3279240                    /usr/lib/jvm/java-7-oracle/jre/lib/rt.jar
7f818c774000-7f8194000000 rw-p 00000000 00:00 0 
7f8194000000-7f8194021000 rw-p 00000000 00:00 0 
7f8194021000-7f8198000000 ---p 00000000 00:00 0 
7f819c000000-7f819c021000 rw-p 00000000 00:00 0 
7f819c021000-7f81a0000000 ---p 00000000 00:00 0 
7f81a4000000-7f81a4021000 rw-p 00000000 00:00 0 
7f81a4021000-7f81a8000000 ---p 00000000 00:00 0 
7f81ac000000-7f81ac021000 rw-p 00000000 00:00 0 
7f81ac021000-7f81b0000000 ---p 00000000 00:00 0 
7f81b4000000-7f81b4021000 rw-p 00000000 00:00 0 
7f81b4021000-7f81b8000000 ---p 00000000 00:00 0 
7f81bc000000-7f81bc021000 rw-p 00000000 00:00 0 
7f81bc021000-7f81c0000000 ---p 00000000 00:00 0 
7f81c4000000-7f81c4021000 rw-p 00000000 00:00 0 
7f81c4021000-7f81c8000000 ---p 00000000 00:00 0 
7f81cc000000-7f81cc021000 rw-p 00000000 00:00 0 
7f81cc021000-7f81d0000000 ---p 00000000 00:00 0 
7f81d3754000-7f81d3757000 ---p 00000000 00:00 0 
7f81d3757000-7f81d377c000 rw-p 00000000 00:00 0                          [stack:28531]
7f81d377c000-7f81d377e000 r--s 00009000 08:45 45744223                   /home/michal/repo/liner2/lib/commons-cli-1.2.jar
7f81d377e000-7f81d3782000 r--s 00034000 08:45 45615882                   /home/michal/repo/liner2/liner2.jar
7f81d3782000-7f81d3783000 rw-p 00000000 00:00 0 
7f81d3783000-7f81d3786000 ---p 00000000 00:00 0 
7f81d3786000-7f81d3884000 rw-p 00000000 00:00 0                          [stack:28524]
7f81d3884000-7f81d3885000 ---p 00000000 00:00 0 
7f81d3885000-7f81d3985000 rw-p 00000000 00:00 0                          [stack:28523]
7f81d3985000-7f81d3988000 ---p 00000000 00:00 0 
7f81d3988000-7f81d3a86000 rw-p 00000000 00:00 0                          [stack:28522]
7f81d3a86000-7f81d3a89000 ---p 00000000 00:00 0 
7f81d3a89000-7f81d3b87000 rw-p 00000000 00:00 0                          [stack:28521]
7f81d3b87000-7f81d3b8a000 ---p 00000000 00:00 0 
7f81d3b8a000-7f81d3c88000 rw-p 00000000 00:00 0                          [stack:28520]
7f81d3c88000-7f81d3c8b000 ---p 00000000 00:00 0 
7f81d3c8b000-7f81d3d89000 rw-p 00000000 00:00 0                          [stack:28519]
7f81d3d89000-7f81d3d8c000 ---p 00000000 00:00 0 
7f81d3d8c000-7f81d3e8a000 rw-p 00000000 00:00 0                          [stack:28518]
7f81d3e8a000-7f81d3e8b000 ---p 00000000 00:00 0 
7f81d3e8b000-7f81d3f8b000 rw-p 00000000 00:00 0                          [stack:28515]
7f81d3f8b000-7f81d3f8c000 ---p 00000000 00:00 0 
7f81d3f8c000-7f81d408c000 rw-p 00000000 00:00 0                          [stack:28514]
7f81d408c000-7f81d408d000 ---p 00000000 00:00 0 
7f81d408d000-7f81d418d000 rw-p 00000000 00:00 0                          [stack:28513]
7f81d418d000-7f81d418e000 ---p 00000000 00:00 0 
7f81d418e000-7f81d428e000 rw-p 00000000 00:00 0                          [stack:28512]
7f81d428e000-7f81d428f000 ---p 00000000 00:00 0 
7f81d428f000-7f81d438f000 rw-p 00000000 00:00 0                          [stack:28511]
7f81d438f000-7f81d4390000 ---p 00000000 00:00 0 
7f81d4390000-7f81d4490000 rw-p 00000000 00:00 0                          [stack:28510]
7f81d4490000-7f81d4491000 ---p 00000000 00:00 0 
7f81d4491000-7f81d45d0000 rw-p 00000000 00:00 0                          [stack:28509]
7f81d45d0000-7f81d497b000 rw-p 00000000 00:00 0 
7f81d497b000-7f81d4986000 rw-p 00000000 00:00 0 
7f81d4986000-7f81d49a4000 rw-p 00000000 00:00 0 
7f81d49a4000-7f81d49e3000 rw-p 00000000 00:00 0 
7f81d49e3000-7f81d4d8d000 rw-p 00000000 00:00 0 
7f81d4d8d000-7f81d4dad000 rw-p 00000000 00:00 0 
7f81d4dad000-7f81d4f82000 rw-p 00000000 00:00 0 
7f81d4f82000-7f81d4f83000 rw-p 00000000 00:00 0 
7f81d4f83000-7f81d51f3000 rwxp 00000000 00:00 0 
7f81d51f3000-7f81d7f83000 rw-p 00000000 00:00 0 
7f81d7f83000-7f81d7f9e000 r-xp 00000000 08:46 3408321                    /usr/lib/jvm/java-7-oracle/jre/lib/amd64/libzip.so
7f81d7f9e000-7f81d819d000 ---p 0001b000 08:46 3408321                    /usr/lib/jvm/java-7-oracle/jre/lib/amd64/libzip.so
7f81d819d000-7f81d819e000 rw-p 0001a000 08:46 3408321                    /usr/lib/jvm/java-7-oracle/jre/lib/amd64/libzip.so
7f81d819e000-7f81d81aa000 r-xp 00000000 08:46 10485889                   /lib/x86_64-linux-gnu/libnss_files-2.15.so
7f81d81aa000-7f81d83a9000 ---p 0000c000 08:46 10485889                   /lib/x86_64-linux-gnu/libnss_files-2.15.so
7f81d83a9000-7f81d83aa000 r--p 0000b000 08:46 10485889                   /lib/x86_64-linux-gnu/libnss_files-2.15.so
7f81d83aa000-7f81d83ab000 rw-p 0000c000 08:46 10485889                   /lib/x86_64-linux-gnu/libnss_files-2.15.so
7f81d83ab000-7f81d83b5000 r-xp 00000000 08:46 10485885                   /lib/x86_64-linux-gnu/libnss_nis-2.15.so
7f81d83b5000-7f81d85b5000 ---p 0000a000 08:46 10485885                   /lib/x86_64-linux-gnu/libnss_nis-2.15.so
7f81d85b5000-7f81d85b6000 r--p 0000a000 08:46 10485885                   /lib/x86_64-linux-gnu/libnss_nis-2.15.so
7f81d85b6000-7f81d85b7000 rw-p 0000b000 08:46 10485885                   /lib/x86_64-linux-gnu/libnss_nis-2.15.so
7f81d85b7000-7f81d85ce000 r-xp 00000000 08:46 10489677                   /lib/x86_64-linux-gnu/libnsl-2.15.so
7f81d85ce000-7f81d87cd000 ---p 00017000 08:46 10489677                   /lib/x86_64-linux-gnu/libnsl-2.15.so
7f81d87cd000-7f81d87ce000 r--p 00016000 08:46 10489677                   /lib/x86_64-linux-gnu/libnsl-2.15.so
7f81d87ce000-7f81d87cf000 rw-p 00017000 08:46 10489677                   /lib/x86_64-linux-gnu/libnsl-2.15.so
7f81d87cf000-7f81d87d1000 rw-p 00000000 00:00 0 
7f81d87d1000-7f81d87d9000 r-xp 00000000 08:46 10485890                   /lib/x86_64-linux-gnu/libnss_compat-2.15.so
7f81d87d9000-7f81d89d8000 ---p 00008000 08:46 10485890                   /lib/x86_64-linux-gnu/libnss_compat-2.15.so
7f81d89d8000-7f81d89d9000 r--p 00007000 08:46 10485890                   /lib/x86_64-linux-gnu/libnss_compat-2.15.so
7f81d89d9000-7f81d89da000 rw-p 00008000 08:46 10485890                   /lib/x86_64-linux-gnu/libnss_compat-2.15.so
7f81d89da000-7f81d8a03000 r-xp 00000000 08:46 3408341                    /usr/lib/jvm/java-7-oracle/jre/lib/amd64/libjava.so
7f81d8a03000-7f81d8c03000 ---p 00029000 08:46 3408341                    /usr/lib/jvm/java-7-oracle/jre/lib/amd64/libjava.so
7f81d8c03000-7f81d8c05000 rw-p 00029000 08:46 3408341                    /usr/lib/jvm/java-7-oracle/jre/lib/amd64/libjava.so
7f81d8c05000-7f81d8c12000 r-xp 00000000 08:46 3408352                    /usr/lib/jvm/java-7-oracle/jre/lib/amd64/libverify.so
7f81d8c12000-7f81d8e11000 ---p 0000d000 08:46 3408352                    /usr/lib/jvm/java-7-oracle/jre/lib/amd64/libverify.so
7f81d8e11000-7f81d8e13000 rw-p 0000c000 08:46 3408352                    /usr/lib/jvm/java-7-oracle/jre/lib/amd64/libverify.so
7f81d8e13000-7f81d9854000 r-xp 00000000 08:46 3408375                    /usr/lib/jvm/java-7-oracle/jre/lib/amd64/server/libjvm.so
7f81d9854000-7f81d9a54000 ---p 00a41000 08:46 3408375                    /usr/lib/jvm/java-7-oracle/jre/lib/amd64/server/libjvm.so
7f81d9a54000-7f81d9af7000 rw-p 00a41000 08:46 3408375                    /usr/lib/jvm/java-7-oracle/jre/lib/amd64/server/libjvm.so
7f81d9af7000-7f81d9b33000 rw-p 00000000 00:00 0 
7f81d9b33000-7f81d9b3a000 r-xp 00000000 08:46 10485883                   /lib/x86_64-linux-gnu/librt-2.15.so
7f81d9b3a000-7f81d9d39000 ---p 00007000 08:46 10485883                   /lib/x86_64-linux-gnu/librt-2.15.so
7f81d9d39000-7f81d9d3a000 r--p 00006000 08:46 10485883                   /lib/x86_64-linux-gnu/librt-2.15.so
7f81d9d3a000-7f81d9d3b000 rw-p 00007000 08:46 10485883                   /lib/x86_64-linux-gnu/librt-2.15.so
7f81d9d3b000-7f81d9d77000 r-xp 00000000 08:46 10489541                   /lib/x86_64-linux-gnu/libpcre.so.3.12.1
7f81d9d77000-7f81d9f76000 ---p 0003c000 08:46 10489541                   /lib/x86_64-linux-gnu/libpcre.so.3.12.1
7f81d9f76000-7f81d9f77000 r--p 0003b000 08:46 10489541                   /lib/x86_64-linux-gnu/libpcre.so.3.12.1
7f81d9f77000-7f81d9f78000 rw-p 0003c000 08:46 10489541                   /lib/x86_64-linux-gnu/libpcre.so.3.12.1
7f81d9f78000-7f81d9f7f000 r-xp 00000000 08:46 2366673                    /usr/lib/x86_64-linux-gnu/libffi.so.6.0.0
7f81d9f7f000-7f81da17e000 ---p 00007000 08:46 2366673                    /usr/lib/x86_64-linux-gnu/libffi.so.6.0.0
7f81da17e000-7f81da17f000 r--p 00006000 08:46 2366673                    /usr/lib/x86_64-linux-gnu/libffi.so.6.0.0
7f81da17f000-7f81da180000 rw-p 00007000 08:46 2366673                    /usr/lib/x86_64-linux-gnu/libffi.so.6.0.0
7f81da180000-7f81da33b000 r-xp 00000000 08:46 2362255                    /usr/lib/libicui18n.so.48.1.1
7f81da33b000-7f81da53a000 ---p 001bb000 08:46 2362255                    /usr/lib/libicui18n.so.48.1.1
7f81da53a000-7f81da546000 r--p 001ba000 08:46 2362255                    /usr/lib/libicui18n.so.48.1.1
7f81da546000-7f81da548000 rw-p 001c6000 08:46 2362255                    /usr/lib/libicui18n.so.48.1.1
7f81da548000-7f81da63a000 r-xp 00000000 08:46 10489493                   /lib/x86_64-linux-gnu/libglib-2.0.so.0.3200.3
7f81da63a000-7f81da83a000 ---p 000f2000 08:46 10489493                   /lib/x86_64-linux-gnu/libglib-2.0.so.0.3200.3
7f81da83a000-7f81da83b000 r--p 000f2000 08:46 10489493                   /lib/x86_64-linux-gnu/libglib-2.0.so.0.3200.3
7f81da83b000-7f81da83c000 rw-p 000f3000 08:46 10489493                   /lib/x86_64-linux-gnu/libglib-2.0.so.0.3200.3
7f81da83c000-7f81da83d000 rw-p 00000000 00:00 0 
7f81da83d000-7f81da840000 r-xp 00000000 08:46 2366726                    /usr/lib/x86_64-linux-gnu/libgmodule-2.0.so.0.3200.3
7f81da840000-7f81daa3f000 ---p 00003000 08:46 2366726                    /usr/lib/x86_64-linux-gnu/libgmodule-2.0.so.0.3200.3
7f81daa3f000-7f81daa40000 r--p 00002000 08:46 2366726                    /usr/lib/x86_64-linux-gnu/libgmodule-2.0.so.0.3200.3
7f81daa40000-7f81daa41000 rw-p 00003000 08:46 2366726                    /usr/lib/x86_64-linux-gnu/libgmodule-2.0.so.0.3200.3
7f81daa41000-7f81daa8e000 r-xp 00000000 08:46 2366740                    /usr/lib/x86_64-linux-gnu/libgobject-2.0.so.0.3200.3
7f81daa8e000-7f81dac8e000 ---p 0004d000 08:46 2366740                    /usr/lib/x86_64-linux-gnu/libgobject-2.0.so.0.3200.3
7f81dac8e000-7f81dac8f000 r--p 0004d000 08:46 2366740                    /usr/lib/x86_64-linux-gnu/libgobject-2.0.so.0.3200.3
7f81dac8f000-7f81dac90000 rw-p 0004e000 08:46 2366740                    /usr/lib/x86_64-linux-gnu/libgobject-2.0.so.0.3200.3
7f81dac90000-7f81dbdff000 r-xp 00000000 08:46 2362253                    /usr/lib/libicudata.so.48.1.1
7f81dbdff000-7f81dbffe000 ---p 0116f000 08:46 2362253                    /usr/lib/libicudata.so.48.1.1
7f81dbffe000-7f81dbfff000 r--p 0116e000 08:46 2362253                    /usr/lib/libicudata.so.48.1.1
7f81dbfff000-7f81dc000000 rw-p 0116f000 08:46 2362253                    /usr/lib/libicudata.so.48.1.1
7f81dc000000-7f81dc021000 rw-p 00000000 00:00 0 
7f81dc021000-7f81e0000000 ---p 00000000 00:00 0 
7f81e0035000-7f81e0036000 ---p 00000000 00:00 0 
7f81e0036000-7f81e0140000 rw-p 00000000 00:00 0                          [stack:28508]
7f81e0140000-7f81e01f6000 rw-p 00000000 00:00 0 
7f81e01f6000-7f81e01fa000 r-xp 00000000 08:46 2366996                    /usr/lib/x86_64-linux-gnu/libsigc-2.0.so.0.0.0
7f81e01fa000-7f81e03f9000 ---p 00004000 08:46 2366996                    /usr/lib/x86_64-linux-gnu/libsigc-2.0.so.0.0.0
7f81e03f9000-7f81e03fa000 r--p 00003000 08:46 2366996                    /usr/lib/x86_64-linux-gnu/libsigc-2.0.so.0.0.0
7f81e03fa000-7f81e03fb000 rw-p 00004000 08:46 2366996                    /usr/lib/x86_64-linux-gnu/libsigc-2.0.so.0.0.0
7f81e03fb000-7f81e054c000 r-xp 00000000 08:46 2361206                    /usr/lib/x86_64-linux-gnu/libxml2.so.2.7.8
7f81e054c000-7f81e074c000 ---p 00151000 08:46 2361206                    /usr/lib/x86_64-linux-gnu/libxml2.so.2.7.8
7f81e074c000-7f81e0754000 r--p 00151000 08:46 2361206                    /usr/lib/x86_64-linux-gnu/libxml2.so.2.7.8
7f81e0754000-7f81e0756000 rw-p 00159000 08:46 2361206                    /usr/lib/x86_64-linux-gnu/libxml2.so.2.7.8
7f81e0756000-7f81e0757000 rw-p 00000000 00:00 0 
7f81e0757000-7f81e0774000 r-xp 00000000 08:46 2369755                    /usr/lib/libboost_filesystem.so.1.48.0
7f81e0774000-7f81e0974000 ---p 0001d000 08:46 2369755                    /usr/lib/libboost_filesystem.so.1.48.0
7f81e0974000-7f81e0975000 r--p 0001d000 08:46 2369755                    /usr/lib/libboost_filesystem.so.1.48.0
7f81e0975000-7f81e0976000 rw-p 0001e000 08:46 2369755                    /usr/lib/libboost_filesystem.so.1.48.0
7f81e0976000-7f81e0979000 r-xp 00000000 08:46 2369734                    /usr/lib/libboost_system.so.1.48.0
7f81e0979000-7f81e0b78000 ---p 00003000 08:46 2369734                    /usr/lib/libboost_system.so.1.48.0
7f81e0b78000-7f81e0b79000 r--p 00002000 08:46 2369734                    /usr/lib/libboost_system.so.1.48.0
7f81e0b79000-7f81e0b7a000 rw-p 00003000 08:46 2369734                    /usr/lib/libboost_system.so.1.48.0
7f81e0b7a000-7f81e0c7b000 r-xp 00000000 08:46 2369807                    /usr/lib/libboost_regex.so.1.48.0
7f81e0c7b000-7f81e0e7a000 ---p 00101000 08:46 2369807                    /usr/lib/libboost_regex.so.1.48.0
7f81e0e7a000-7f81e0e7f000 r--p 00100000 08:46 2369807                    /usr/lib/libboost_regex.so.1.48.0
7f81e0e7f000-7f81e0e81000 rw-p 00105000 08:46 2369807                    /usr/lib/libboost_regex.so.1.48.0
7f81e0e81000-7f81e0e82000 rw-p 00000000 00:00 0 
7f81e0e82000-7f81e0ee3000 r-xp 00000000 08:46 2369927                    /usr/lib/libboost_program_options.so.1.48.0
7f81e0ee3000-7f81e10e3000 ---p 00061000 08:46 2369927                    /usr/lib/libboost_program_options.so.1.48.0
7f81e10e3000-7f81e10e6000 r--p 00061000 08:46 2369927                    /usr/lib/libboost_program_options.so.1.48.0
7f81e10e6000-7f81e10e7000 rw-p 00064000 08:46 2369927                    /usr/lib/libboost_program_options.so.1.48.0
7f81e10e7000-7f81e114c000 r-xp 00000000 08:46 2366722                    /usr/lib/x86_64-linux-gnu/libglibmm-2.4.so.1.3.0
7f81e114c000-7f81e134b000 ---p 00065000 08:46 2366722                    /usr/lib/x86_64-linux-gnu/libglibmm-2.4.so.1.3.0
7f81e134b000-7f81e134d000 r--p 00064000 08:46 2366722                    /usr/lib/x86_64-linux-gnu/libglibmm-2.4.so.1.3.0
7f81e134d000-7f81e134f000 rw-p 00066000 08:46 2366722                    /usr/lib/x86_64-linux-gnu/libglibmm-2.4.so.1.3.0
7f81e134f000-7f81e136f000 r-xp 00000000 08:46 2370057                    /usr/lib/libxml++-2.6.so.2.0.7
7f81e136f000-7f81e156e000 ---p 00020000 08:46 2370057                    /usr/lib/libxml++-2.6.so.2.0.7
7f81e156e000-7f81e1570000 r--p 0001f000 08:46 2370057                    /usr/lib/libxml++-2.6.so.2.0.7
7f81e1570000-7f81e1571000 rw-p 00021000 08:46 2370057                    /usr/lib/libxml++-2.6.so.2.0.7
7f81e1571000-7f81e157e000 r-xp 00000000 08:46 2370050                    /usr/lib/libloki.so.0.1.7
7f81e157e000-7f81e177e000 ---p 0000d000 08:46 2370050                    /usr/lib/libloki.so.0.1.7
7f81e177e000-7f81e177f000 r--p 0000d000 08:46 2370050                    /usr/lib/libloki.so.0.1.7
7f81e177f000-7f81e1780000 rw-p 0000e000 08:46 2370050                    /usr/lib/libloki.so.0.1.7
7f81e1780000-7f81e18d5000 r-xp 00000000 08:46 2362267                    /usr/lib/libicuuc.so.48.1.1
7f81e18d5000-7f81e1ad5000 ---p 00155000 08:46 2362267                    /usr/lib/libicuuc.so.48.1.1
7f81e1ad5000-7f81e1ae5000 r--p 00155000 08:46 2362267                    /usr/lib/libicuuc.so.48.1.1
7f81e1ae5000-7f81e1ae6000 rw-p 00165000 08:46 2362267                    /usr/lib/libicuuc.so.48.1.1
7f81e1ae6000-7f81e1aea000 rw-p 00000000 00:00 0 
7f81e1aea000-7f81e1afa000 r-xp 00000000 08:46 2628108                    /usr/local/lib/libpwrutils.so.1.0
7f81e1afa000-7f81e1cfa000 ---p 00010000 08:46 2628108                    /usr/local/lib/libpwrutils.so.1.0
7f81e1cfa000-7f81e1cfb000 r--p 00010000 08:46 2628108                    /usr/local/lib/libpwrutils.so.1.0
7f81e1cfb000-7f81e1cfc000 rw-p 00011000 08:46 2628108                    /usr/local/lib/libpwrutils.so.1.0
7f81e1cfc000-7f81e1d1d000 r-xp 00000000 08:46 2628114                    /usr/local/lib/libcorpus2_whole.so
7f81e1d1d000-7f81e1f1d000 ---p 00021000 08:46 2628114                    /usr/local/lib/libcorpus2_whole.so
7f81e1f1d000-7f81e1f1f000 r--p 00021000 08:46 2628114                    /usr/local/lib/libcorpus2_whole.so
7f81e1f1f000-7f81e1f20000 rw-p 00023000 08:46 2628114                    /usr/local/lib/libcorpus2_whole.so
7f81e1f20000-7f81e2007000 r-xp 00000000 08:46 2628111                    /usr/local/lib/libcorpus2.so.1.5
7f81e2007000-7f81e2206000 ---p 000e7000 08:46 2628111                    /usr/local/lib/libcorpus2.so.1.5
7f81e2206000-7f81e220b000 r--p 000e6000 08:46 2628111                    /usr/local/lib/libcorpus2.so.1.5
7f81e220b000-7f81e220d000 rw-p 000eb000 08:46 2628111                    /usr/local/lib/libcorpus2.so.1.5
7f81e220d000-7f81e248e000 r-xp 00000000 08:46 2360841                    /usr/lib/libpython2.7.so.1.0
7f81e248e000-7f81e268d000 ---p 00281000 08:46 2360841                    /usr/lib/libpython2.7.so.1.0
7f81e268d000-7f81e268f000 r--p 00280000 08:46 2360841                    /usr/lib/libpython2.7.so.1.0
7f81e268f000-7f81e26f8000 rw-p 00282000 08:46 2360841                    /usr/lib/libpython2.7.so.1.0
7f81e26f8000-7f81e270a000 rw-p 00000000 00:00 0 
7f81e270a000-7f81e28cc000 r-xp 00000000 08:46 2628118                    /usr/local/lib/python2.7/dist-packages/_corpus2.so
7f81e28cc000-7f81e2acb000 ---p 001c2000 08:46 2628118                    /usr/local/lib/python2.7/dist-packages/_corpus2.so
7f81e2acb000-7f81e2ad0000 r--p 001c1000 08:46 2628118                    /usr/local/lib/python2.7/dist-packages/_corpus2.so
7f81e2ad0000-7f81e2ae1000 rw-p 001c6000 08:46 2628118                    /usr/local/lib/python2.7/dist-packages/_corpus2.so
7f81e2ae1000-7f81e2bc3000 r-xp 00000000 08:46 2367023                    /usr/lib/x86_64-linux-gnu/libstdc++.so.6.0.16
7f81e2bc3000-7f81e2dc2000 ---p 000e2000 08:46 2367023                    /usr/lib/x86_64-linux-gnu/libstdc++.so.6.0.16
7f81e2dc2000-7f81e2dca000 r--p 000e1000 08:46 2367023                    /usr/lib/x86_64-linux-gnu/libstdc++.so.6.0.16
7f81e2dca000-7f81e2dcc000 rw-p 000e9000 08:46 2367023                    /usr/lib/x86_64-linux-gnu/libstdc++.so.6.0.16
7f81e2dcc000-7f81e2de1000 rw-p 00000000 00:00 0 
7f81e2de1000-7f81e2e69000 r-xp 00000000 08:46 2494951                    /usr/lib/python2.7/dist-packages/_jpype.so
7f81e2e69000-7f81e3068000 ---p 00088000 08:46 2494951                    /usr/lib/python2.7/dist-packages/_jpype.so
7f81e3068000-7f81e306b000 r--p 00087000 08:46 2494951                    /usr/lib/python2.7/dist-packages/_jpype.so
7f81e306b000-7f81e306e000 rw-p 0008a000 08:46 2494951                    /usr/lib/python2.7/dist-packages/_jpype.so
7f81e306e000-7f81e30a7000 r-xp 00000000 08:46 10489551                   /lib/x86_64-linux-gnu/libreadline.so.6.2
7f81e30a7000-7f81e32a7000 ---p 00039000 08:46 10489551                   /lib/x86_64-linux-gnu/libreadline.so.6.2
7f81e32a7000-7f81e32a9000 r--p 00039000 08:46 10489551                   /lib/x86_64-linux-gnu/libreadline.so.6.2
7f81e32a9000-7f81e32af000 rw-p 0003b000 08:46 10489551                   /lib/x86_64-linux-gnu/libreadline.so.6.2
7f81e32af000-7f81e32b0000 rw-p 00000000 00:00 0 
7f81e32b0000-7f81e32b5000 r-xp 00000000 08:46 2491236                    /usr/lib/python2.7/lib-dynload/readline.so
7f81e32b5000-7f81e34b4000 ---p 00005000 08:46 2491236                    /usr/lib/python2.7/lib-dynload/readline.so
7f81e34b4000-7f81e34b5000 r--p 00004000 08:46 2491236                    /usr/lib/python2.7/lib-dynload/readline.so
7f81e34b5000-7f81e34b7000 rw-p 00005000 08:46 2491236                    /usr/lib/python2.7/lib-dynload/readline.so
7f81e34b7000-7f81e34b8000 ---p 00000000 00:00 0 
7f81e34b8000-7f81e3cb8000 rw-p 00000000 00:00 0                          [stack:28417]
7f81e3cb8000-7f81e3cbb000 r-xp 00000000 08:46 2491205                    /usr/lib/python2.7/lib-dynload/_lsprof.so
7f81e3cbb000-7f81e3ebb000 ---p 00003000 08:46 2491205                    /usr/lib/python2.7/lib-dynload/_lsprof.so
7f81e3ebb000-7f81e3ebc000 r--p 00003000 08:46 2491205                    /usr/lib/python2.7/lib-dynload/_lsprof.so
7f81e3ebc000-7f81e3ebd000 rw-p 00004000 08:46 2491205                    /usr/lib/python2.7/lib-dynload/_lsprof.so
7f81e3ebd000-7f81e3ee4000 r-xp 00000000 08:46 10489486                   /lib/x86_64-linux-gnu/libexpat.so.1.5.2
7f81e3ee4000-7f81e40e4000 ---p 00027000 08:46 10489486                   /lib/x86_64-linux-gnu/libexpat.so.1.5.2
7f81e40e4000-7f81e40e6000 r--p 00027000 08:46 10489486                   /lib/x86_64-linux-gnu/libexpat.so.1.5.2
7f81e40e6000-7f81e40e7000 rw-p 00029000 08:46 10489486                   /lib/x86_64-linux-gnu/libexpat.so.1.5.2
7f81e40ff000-7f81e410d000 r-xp 00000000 08:46 2491237                    /usr/lib/python2.7/lib-dynload/pyexpat.so
7f81e410d000-7f81e430c000 ---p 0000e000 08:46 2491237                    /usr/lib/python2.7/lib-dynload/pyexpat.so
7f81e430c000-7f81e430d000 r--p 0000d000 08:46 2491237                    /usr/lib/python2.7/lib-dynload/pyexpat.so
7f81e430d000-7f81e430f000 rw-p 0000e000 08:46 2491237                    /usr/lib/python2.7/lib-dynload/pyexpat.so
7f81e430f000-7f81e4310000 rwxp 00000000 00:00 0 
7f81e4310000-7f81e4331000 r-xp 00000000 08:46 2491218                    /usr/lib/python2.7/lib-dynload/_ctypes.so
7f81e4331000-7f81e4530000 ---p 00021000 08:46 2491218                    /usr/lib/python2.7/lib-dynload/_ctypes.so
7f81e4530000-7f81e4531000 r--p 00020000 08:46 2491218                    /usr/lib/python2.7/lib-dynload/_ctypes.so
7f81e4531000-7f81e4535000 rw-p 00021000 08:46 2491218                    /usr/lib/python2.7/lib-dynload/_ctypes.so
7f81e4535000-7f81e4536000 rw-p 00000000 00:00 0 
7f81e4536000-7f81e45d4000 r-xp 00000000 08:46 2367013                    /usr/lib/x86_64-linux-gnu/libsqlite3.so.0.8.6
7f81e45d4000-7f81e47d4000 ---p 0009e000 08:46 2367013                    /usr/lib/x86_64-linux-gnu/libsqlite3.so.0.8.6
7f81e47d4000-7f81e47d6000 r--p 0009e000 08:46 2367013                    /usr/lib/x86_64-linux-gnu/libsqlite3.so.0.8.6
7f81e47d6000-7f81e47d8000 rw-p 000a0000 08:46 2367013                    /usr/lib/x86_64-linux-gnu/libsqlite3.so.0.8.6
7f81e47d8000-7f81e47d9000 rw-p 00000000 00:00 0 
7f81e47d9000-7f81e47ea000 r-xp 00000000 08:46 2491160                    /usr/lib/python2.7/lib-dynload/_sqlite3.so
7f81e47ea000-7f81e49ea000 ---p 00011000 08:46 2491160                    /usr/lib/python2.7/lib-dynload/_sqlite3.so
7f81e49ea000-7f81e49eb000 r--p 00011000 08:46 2491160                    /usr/lib/python2.7/lib-dynload/_sqlite3.so
7f81e49eb000-7f81e49ed000 rw-p 00012000 08:46 2491160                    /usr/lib/python2.7/lib-dynload/_sqlite3.so
7f81e49ed000-7f81e4a0f000 r-xp 00000000 08:46 10489565                   /lib/x86_64-linux-gnu/libtinfo.so.5.9
7f81e4a0f000-7f81e4c0f000 ---p 00022000 08:46 10489565                   /lib/x86_64-linux-gnu/libtinfo.so.5.9
7f81e4c0f000-7f81e4c13000 r--p 00022000 08:46 10489565                   /lib/x86_64-linux-gnu/libtinfo.so.5.9
7f81e4c13000-7f81e4c14000 rw-p 00026000 08:46 10489565                   /lib/x86_64-linux-gnu/libtinfo.so.5.9
7f81e4c14000-7f81e4c40000 r-xp 00000000 08:46 10489508                   /lib/x86_64-linux-gnu/libncursesw.so.5.9
7f81e4c40000-7f81e4e3f000 ---p 0002c000 08:46 10489508                   /lib/x86_64-linux-gnu/libncursesw.so.5.9
7f81e4e3f000-7f81e4e40000 r--p 0002b000 08:46 10489508                   /lib/x86_64-linux-gnu/libncursesw.so.5.9
7f81e4e40000-7f81e4e41000 rw-p 0002c000 08:46 10489508                   /lib/x86_64-linux-gnu/libncursesw.so.5.9
7f81e4e59000-7f81e4e6c000 r-xp 00000000 08:46 2491149                    /usr/lib/python2.7/lib-dynload/_curses.so
7f81e4e6c000-7f81e506b000 ---p 00013000 08:46 2491149                    /usr/lib/python2.7/lib-dynload/_curses.so
7f81e506b000-7f81e506c000 r--p 00012000 08:46 2491149                    /usr/lib/python2.7/lib-dynload/_curses.so
7f81e506c000-7f81e506e000 rw-p 00013000 08:46 2491149                    /usr/lib/python2.7/lib-dynload/_curses.so
7f81e506e000-7f81e508d000 r-xp 00000000 08:46 2491219                    /usr/lib/python2.7/lib-dynload/_io.so
7f81e508d000-7f81e528c000 ---p 0001f000 08:46 2491219                    /usr/lib/python2.7/lib-dynload/_io.so
7f81e528c000-7f81e528d000 r--p 0001e000 08:46 2491219                    /usr/lib/python2.7/lib-dynload/_io.so
7f81e528d000-7f81e5296000 rw-p 0001f000 08:46 2491219                    /usr/lib/python2.7/lib-dynload/_io.so
7f81e5296000-7f81e52aa000 r-xp 00000000 08:46 2491163                    /usr/lib/python2.7/lib-dynload/datetime.so
7f81e52aa000-7f81e54a9000 ---p 00014000 08:46 2491163                    /usr/lib/python2.7/lib-dynload/datetime.so
7f81e54a9000-7f81e54aa000 r--p 00013000 08:46 2491163                    /usr/lib/python2.7/lib-dynload/datetime.so
7f81e54aa000-7f81e54ae000 rw-p 00014000 08:46 2491163                    /usr/lib/python2.7/lib-dynload/datetime.so
7f81e54ae000-7f81e54b2000 r-xp 00000000 08:46 2491153                    /usr/lib/python2.7/lib-dynload/termios.so
7f81e54b2000-7f81e56b1000 ---p 00004000 08:46 2491153                    /usr/lib/python2.7/lib-dynload/termios.so
7f81e56b1000-7f81e56b2000 r--p 00003000 08:46 2491153                    /usr/lib/python2.7/lib-dynload/termios.so
7f81e56b2000-7f81e56b4000 rw-p 00004000 08:46 2491153                    /usr/lib/python2.7/lib-dynload/termios.so
7f81e56b4000-7f81e56b6000 r-xp 00000000 08:46 2491148                    /usr/lib/python2.7/lib-dynload/resource.so
7f81e56b6000-7f81e58b5000 ---p 00002000 08:46 2491148                    /usr/lib/python2.7/lib-dynload/resource.so
7f81e58b5000-7f81e58b6000 r--p 00001000 08:46 2491148                    /usr/lib/python2.7/lib-dynload/resource.so
7f81e58b6000-7f81e58b7000 rw-p 00002000 08:46 2491148                    /usr/lib/python2.7/lib-dynload/resource.so
7f81e58b7000-7f81e5978000 rw-p 00000000 00:00 0 
7f81e5979000-7f81e597c000 r-xp 00000000 08:46 2491222                    /usr/lib/python2.7/lib-dynload/_heapq.so
7f81e597c000-7f81e5b7b000 ---p 00003000 08:46 2491222                    /usr/lib/python2.7/lib-dynload/_heapq.so
7f81e5b7b000-7f81e5b7c000 r--p 00002000 08:46 2491222                    /usr/lib/python2.7/lib-dynload/_heapq.so
7f81e5b7c000-7f81e5b7e000 rw-p 00003000 08:46 2491222                    /usr/lib/python2.7/lib-dynload/_heapq.so
7f81e5b7e000-7f81e6261000 r--p 00000000 08:46 2365800                    /usr/lib/locale/locale-archive
7f81e6261000-7f81e6276000 r-xp 00000000 08:46 10489489                   /lib/x86_64-linux-gnu/libgcc_s.so.1
7f81e6276000-7f81e6475000 ---p 00015000 08:46 10489489                   /lib/x86_64-linux-gnu/libgcc_s.so.1
7f81e6475000-7f81e6476000 r--p 00014000 08:46 10489489                   /lib/x86_64-linux-gnu/libgcc_s.so.1
7f81e6476000-7f81e6477000 rw-p 00015000 08:46 10489489                   /lib/x86_64-linux-gnu/libgcc_s.so.1
7f81e6477000-7f81e662c000 r-xp 00000000 08:46 10485783                   /lib/x86_64-linux-gnu/libc-2.15.so
7f81e662c000-7f81e682b000 ---p 001b5000 08:46 10485783                   /lib/x86_64-linux-gnu/libc-2.15.so
7f81e682b000-7f81e682f000 r--p 001b4000 08:46 10485783                   /lib/x86_64-linux-gnu/libc-2.15.so
7f81e682f000-7f81e6831000 rw-p 001b8000 08:46 10485783                   /lib/x86_64-linux-gnu/libc-2.15.so
7f81e6831000-7f81e6836000 rw-p 00000000 00:00 0 
7f81e6836000-7f81e6931000 r-xp 00000000 08:46 10485887                   /lib/x86_64-linux-gnu/libm-2.15.so
7f81e6931000-7f81e6b30000 ---p 000fb000 08:46 10485887                   /lib/x86_64-linux-gnu/libm-2.15.so
7f81e6b30000-7f81e6b31000 r--p 000fa000 08:46 10485887                   /lib/x86_64-linux-gnu/libm-2.15.so
7f81e6b31000-7f81e6b32000 rw-p 000fb000 08:46 10485887                   /lib/x86_64-linux-gnu/libm-2.15.so
7f81e6b32000-7f81e6b48000 r-xp 00000000 08:46 10489579                   /lib/x86_64-linux-gnu/libz.so.1.2.3.4
7f81e6b48000-7f81e6d47000 ---p 00016000 08:46 10489579                   /lib/x86_64-linux-gnu/libz.so.1.2.3.4
7f81e6d47000-7f81e6d48000 r--p 00015000 08:46 10489579                   /lib/x86_64-linux-gnu/libz.so.1.2.3.4
7f81e6d48000-7f81e6d49000 rw-p 00016000 08:46 10489579                   /lib/x86_64-linux-gnu/libz.so.1.2.3.4
7f81e6d49000-7f81e6efa000 r-xp 00000000 08:46 10489449                   /lib/x86_64-linux-gnu/libcrypto.so.1.0.0
7f81e6efa000-7f81e70fa000 ---p 001b1000 08:46 10489449                   /lib/x86_64-linux-gnu/libcrypto.so.1.0.0
7f81e70fa000-7f81e7115000 r--p 001b1000 08:46 10489449                   /lib/x86_64-linux-gnu/libcrypto.so.1.0.0
7f81e7115000-7f81e7120000 rw-p 001cc000 08:46 10489449                   /lib/x86_64-linux-gnu/libcrypto.so.1.0.0
7f81e7120000-7f81e7124000 rw-p 00000000 00:00 0 
7f81e7124000-7f81e7178000 r-xp 00000000 08:46 10489450                   /lib/x86_64-linux-gnu/libssl.so.1.0.0
7f81e7178000-7f81e7378000 ---p 00054000 08:46 10489450                   /lib/x86_64-linux-gnu/libssl.so.1.0.0
7f81e7378000-7f81e737b000 r--p 00054000 08:46 10489450                   /lib/x86_64-linux-gnu/libssl.so.1.0.0
7f81e737b000-7f81e7381000 rw-p 00057000 08:46 10489450                   /lib/x86_64-linux-gnu/libssl.so.1.0.0
7f81e7381000-7f81e7382000 rw-p 00000000 00:00 0 
7f81e7382000-7f81e7384000 r-xp 00000000 08:46 10485894                   /lib/x86_64-linux-gnu/libutil-2.15.so
7f81e7384000-7f81e7583000 ---p 00002000 08:46 10485894                   /lib/x86_64-linux-gnu/libutil-2.15.so
7f81e7583000-7f81e7584000 r--p 00001000 08:46 10485894                   /lib/x86_64-linux-gnu/libutil-2.15.so
7f81e7584000-7f81e7585000 rw-p 00002000 08:46 10485894                   /lib/x86_64-linux-gnu/libutil-2.15.so
7f81e7585000-7f81e7587000 r-xp 00000000 08:46 10485772                   /lib/x86_64-linux-gnu/libdl-2.15.so
7f81e7587000-7f81e7787000 ---p 00002000 08:46 10485772                   /lib/x86_64-linux-gnu/libdl-2.15.so
7f81e7787000-7f81e7788000 r--p 00002000 08:46 10485772                   /lib/x86_64-linux-gnu/libdl-2.15.so
7f81e7788000-7f81e7789000 rw-p 00003000 08:46 10485772                   /lib/x86_64-linux-gnu/libdl-2.15.so
7f81e7789000-7f81e77a1000 r-xp 00000000 08:46 10485881                   /lib/x86_64-linux-gnu/libpthread-2.15.so
7f81e77a1000-7f81e79a0000 ---p 00018000 08:46 10485881                   /lib/x86_64-linux-gnu/libpthread-2.15.so
7f81e79a0000-7f81e79a1000 r--p 00017000 08:46 10485881                   /lib/x86_64-linux-gnu/libpthread-2.15.so
7f81e79a1000-7f81e79a2000 rw-p 00018000 08:46 10485881                   /lib/x86_64-linux-gnu/libpthread-2.15.so
7f81e79a2000-7f81e79a6000 rw-p 00000000 00:00 0 
7f81e79a6000-7f81e79c8000 r-xp 00000000 08:46 10485893                   /lib/x86_64-linux-gnu/ld-2.15.so
7f81e7a16000-7f81e7a20000 r--s 00254000 08:46 3279237                    /usr/lib/jvm/java-7-oracle/jre/lib/resources.jar
7f81e7a20000-7f81e7a22000 r--s 00016000 08:45 45744151                   /home/michal/repo/liner2/lib/ini4j-0.5.0.jar
7f81e7a22000-7f81e7a24000 r--s 0000d000 08:45 45762292                   /home/michal/repo/liner2/lib/liblinear-1.92.jar
7f81e7a24000-7f81e7a28000 r--s 00030000 08:45 45761047                   /home/michal/repo/liner2/lib/nlog4j-1.2.25.jar
7f81e7a28000-7f81e7a33000 r--s 000ad000 08:45 45761050                   /home/michal/repo/liner2/lib/maltparser-1.7.1.jar
7f81e7a33000-7f81e7a35000 r--s 00010000 08:45 45744220                   /home/michal/repo/liner2/lib/princetonAdapter.jar
7f81e7a35000-7f81e7a72000 r--s 005f1000 08:45 45744162                   /home/michal/repo/liner2/lib/weka-3.6.9.jar
7f81e7a72000-7f81e7af4000 rw-p 00000000 00:00 0 
7f81e7af6000-7f81e7afd000 r--s 000b2000 08:45 45744222                   /home/michal/repo/liner2/lib/mysql-connector-java-5.1.10.jar
7f81e7afd000-7f81e7b08000 rw-p 00000000 00:00 0 
7f81e7b08000-7f81e7b26000 rw-p 00000000 00:00 0 
7f81e7b26000-7f81e7bae000 rw-p 00000000 00:00 0 
7f81e7bb3000-7f81e7bb4000 r--s 00001000 08:45 45744219                   /home/michal/repo/liner2/lib/CRFPP.jar
7f81e7bb4000-7f81e7bbc000 rw-s 00000000 08:46 8126622                    /tmp/hsperfdata_michal/28416
7f81e7bbc000-7f81e7bbd000 rw-p 00000000 00:00 0 
7f81e7bbd000-7f81e7bbe000 r--p 00000000 00:00 0 
7f81e7bbe000-7f81e7bc5000 r--s 00000000 08:46 2622641                    /usr/lib/x86_64-linux-gnu/gconv/gconv-modules.cache
7f81e7bc5000-7f81e7bc8000 rw-p 00000000 00:00 0 
7f81e7bc8000-7f81e7bc9000 r--p 00022000 08:46 10485893                   /lib/x86_64-linux-gnu/ld-2.15.so
7f81e7bc9000-7f81e7bcb000 rw-p 00023000 08:46 10485893                   /lib/x86_64-linux-gnu/ld-2.15.so
7fff3fcaa000-7fff3fcad000 ---p 00000000 00:00 0 
7fff3fcae000-7fff3fdaa000 rw-p 00000000 00:00 0                          [stack]
7fff3fdff000-7fff3fe00000 r-xp 00000000 00:00 0                          [vdso]
ffffffffff600000-ffffffffff601000 r-xp 00000000 00:00 0                  [vsyscall]

VM Arguments:
jvm_args: -Djava.library.path=../lib 
java_command: <unknown>
Launcher Type: generic

Environment Variables:
JAVA_HOME=/usr/lib/jvm/java-7-oracle
PATH=/usr/lib/lightdm/lightdm:/usr/local/sbin:/usr/local/bin:/usr/sbin:/usr/bin:/sbin:/bin:/usr/games
SHELL=/bin/bash
DISPLAY=:0

Signal Handlers:
SIGSEGV: [libjvm.so+0x8a26a0], sa_mask[0]=0x7ffbfeff, sa_flags=0x10000004
SIGBUS: [libjvm.so+0x8a26a0], sa_mask[0]=0x7ffbfeff, sa_flags=0x10000004
SIGFPE: [libjvm.so+0x73f3d0], sa_mask[0]=0x7ffbfeff, sa_flags=0x10000004
SIGPIPE: [libjvm.so+0x73f3d0], sa_mask[0]=0x7ffbfeff, sa_flags=0x10000004
SIGXFSZ: [libjvm.so+0x73f3d0], sa_mask[0]=0x7ffbfeff, sa_flags=0x10000004
SIGILL: [libjvm.so+0x73f3d0], sa_mask[0]=0x7ffbfeff, sa_flags=0x10000004
SIGUSR1: SIG_DFL, sa_mask[0]=0x00000000, sa_flags=0x00000000
SIGUSR2: [libjvm.so+0x73ed20], sa_mask[0]=0x00000000, sa_flags=0x10000004
SIGHUP: [libjvm.so+0x7410b0], sa_mask[0]=0x7ffbfeff, sa_flags=0x10000004
SIGINT: [libjvm.so+0x7410b0], sa_mask[0]=0x7ffbfeff, sa_flags=0x10000004
SIGTERM: [libjvm.so+0x7410b0], sa_mask[0]=0x7ffbfeff, sa_flags=0x10000004
SIGQUIT: [libjvm.so+0x7410b0], sa_mask[0]=0x7ffbfeff, sa_flags=0x10000004


---------------  S Y S T E M  ---------------

OS:wheezy/sid

uname:Linux 3.5.0-36-generic #57~precise1-Ubuntu SMP Thu Jun 20 18:21:09 UTC 2013 x86_64
libc:glibc 2.15 NPTL 2.15 
rlimit: STACK 8192k, CORE 0k, NPROC 95980, NOFILE 4096, AS infinity
load average:0.48 0.48 0.41

/proc/meminfo:
MemTotal:       12304192 kB
MemFree:         5423928 kB
Buffers:          324676 kB
Cached:          3065056 kB
SwapCached:         3864 kB
Active:          4679720 kB
Inactive:        1633732 kB
Active(anon):    2253100 kB
Inactive(anon):   697576 kB
Active(file):    2426620 kB
Inactive(file):   936156 kB
Unevictable:         112 kB
Mlocked:             112 kB
SwapTotal:      27734428 kB
SwapFree:       27707040 kB
Dirty:               204 kB
Writeback:            76 kB
AnonPages:       2920972 kB
Mapped:           239724 kB
Shmem:             26956 kB
Slab:             362440 kB
SReclaimable:     317148 kB
SUnreclaim:        45292 kB
KernelStack:        5112 kB
PageTables:        34736 kB
NFS_Unstable:          0 kB
Bounce:                0 kB
WritebackTmp:          0 kB
CommitLimit:    33886524 kB
Committed_AS:    5845388 kB
VmallocTotal:   34359738367 kB
VmallocUsed:      367284 kB
VmallocChunk:   34359360424 kB
HardwareCorrupted:     0 kB
AnonHugePages:         0 kB
HugePages_Total:       0
HugePages_Free:        0
HugePages_Rsvd:        0
HugePages_Surp:        0
Hugepagesize:       2048 kB
DirectMap4k:      159616 kB
DirectMap2M:    12421120 kB


CPU:total 8 (4 cores per cpu, 2 threads per core) family 6 model 26 stepping 5, cmov, cx8, fxsr, mmx, sse, sse2, sse3, ssse3, sse4.1, sse4.2, popcnt, ht, tsc, tscinvbit, tscinv

/proc/cpuinfo:
processor	: 0
vendor_id	: GenuineIntel
cpu family	: 6
model		: 26
model name	: Intel(R) Core(TM) i7 CPU         920  @ 2.67GHz
stepping	: 5
microcode	: 0xf
cpu MHz		: 1596.000
cache size	: 8192 KB
physical id	: 0
siblings	: 8
core id		: 0
cpu cores	: 4
apicid		: 0
initial apicid	: 0
fpu		: yes
fpu_exception	: yes
cpuid level	: 11
wp		: yes
flags		: fpu vme de pse tsc msr pae mce cx8 apic sep mtrr pge mca cmov pat pse36 clflush dts acpi mmx fxsr sse sse2 ss ht tm pbe syscall nx rdtscp lm constant_tsc arch_perfmon pebs bts rep_good nopl xtopology nonstop_tsc aperfmperf pni dtes64 monitor ds_cpl vmx est tm2 ssse3 cx16 xtpr pdcm sse4_1 sse4_2 popcnt lahf_lm ida dtherm tpr_shadow vnmi flexpriority ept vpid
bogomips	: 5397.23
clflush size	: 64
cache_alignment	: 64
address sizes	: 36 bits physical, 48 bits virtual
power management:

processor	: 1
vendor_id	: GenuineIntel
cpu family	: 6
model		: 26
model name	: Intel(R) Core(TM) i7 CPU         920  @ 2.67GHz
stepping	: 5
microcode	: 0xf
cpu MHz		: 1596.000
cache size	: 8192 KB
physical id	: 0
siblings	: 8
core id		: 1
cpu cores	: 4
apicid		: 2
initial apicid	: 2
fpu		: yes
fpu_exception	: yes
cpuid level	: 11
wp		: yes
flags		: fpu vme de pse tsc msr pae mce cx8 apic sep mtrr pge mca cmov pat pse36 clflush dts acpi mmx fxsr sse sse2 ss ht tm pbe syscall nx rdtscp lm constant_tsc arch_perfmon pebs bts rep_good nopl xtopology nonstop_tsc aperfmperf pni dtes64 monitor ds_cpl vmx est tm2 ssse3 cx16 xtpr pdcm sse4_1 sse4_2 popcnt lahf_lm ida dtherm tpr_shadow vnmi flexpriority ept vpid
bogomips	: 5397.23
clflush size	: 64
cache_alignment	: 64
address sizes	: 36 bits physical, 48 bits virtual
power management:

processor	: 2
vendor_id	: GenuineIntel
cpu family	: 6
model		: 26
model name	: Intel(R) Core(TM) i7 CPU         920  @ 2.67GHz
stepping	: 5
microcode	: 0xf
cpu MHz		: 2793.000
cache size	: 8192 KB
physical id	: 0
siblings	: 8
core id		: 2
cpu cores	: 4
apicid		: 4
initial apicid	: 4
fpu		: yes
fpu_exception	: yes
cpuid level	: 11
wp		: yes
flags		: fpu vme de pse tsc msr pae mce cx8 apic sep mtrr pge mca cmov pat pse36 clflush dts acpi mmx fxsr sse sse2 ss ht tm pbe syscall nx rdtscp lm constant_tsc arch_perfmon pebs bts rep_good nopl xtopology nonstop_tsc aperfmperf pni dtes64 monitor ds_cpl vmx est tm2 ssse3 cx16 xtpr pdcm sse4_1 sse4_2 popcnt lahf_lm ida dtherm tpr_shadow vnmi flexpriority ept vpid
bogomips	: 5397.23
clflush size	: 64
cache_alignment	: 64
address sizes	: 36 bits physical, 48 bits virtual
power management:

processor	: 3
vendor_id	: GenuineIntel
cpu family	: 6
model		: 26
model name	: Intel(R) Core(TM) i7 CPU         920  @ 2.67GHz
stepping	: 5
microcode	: 0xf
cpu MHz		: 1596.000
cache size	: 8192 KB
physical id	: 0
siblings	: 8
core id		: 3
cpu cores	: 4
apicid		: 6
initial apicid	: 6
fpu		: yes
fpu_exception	: yes
cpuid level	: 11
wp		: yes
flags		: fpu vme de pse tsc msr pae mce cx8 apic sep mtrr pge mca cmov pat pse36 clflush dts acpi mmx fxsr sse sse2 ss ht tm pbe syscall nx rdtscp lm constant_tsc arch_perfmon pebs bts rep_good nopl xtopology nonstop_tsc aperfmperf pni dtes64 monitor ds_cpl vmx est tm2 ssse3 cx16 xtpr pdcm sse4_1 sse4_2 popcnt lahf_lm ida dtherm tpr_shadow vnmi flexpriority ept vpid
bogomips	: 5397.23
clflush size	: 64
cache_alignment	: 64
address sizes	: 36 bits physical, 48 bits virtual
power management:

processor	: 4
vendor_id	: GenuineIntel
cpu family	: 6
model		: 26
model name	: Intel(R) Core(TM) i7 CPU         920  @ 2.67GHz
stepping	: 5
microcode	: 0xf
cpu MHz		: 1596.000
cache size	: 8192 KB
physical id	: 0
siblings	: 8
core id		: 0
cpu cores	: 4
apicid		: 1
initial apicid	: 1
fpu		: yes
fpu_exception	: yes
cpuid level	: 11
wp		: yes
flags		: fpu vme de pse tsc msr pae mce cx8 apic sep mtrr pge mca cmov pat pse36 clflush dts acpi mmx fxsr sse sse2 ss ht tm pbe syscall nx rdtscp lm constant_tsc arch_perfmon pebs bts rep_good nopl xtopology nonstop_tsc aperfmperf pni dtes64 monitor ds_cpl vmx est tm2 ssse3 cx16 xtpr pdcm sse4_1 sse4_2 popcnt lahf_lm ida dtherm tpr_shadow vnmi flexpriority ept vpid
bogomips	: 5397.23
clflush size	: 64
cache_alignment	: 64
address sizes	: 36 bits physical, 48 bits virtual
power management:

processor	: 5
vendor_id	: GenuineIntel
cpu family	: 6
model		: 26
model name	: Intel(R) Core(TM) i7 CPU         920  @ 2.67GHz
stepping	: 5
microcode	: 0xf
cpu MHz		: 1596.000
cache size	: 8192 KB
physical id	: 0
siblings	: 8
core id		: 1
cpu cores	: 4
apicid		: 3
initial apicid	: 3
fpu		: yes
fpu_exception	: yes
cpuid level	: 11
wp		: yes
flags		: fpu vme de pse tsc msr pae mce cx8 apic sep mtrr pge mca cmov pat pse36 clflush dts acpi mmx fxsr sse sse2 ss ht tm pbe syscall nx rdtscp lm constant_tsc arch_perfmon pebs bts rep_good nopl xtopology nonstop_tsc aperfmperf pni dtes64 monitor ds_cpl vmx est tm2 ssse3 cx16 xtpr pdcm sse4_1 sse4_2 popcnt lahf_lm ida dtherm tpr_shadow vnmi flexpriority ept vpid
bogomips	: 5397.23
clflush size	: 64
cache_alignment	: 64
address sizes	: 36 bits physical, 48 bits virtual
power management:

processor	: 6
vendor_id	: GenuineIntel
cpu family	: 6
model		: 26
model name	: Intel(R) Core(TM) i7 CPU         920  @ 2.67GHz
stepping	: 5
microcode	: 0xf
cpu MHz		: 1596.000
cache size	: 8192 KB
physical id	: 0
siblings	: 8
core id		: 2
cpu cores	: 4
apicid		: 5
initial apicid	: 5
fpu		: yes
fpu_exception	: yes
cpuid level	: 11
wp		: yes
flags		: fpu vme de pse tsc msr pae mce cx8 apic sep mtrr pge mca cmov pat pse36 clflush dts acpi mmx fxsr sse sse2 ss ht tm pbe syscall nx rdtscp lm constant_tsc arch_perfmon pebs bts rep_good nopl xtopology nonstop_tsc aperfmperf pni dtes64 monitor ds_cpl vmx est tm2 ssse3 cx16 xtpr pdcm sse4_1 sse4_2 popcnt lahf_lm ida dtherm tpr_shadow vnmi flexpriority ept vpid
bogomips	: 5397.23
clflush size	: 64
cache_alignment	: 64
address sizes	: 36 bits physical, 48 bits virtual
power management:

processor	: 7
vendor_id	: GenuineIntel
cpu family	: 6
model		: 26
model name	: Intel(R) Core(TM) i7 CPU         920  @ 2.67GHz
stepping	: 5
microcode	: 0xf
cpu MHz		: 1596.000
cache size	: 8192 KB
physical id	: 0
siblings	: 8
core id		: 3
cpu cores	: 4
apicid		: 7
initial apicid	: 7
fpu		: yes
fpu_exception	: yes
cpuid level	: 11
wp		: yes
flags		: fpu vme de pse tsc msr pae mce cx8 apic sep mtrr pge mca cmov pat pse36 clflush dts acpi mmx fxsr sse sse2 ss ht tm pbe syscall nx rdtscp lm constant_tsc arch_perfmon pebs bts rep_good nopl xtopology nonstop_tsc aperfmperf pni dtes64 monitor ds_cpl vmx est tm2 ssse3 cx16 xtpr pdcm sse4_1 sse4_2 popcnt lahf_lm ida dtherm tpr_shadow vnmi flexpriority ept vpid
bogomips	: 5397.23
clflush size	: 64
cache_alignment	: 64
address sizes	: 36 bits physical, 48 bits virtual
power management:



Memory: 4k page, physical 12304192k(5423928k free), swap 27734428k(27707040k free)

vm_info: Java HotSpot(TM) 64-Bit Server VM (23.25-b01) for linux-amd64 JRE (1.7.0_25-b15), built on Jun  5 2013 20:48:36 by "java_re" with gcc 4.3.0 20080428 (Red Hat 4.3.0-8)

time: Mon Aug 19 09:26:29 2013
elapsed time: 35 seconds

