#
# A fatal error has been detected by the Java Runtime Environment:
#
#  SIGSEGV (0xb) at pc=0x00007fcd8ed03c90, pid=27423, tid=140521074362112
#
# JRE version: 7.0_25-b15
# Java VM: Java HotSpot(TM) 64-Bit Server VM (23.25-b01 mixed mode linux-amd64 compressed oops)
# Problematic frame:
# C  [_jpype.so+0x48c90]  JPJavaEnv::GetEnv(JNIEnv_**)+0x0
#
# Failed to write core dump. Core dumps have been disabled. To enable core dumping, try "ulimit -c unlimited" before starting Java again
#
# If you would like to submit a bug report, please visit:
#   http://bugreport.sun.com/bugreport/crash.jsp
# The crash happened outside the Java Virtual Machine in native code.
# See problematic frame for where to report the bug.
#

---------------  T H R E A D  ---------------

Current thread (0x0000000003834000):  JavaThread "main" [_thread_in_native, id=27423, stack(0x00007fff9f93b000,0x00007fff9fa3b000)]

siginfo:si_signo=SIGSEGV: si_errno=0, si_code=1 (SEGV_MAPERR), si_addr=0x0000000000000008

Registers:
RAX=0x00007fcd8ef47670, RBX=0x00007fcd8ef47678, RCX=0x00000000027dd0a0, RDX=0x00000000039a7660
RSP=0x00007fff9fa36698, RBP=0x000000000374c220, RSI=0x00007fff9fa366a8, RDI=0x0000000000000000
R8 =0x00000000027dd0a0, R9 =0x0000000000000008, R10=0x00000000fffffff0, R11=0x00007fcd9b5d9710
R12=0x0000000003707010, R13=0x0000000003725408, R14=0x00000000039a7660, R15=0x0000000003707c28
RIP=0x00007fcd8ed03c90, EFLAGS=0x0000000000010206, CSGSFS=0x0000000000000033, ERR=0x0000000000000004
  TRAPNO=0x000000000000000e

Top of Stack: (sp=0x00007fff9fa36698)
0x00007fff9fa36698:   00007fcd8ed03cce 000000000374c220
0x00007fff9fa366a8:   0000000003707010 0000000000000002
0x00007fff9fa366b8:   00007fcd8ed125d8 00007fcd8ef47678
0x00007fff9fa366c8:   000000000374c220 0000000003707010
0x00007fff9fa366d8:   0000000000000002 0000000003707060
0x00007fff9fa366e8:   00007fcd8ecefc38 00007fcd8ed2d6e7
0x00007fff9fa366f8:   00007fcd92a3f4b0 0000000000000219
0x00007fff9fa36708:   00007fcd00000000 00007fcd8ef44190
0x00007fff9fa36718:   0000000000000000 0000000000000000
0x00007fff9fa36728:   0000000000000000 0000000000000000
0x00007fff9fa36738:   0000000000000000 0000000000000000
0x00007fff9fa36748:   0000000000000000 0000000000000000
0x00007fff9fa36758:   0000000000000000 00007fcd8ef44190
0x00007fff9fa36768:   0000000000000000 0000000000000000
0x00007fff9fa36778:   0000000000000000 0000000003706fe8
0x00007fff9fa36788:   0000000000000000 0000000000000000
0x00007fff9fa36798:   0000000000000000 0000000000000000
0x00007fff9fa367a8:   0000000000000000 00007fcd8ef42fb0
0x00007fff9fa367b8:   0000000003b5c5f8 0000000003707c00
0x00007fff9fa367c8:   0000000000000000 0000000000000003
0x00007fff9fa367d8:   00007fff9fa36dc0 000000000374c220
0x00007fff9fa367e8:   0000000000000001 0000000003707c28
0x00007fff9fa367f8:   00007fcd8ed057d4 0000000000000023
0x00007fff9fa36808:   00007fcd92a54ded 00007fcd8ef42fb0
0x00007fff9fa36818:   0000000003b497e8 00007fff9fa36a00
0x00007fff9fa36828:   00007fcd92a3da89 0000000003b495b8
0x00007fff9fa36838:   00007fcd92c84f60 00007fcd92c84fc0
0x00007fff9fa36848:   00007fcd92c8c4c0 0000000003707c00
0x00007fff9fa36858:   00007fff9fa36a70 00007fcd92c84ec0
0x00007fff9fa36868:   00007fcd8ece0805 000000000316f397
0x00007fff9fa36878:   00000000004bf2a6 0000000003707c28
0x00007fff9fa36888:   0000000000000009 00007fcd9cb09f50 

Instructions: (pc=0x00007fcd8ed03c90)
0x00007fcd8ed03c70:   c0 5b c3 90 66 66 66 2e 0f 1f 84 00 00 00 00 00
0x00007fcd8ed03c80:   48 8b 7f 08 48 8b 07 48 8b 40 28 ff e0 90 66 90
0x00007fcd8ed03c90:   48 8b 7f 08 48 85 ff 74 17 48 8b 07 ba 02 00 01
0x00007fcd8ed03ca0:   00 48 8b 40 30 ff e0 66 0f 1f 84 00 00 00 00 00 

Register to memory mapping:

RAX=0x00007fcd8ef47670: _ZN5JPEnv6s_JavaE+0 in /usr/lib/python2.7/dist-packages/_jpype.so at 0x00007fcd8ecbb000
RBX=0x00007fcd8ef47678: _ZN5JPEnv6s_HostE+0 in /usr/lib/python2.7/dist-packages/_jpype.so at 0x00007fcd8ecbb000
RCX=0x00000000027dd0a0 is an unknown value
RDX=0x00000000039a7660 is a global jni handle
RSP=0x00007fff9fa36698 is pointing into the stack for thread: 0x0000000003834000
RBP=0x000000000374c220 is an unknown value
RSI=0x00007fff9fa366a8 is pointing into the stack for thread: 0x0000000003834000
RDI=0x0000000000000000 is an unknown value
R8 =0x00000000027dd0a0 is an unknown value
R9 =0x0000000000000008 is an unknown value
R10=0x00000000fffffff0 is an unknown value
R11=0x00007fcd9b5d9710: <offset 0x183710> in /lib/x86_64-linux-gnu/libc.so.6 at 0x00007fcd9b456000
R12=0x0000000003707010 is an unknown value
R13=0x0000000003725408 is a global jni handle
R14=0x00000000039a7660 is a global jni handle
R15=0x0000000003707c28 is an unknown value


Stack: [0x00007fff9f93b000,0x00007fff9fa3b000],  sp=0x00007fff9fa36698,  free space=1005k
Native frames: (J=compiled Java code, j=interpreted, Vv=VM code, C=native code)
C  [_jpype.so+0x48c90]  JPJavaEnv::GetEnv(JNIEnv_**)+0x0


---------------  P R O C E S S  ---------------

Java Threads: ( => current thread )
  0x000000000371c000 JavaThread "Thread-0" [_thread_blocked, id=27444, stack(0x00007fcd88721000,0x00007fcd88822000)]
  0x00000000036f5800 JavaThread "Service Thread" daemon [_thread_blocked, id=27442, stack(0x00007fcd88923000,0x00007fcd88a24000)]
  0x00000000036f3800 JavaThread "C2 CompilerThread1" daemon [_thread_blocked, id=27441, stack(0x00007fcd88a24000,0x00007fcd88b25000)]
  0x00000000036f0800 JavaThread "C2 CompilerThread0" daemon [_thread_blocked, id=27440, stack(0x00007fcd88b25000,0x00007fcd88c26000)]
  0x00000000036ee800 JavaThread "Signal Dispatcher" daemon [_thread_blocked, id=27439, stack(0x00007fcd88c26000,0x00007fcd88d27000)]
  0x00000000039f7800 JavaThread "Finalizer" daemon [_thread_blocked, id=27438, stack(0x00007fcd88d27000,0x00007fcd88e28000)]
  0x00000000039f5800 JavaThread "Reference Handler" daemon [_thread_blocked, id=27437, stack(0x00007fcd5eb9d000,0x00007fcd5ec9e000)]
=>0x0000000003834000 JavaThread "main" [_thread_in_native, id=27423, stack(0x00007fff9f93b000,0x00007fff9fa3b000)]

Other Threads:
  0x000000000386f800 VMThread [stack: 0x00007fcd5ec9e000,0x00007fcd5ed9f000] [id=27436]
  0x0000000003700800 WatcherThread [stack: 0x00007fcd88822000,0x00007fcd88923000] [id=27443]

VM state:not at safepoint (normal execution)

VM Mutex/Monitor currently owned by a thread: None

Heap
 PSYoungGen      total 683584K, used 233367K [0x00000007c16b0000, 0x0000000800000000, 0x0000000800000000)
  eden space 341824K, 64% used [0x00000007c16b0000,0x00000007ceccb1d8,0x00000007d6480000)
  from space 341760K, 4% used [0x00000007d6480000,0x00000007d724ae18,0x00000007eb240000)
  to   space 341760K, 0% used [0x00000007eb240000,0x00000007eb240000,0x0000000800000000)
 ParOldGen       total 2050752K, used 1689116K [0x0000000744400000, 0x00000007c16b0000, 0x00000007c16b0000)
  object space 2050752K, 82% used [0x0000000744400000,0x00000007ab587280,0x00000007c16b0000)
 PSPermGen       total 21248K, used 5394K [0x000000073f200000, 0x00000007406c0000, 0x0000000744400000)
  object space 21248K, 25% used [0x000000073f200000,0x000000073f744800,0x00000007406c0000)

Card table byte_map: [0x00007fcd89a43000,0x00007fcd8a04b000] byte_map_base: 0x00007fcd8604a000

Polling page: 0x00007fcd9cb9c000

Code Cache  [0x00007fcd8a10b000, 0x00007fcd8a37b000, 0x00007fcd8d10b000)
 total_blobs=656 nmethods=437 adapters=171 free_code_cache=47717Kb largest_free_block=48797632

Compilation events (10 events):
Event: 25.234 Thread 0x00000000036f3800 nmethod 430 0x00007fcd8a2538d0 code [0x00007fcd8a253a40, 0x00007fcd8a254258]
Event: 25.234 Thread 0x00000000036f3800  431             sun.reflect.UTF8::utf8Length (81 bytes)
Event: 25.237 Thread 0x00000000036f3800 nmethod 431 0x00007fcd8a1c61d0 code [0x00007fcd8a1c6320, 0x00007fcd8a1c6578]
Event: 25.238 Thread 0x00000000036f0800 nmethod 429 0x00007fcd8a25e050 code [0x00007fcd8a25e220, 0x00007fcd8a25ee30]
Event: 25.255 Thread 0x00000000036f3800  432             java.io.ObjectOutputStream$HandleTable::lookup (56 bytes)
Event: 25.257 Thread 0x00000000036f0800  433             java.io.ObjectOutputStream$BlockDataOutputStream::getUTFLength (124 bytes)
Event: 25.257 Thread 0x00000000036f3800 nmethod 432 0x00007fcd8a264250 code [0x00007fcd8a2643c0, 0x00007fcd8a264608]
Event: 25.261 Thread 0x00000000036f0800 nmethod 433 0x00007fcd8a1dfd10 code [0x00007fcd8a1dfe60, 0x00007fcd8a1e02d8]
Event: 25.269 Thread 0x00000000036f3800  435             java.util.HashSet::contains (9 bytes)
Event: 25.272 Thread 0x00000000036f3800 nmethod 435 0x00007fcd8a255ed0 code [0x00007fcd8a256040, 0x00007fcd8a2562e8]

GC Heap History (10 events):
Event: 20.553 GC heap before
{Heap before GC invocations=31 (full 5):
 PSYoungGen      total 683584K, used 642080K [0x00000007c16b0000, 0x0000000800000000, 0x0000000800000000)
  eden space 341824K, 100% used [0x00000007c16b0000,0x00000007d6480000,0x00000007d6480000)
  from space 341760K, 87% used [0x00000007d6480000,0x00000007e89b80a0,0x00000007eb240000)
  to   space 341760K, 0% used [0x00000007eb240000,0x00000007eb240000,0x0000000800000000)
 ParOldGen       total 1841408K, used 1314842K [0x0000000744400000, 0x00000007b4a40000, 0x00000007c16b0000)
  object space 1841408K, 71% used [0x0000000744400000,0x0000000794806be0,0x00000007b4a40000)
 PSPermGen       total 21248K, used 4503K [0x000000073f200000, 0x00000007406c0000, 0x0000000744400000)
  object space 21248K, 21% used [0x000000073f200000,0x000000073f665f98,0x00000007406c0000)
Event: 20.726 GC heap after
Heap after GC invocations=31 (full 5):
 PSYoungGen      total 683584K, used 266800K [0x00000007c16b0000, 0x0000000800000000, 0x0000000800000000)
  eden space 341824K, 0% used [0x00000007c16b0000,0x00000007c16b0000,0x00000007d6480000)
  from space 341760K, 78% used [0x00000007eb240000,0x00000007fb6cc050,0x0000000800000000)
  to   space 341760K, 0% used [0x00000007d6480000,0x00000007d6480000,0x00000007eb240000)
 ParOldGen       total 1841408K, used 1377387K [0x0000000744400000, 0x00000007b4a40000, 0x00000007c16b0000)
  object space 1841408K, 74% used [0x0000000744400000,0x000000079851ac20,0x00000007b4a40000)
 PSPermGen       total 21248K, used 4503K [0x000000073f200000, 0x00000007406c0000, 0x0000000744400000)
  object space 21248K, 21% used [0x000000073f200000,0x000000073f665f98,0x00000007406c0000)
}
Event: 21.437 GC heap before
{Heap before GC invocations=32 (full 5):
 PSYoungGen      total 683584K, used 608624K [0x00000007c16b0000, 0x0000000800000000, 0x0000000800000000)
  eden space 341824K, 100% used [0x00000007c16b0000,0x00000007d6480000,0x00000007d6480000)
  from space 341760K, 78% used [0x00000007eb240000,0x00000007fb6cc050,0x0000000800000000)
  to   space 341760K, 0% used [0x00000007d6480000,0x00000007d6480000,0x00000007eb240000)
 ParOldGen       total 1841408K, used 1377387K [0x0000000744400000, 0x00000007b4a40000, 0x00000007c16b0000)
  object space 1841408K, 74% used [0x0000000744400000,0x000000079851ac20,0x00000007b4a40000)
 PSPermGen       total 21248K, used 4504K [0x000000073f200000, 0x00000007406c0000, 0x0000000744400000)
  object space 21248K, 21% used [0x000000073f200000,0x000000073f6660b0,0x00000007406c0000)
Event: 21.608 GC heap after
Heap after GC invocations=32 (full 5):
 PSYoungGen      total 683584K, used 88672K [0x00000007c16b0000, 0x0000000800000000, 0x0000000800000000)
  eden space 341824K, 0% used [0x00000007c16b0000,0x00000007c16b0000,0x00000007d6480000)
  from space 341760K, 25% used [0x00000007d6480000,0x00000007dbb18000,0x00000007eb240000)
  to   space 341760K, 0% used [0x00000007eb240000,0x00000007eb240000,0x0000000800000000)
 ParOldGen       total 1841408K, used 1587257K [0x0000000744400000, 0x00000007b4a40000, 0x00000007c16b0000)
  object space 1841408K, 86% used [0x0000000744400000,0x00000007a520e5f0,0x00000007b4a40000)
 PSPermGen       total 21248K, used 4504K [0x000000073f200000, 0x00000007406c0000, 0x0000000744400000)
  object space 21248K, 21% used [0x000000073f200000,0x000000073f6660b0,0x00000007406c0000)
}
Event: 21.608 GC heap before
{Heap before GC invocations=33 (full 6):
 PSYoungGen      total 683584K, used 88672K [0x00000007c16b0000, 0x0000000800000000, 0x0000000800000000)
  eden space 341824K, 0% used [0x00000007c16b0000,0x00000007c16b0000,0x00000007d6480000)
  from space 341760K, 25% used [0x00000007d6480000,0x00000007dbb18000,0x00000007eb240000)
  to   space 341760K, 0% used [0x00000007eb240000,0x00000007eb240000,0x0000000800000000)
 ParOldGen       total 1841408K, used 1587257K [0x0000000744400000, 0x00000007b4a40000, 0x00000007c16b0000)
  object space 1841408K, 86% used [0x0000000744400000,0x00000007a520e5f0,0x00000007b4a40000)
 PSPermGen       total 21248K, used 4504K [0x000000073f200000, 0x00000007406c0000, 0x0000000744400000)
  object space 21248K, 21% used [0x000000073f200000,0x000000073f6660b0,0x00000007406c0000)
Event: 24.199 GC heap after
Heap after GC invocations=33 (full 6):
 PSYoungGen      total 683584K, used 0K [0x00000007c16b0000, 0x0000000800000000, 0x0000000800000000)
  eden space 341824K, 0% used [0x00000007c16b0000,0x00000007c16b0000,0x00000007d6480000)
  from space 341760K, 0% used [0x00000007d6480000,0x00000007d6480000,0x00000007eb240000)
  to   space 341760K, 0% used [0x00000007eb240000,0x00000007eb240000,0x0000000800000000)
 ParOldGen       total 2050752K, used 1664685K [0x0000000744400000, 0x00000007c16b0000, 0x00000007c16b0000)
  object space 2050752K, 81% used [0x0000000744400000,0x00000007a9dab668,0x00000007c16b0000)
 PSPermGen       total 21248K, used 4503K [0x000000073f200000, 0x00000007406c0000, 0x0000000744400000)
  object space 21248K, 21% used [0x000000073f200000,0x000000073f665f50,0x00000007406c0000)
}
Event: 24.988 GC heap before
{Heap before GC invocations=34 (full 6):
 PSYoungGen      total 683584K, used 341824K [0x00000007c16b0000, 0x0000000800000000, 0x0000000800000000)
  eden space 341824K, 100% used [0x00000007c16b0000,0x00000007d6480000,0x00000007d6480000)
  from space 341760K, 0% used [0x00000007d6480000,0x00000007d6480000,0x00000007eb240000)
  to   space 341760K, 0% used [0x00000007eb240000,0x00000007eb240000,0x0000000800000000)
 ParOldGen       total 2050752K, used 1664685K [0x0000000744400000, 0x00000007c16b0000, 0x00000007c16b0000)
  object space 2050752K, 81% used [0x0000000744400000,0x00000007a9dab668,0x00000007c16b0000)
 PSPermGen       total 21248K, used 4915K [0x000000073f200000, 0x00000007406c0000, 0x0000000744400000)
  object space 21248K, 23% used [0x000000073f200000,0x000000073f6ccf30,0x00000007406c0000)
Event: 25.015 GC heap after
Heap after GC invocations=34 (full 6):
 PSYoungGen      total 683584K, used 46950K [0x00000007c16b0000, 0x0000000800000000, 0x0000000800000000)
  eden space 341824K, 0% used [0x00000007c16b0000,0x00000007c16b0000,0x00000007d6480000)
  from space 341760K, 13% used [0x00000007eb240000,0x00000007ee019be8,0x0000000800000000)
  to   space 341760K, 0% used [0x00000007d6480000,0x00000007d6480000,0x00000007eb240000)
 ParOldGen       total 2050752K, used 1664685K [0x0000000744400000, 0x00000007c16b0000, 0x00000007c16b0000)
  object space 2050752K, 81% used [0x0000000744400000,0x00000007a9dab668,0x00000007c16b0000)
 PSPermGen       total 21248K, used 4915K [0x000000073f200000, 0x00000007406c0000, 0x0000000744400000)
  object space 21248K, 23% used [0x000000073f200000,0x000000073f6ccf30,0x00000007406c0000)
}
Event: 25.129 GC heap before
{Heap before GC invocations=35 (full 6):
 PSYoungGen      total 683584K, used 388774K [0x00000007c16b0000, 0x0000000800000000, 0x0000000800000000)
  eden space 341824K, 100% used [0x00000007c16b0000,0x00000007d6480000,0x00000007d6480000)
  from space 341760K, 13% used [0x00000007eb240000,0x00000007ee019be8,0x0000000800000000)
  to   space 341760K, 0% used [0x00000007d6480000,0x00000007d6480000,0x00000007eb240000)
 ParOldGen       total 2050752K, used 1664685K [0x0000000744400000, 0x00000007c16b0000, 0x00000007c16b0000)
  object space 2050752K, 81% used [0x0000000744400000,0x00000007a9dab668,0x00000007c16b0000)
 PSPermGen       total 21248K, used 4932K [0x000000073f200000, 0x00000007406c0000, 0x0000000744400000)
  object space 21248K, 23% used [0x000000073f200000,0x000000073f6d1078,0x00000007406c0000)
Event: 25.152 GC heap after
Heap after GC invocations=35 (full 6):
 PSYoungGen      total 683584K, used 14123K [0x00000007c16b0000, 0x0000000800000000, 0x0000000800000000)
  eden space 341824K, 0% used [0x00000007c16b0000,0x00000007c16b0000,0x00000007d6480000)
  from space 341760K, 4% used [0x00000007d6480000,0x00000007d724ae18,0x00000007eb240000)
  to   space 341760K, 0% used [0x00000007eb240000,0x00000007eb240000,0x0000000800000000)
 ParOldGen       total 2050752K, used 1689116K [0x0000000744400000, 0x00000007c16b0000, 0x00000007c16b0000)
  object space 2050752K, 82% used [0x0000000744400000,0x00000007ab587280,0x00000007c16b0000)
 PSPermGen       total 21248K, used 4932K [0x000000073f200000, 0x00000007406c0000, 0x0000000744400000)
  object space 21248K, 23% used [0x000000073f200000,0x000000073f6d1078,0x00000007406c0000)
}

Deoptimization events (10 events):
Event: 25.208 Thread 0x0000000003834000 Uncommon trap -122 fr.pc 0x00007fcd8a186c38
Event: 25.208 Thread 0x0000000003834000 Uncommon trap -83 fr.pc 0x00007fcd8a1979dc
Event: 25.209 Thread 0x0000000003834000 Uncommon trap -34 fr.pc 0x00007fcd8a19b908
Event: 25.209 Thread 0x0000000003834000 Uncommon trap -34 fr.pc 0x00007fcd8a18c7bc
Event: 25.209 Thread 0x0000000003834000 Uncommon trap -34 fr.pc 0x00007fcd8a18c7bc
Event: 25.210 Thread 0x0000000003834000 Uncommon trap -34 fr.pc 0x00007fcd8a18c7bc
Event: 25.210 Thread 0x0000000003834000 Uncommon trap -34 fr.pc 0x00007fcd8a19b908
Event: 25.210 Thread 0x0000000003834000 Uncommon trap -34 fr.pc 0x00007fcd8a224454
Event: 25.211 Thread 0x0000000003834000 Uncommon trap -34 fr.pc 0x00007fcd8a18c7bc
Event: 25.212 Thread 0x0000000003834000 Uncommon trap -34 fr.pc 0x00007fcd8a224454

Internal exceptions (10 events):
Event: 24.943 Thread 0x0000000003834000 Threw 0x00000007d11ad050 at /HUDSON/workspace/jdk7u25-2-build-linux-amd64-product/jdk7u25/hotspot/src/share/vm/prims/jvm.cpp:1235
Event: 24.944 Thread 0x0000000003834000 Threw 0x00000007d11b0060 at /HUDSON/workspace/jdk7u25-2-build-linux-amd64-product/jdk7u25/hotspot/src/share/vm/prims/jvm.cpp:1235
Event: 25.057 Thread 0x0000000003834000 Implicit null exception at 0x00007fcd8a25bb03 to 0x00007fcd8a25ca65
Event: 25.204 Thread 0x0000000003834000 Threw 0x00000007ce98c2f8 at /HUDSON/workspace/jdk7u25-2-build-linux-amd64-product/jdk7u25/hotspot/src/share/vm/prims/jni.cpp:1631
Event: 25.215 Thread 0x0000000003834000 Threw 0x00000007ce9bee58 at /HUDSON/workspace/jdk7u25-2-build-linux-amd64-product/jdk7u25/hotspot/src/share/vm/prims/jvm.cpp:1235
Event: 25.222 Thread 0x0000000003834000 Threw 0x00000007ce9f7f60 at /HUDSON/workspace/jdk7u25-2-build-linux-amd64-product/jdk7u25/hotspot/src/share/vm/prims/jni.cpp:1631
Event: 25.223 Thread 0x0000000003834000 Threw 0x00000007ce9fe5d8 at /HUDSON/workspace/jdk7u25-2-build-linux-amd64-product/jdk7u25/hotspot/src/share/vm/prims/jvm.cpp:1235
Event: 25.225 Thread 0x0000000003834000 Threw 0x00000007cea0f230 at /HUDSON/workspace/jdk7u25-2-build-linux-amd64-product/jdk7u25/hotspot/src/share/vm/prims/jvm.cpp:1235
Event: 25.267 Thread 0x0000000003834000 Threw 0x00000007cea548a0 at /HUDSON/workspace/jdk7u25-2-build-linux-amd64-product/jdk7u25/hotspot/src/share/vm/prims/jni.cpp:1631
Event: 25.277 Thread 0x0000000003834000 Threw 0x00000007ceaa29d8 at /HUDSON/workspace/jdk7u25-2-build-linux-amd64-product/jdk7u25/hotspot/src/share/vm/prims/jni.cpp:1631

Events (10 events):
Event: 25.223 loading class 0x0000000003b65e60
Event: 25.223 loading class 0x0000000003b65e60 done
Event: 25.225 loading class 0x0000000003a96a00
Event: 25.225 loading class 0x0000000003a96a00 done
Event: 25.267 loading class 0x0000000003710270
Event: 25.267 loading class 0x00000000038413d0
Event: 25.267 loading class 0x00000000038413d0 done
Event: 25.267 loading class 0x0000000003710270 done
Event: 25.270 Executing VM operation: BulkRevokeBias
Event: 25.270 Executing VM operation: BulkRevokeBias done


Dynamic libraries:
00400000-00672000 r-xp 00000000 08:46 2361075                            /usr/bin/python2.7
00871000-00872000 r--p 00271000 08:46 2361075                            /usr/bin/python2.7
00872000-008db000 rw-p 00272000 08:46 2361075                            /usr/bin/python2.7
008db000-008ed000 rw-p 00000000 00:00 0 
027dd000-03bc7000 rw-p 00000000 00:00 0                                  [heap]
73f200000-7406c0000 rw-p 00000000 00:00 0 
7406c0000-744400000 rw-p 00000000 00:00 0 
744400000-7c16b0000 rw-p 00000000 00:00 0 
7c16b0000-800000000 rw-p 00000000 00:00 0 
7fcd38000000-7fcd38021000 rw-p 00000000 00:00 0 
7fcd38021000-7fcd3c000000 ---p 00000000 00:00 0 
7fcd3c000000-7fcd3c021000 rw-p 00000000 00:00 0 
7fcd3c021000-7fcd40000000 ---p 00000000 00:00 0 
7fcd40000000-7fcd40714000 rw-p 00000000 00:00 0 
7fcd40714000-7fcd44000000 ---p 00000000 00:00 0 
7fcd44000000-7fcd44021000 rw-p 00000000 00:00 0 
7fcd44021000-7fcd48000000 ---p 00000000 00:00 0 
7fcd48000000-7fcd48021000 rw-p 00000000 00:00 0 
7fcd48021000-7fcd4c000000 ---p 00000000 00:00 0 
7fcd4c000000-7fcd4c4dc000 rw-p 00000000 00:00 0 
7fcd4c4dc000-7fcd50000000 ---p 00000000 00:00 0 
7fcd50000000-7fcd50021000 rw-p 00000000 00:00 0 
7fcd50021000-7fcd54000000 ---p 00000000 00:00 0 
7fcd54000000-7fcd54021000 rw-p 00000000 00:00 0 
7fcd54021000-7fcd58000000 ---p 00000000 00:00 0 
7fcd58000000-7fcd58021000 rw-p 00000000 00:00 0 
7fcd58021000-7fcd5c000000 ---p 00000000 00:00 0 
7fcd5df02000-7fcd5eb9d000 r--s 00000000 08:45 46268599                   /home/michal/liner_annotation_classifier/liner2-models-fat-pack-trainable/bins/crfpp_kpwr_cen-train_nam.bin
7fcd5eb9d000-7fcd5eba0000 ---p 00000000 00:00 0 
7fcd5eba0000-7fcd5ec9e000 rw-p 00000000 00:00 0                          [stack:27437]
7fcd5ec9e000-7fcd5ec9f000 ---p 00000000 00:00 0 
7fcd5ec9f000-7fcd605b7000 rw-p 00000000 00:00 0                          [stack:27436]
7fcd605b7000-7fcd60774000 r--s 039f9000 08:46 3279240                    /usr/lib/jvm/java-7-oracle/jre/lib/rt.jar
7fcd60774000-7fcd68000000 rw-p 00000000 00:00 0 
7fcd68000000-7fcd6803f000 rw-p 00000000 00:00 0 
7fcd6803f000-7fcd6c000000 ---p 00000000 00:00 0 
7fcd6c000000-7fcd6c170000 rw-p 00000000 00:00 0 
7fcd6c170000-7fcd70000000 ---p 00000000 00:00 0 
7fcd70000000-7fcd70160000 rw-p 00000000 00:00 0 
7fcd70160000-7fcd74000000 ---p 00000000 00:00 0 
7fcd74000000-7fcd74021000 rw-p 00000000 00:00 0 
7fcd74021000-7fcd78000000 ---p 00000000 00:00 0 
7fcd78000000-7fcd78044000 rw-p 00000000 00:00 0 
7fcd78044000-7fcd7c000000 ---p 00000000 00:00 0 
7fcd7c000000-7fcd7c021000 rw-p 00000000 00:00 0 
7fcd7c021000-7fcd80000000 ---p 00000000 00:00 0 
7fcd80000000-7fcd80021000 rw-p 00000000 00:00 0 
7fcd80021000-7fcd84000000 ---p 00000000 00:00 0 
7fcd84000000-7fcd84021000 rw-p 00000000 00:00 0 
7fcd84021000-7fcd88000000 ---p 00000000 00:00 0 
7fcd882b9000-7fcd882fa000 r-xp 00000000 08:46 2623193                    /usr/local/lib/libcrfpp.so.0.0.0
7fcd882fa000-7fcd884f9000 ---p 00041000 08:46 2623193                    /usr/local/lib/libcrfpp.so.0.0.0
7fcd884f9000-7fcd884fb000 r--p 00040000 08:46 2623193                    /usr/local/lib/libcrfpp.so.0.0.0
7fcd884fb000-7fcd884fc000 rw-p 00042000 08:46 2623193                    /usr/local/lib/libcrfpp.so.0.0.0
7fcd88514000-7fcd88519000 r-xp 00000000 08:45 45744221                   /home/michal/repo/liner2/lib/libCRFPP.so
7fcd88519000-7fcd88718000 ---p 00005000 08:45 45744221                   /home/michal/repo/liner2/lib/libCRFPP.so
7fcd88718000-7fcd88719000 r--p 00004000 08:45 45744221                   /home/michal/repo/liner2/lib/libCRFPP.so
7fcd88719000-7fcd8871a000 rw-p 00005000 08:45 45744221                   /home/michal/repo/liner2/lib/libCRFPP.so
7fcd8871a000-7fcd8871c000 r--s 00009000 08:45 45744223                   /home/michal/repo/liner2/lib/commons-cli-1.2.jar
7fcd8871c000-7fcd88720000 r--s 00034000 08:45 45615882                   /home/michal/repo/liner2/liner2.jar
7fcd88720000-7fcd88721000 rw-p 00000000 00:00 0 
7fcd88721000-7fcd88724000 ---p 00000000 00:00 0 
7fcd88724000-7fcd88822000 rw-p 00000000 00:00 0                          [stack:27444]
7fcd88822000-7fcd88823000 ---p 00000000 00:00 0 
7fcd88823000-7fcd88923000 rw-p 00000000 00:00 0                          [stack:27443]
7fcd88923000-7fcd88926000 ---p 00000000 00:00 0 
7fcd88926000-7fcd88a24000 rw-p 00000000 00:00 0                          [stack:27442]
7fcd88a24000-7fcd88a27000 ---p 00000000 00:00 0 
7fcd88a27000-7fcd88b25000 rw-p 00000000 00:00 0                          [stack:27441]
7fcd88b25000-7fcd88b28000 ---p 00000000 00:00 0 
7fcd88b28000-7fcd88c26000 rw-p 00000000 00:00 0                          [stack:27440]
7fcd88c26000-7fcd88c29000 ---p 00000000 00:00 0 
7fcd88c29000-7fcd88d27000 rw-p 00000000 00:00 0                          [stack:27439]
7fcd88d27000-7fcd88d2a000 ---p 00000000 00:00 0 
7fcd88d2a000-7fcd88e28000 rw-p 00000000 00:00 0                          [stack:27438]
7fcd88e28000-7fcd88e29000 ---p 00000000 00:00 0 
7fcd88e29000-7fcd88f29000 rw-p 00000000 00:00 0                          [stack:27435]
7fcd88f29000-7fcd88f2a000 ---p 00000000 00:00 0 
7fcd88f2a000-7fcd8902a000 rw-p 00000000 00:00 0                          [stack:27434]
7fcd8902a000-7fcd8902b000 ---p 00000000 00:00 0 
7fcd8902b000-7fcd8912b000 rw-p 00000000 00:00 0                          [stack:27433]
7fcd8912b000-7fcd8912c000 ---p 00000000 00:00 0 
7fcd8912c000-7fcd8922c000 rw-p 00000000 00:00 0                          [stack:27432]
7fcd8922c000-7fcd8922d000 ---p 00000000 00:00 0 
7fcd8922d000-7fcd8932d000 rw-p 00000000 00:00 0                          [stack:27431]
7fcd8932d000-7fcd8932e000 ---p 00000000 00:00 0 
7fcd8932e000-7fcd8942e000 rw-p 00000000 00:00 0                          [stack:27430]
7fcd8942e000-7fcd8942f000 ---p 00000000 00:00 0 
7fcd8942f000-7fcd8952f000 rw-p 00000000 00:00 0                          [stack:27429]
7fcd8952f000-7fcd89530000 ---p 00000000 00:00 0 
7fcd89530000-7fcd8963b000 rw-p 00000000 00:00 0                          [stack:27428]
7fcd8963b000-7fcd89659000 rw-p 00000000 00:00 0 
7fcd89659000-7fcd89a43000 rw-p 00000000 00:00 0 
7fcd89a43000-7fcd89a4e000 rw-p 00000000 00:00 0 
7fcd89a4e000-7fcd89a6c000 rw-p 00000000 00:00 0 
7fcd89a6c000-7fcd89e55000 rw-p 00000000 00:00 0 
7fcd89e55000-7fcd8a04a000 rw-p 00000000 00:00 0 
7fcd8a04a000-7fcd8a055000 rw-p 00000000 00:00 0 
7fcd8a055000-7fcd8a10b000 rw-p 00000000 00:00 0 
7fcd8a10b000-7fcd8a37b000 rwxp 00000000 00:00 0 
7fcd8a37b000-7fcd8d10b000 rw-p 00000000 00:00 0 
7fcd8d10b000-7fcd8d126000 r-xp 00000000 08:46 3408321                    /usr/lib/jvm/java-7-oracle/jre/lib/amd64/libzip.so
7fcd8d126000-7fcd8d325000 ---p 0001b000 08:46 3408321                    /usr/lib/jvm/java-7-oracle/jre/lib/amd64/libzip.so
7fcd8d325000-7fcd8d326000 rw-p 0001a000 08:46 3408321                    /usr/lib/jvm/java-7-oracle/jre/lib/amd64/libzip.so
7fcd8d326000-7fcd8d332000 r-xp 00000000 08:46 10485889                   /lib/x86_64-linux-gnu/libnss_files-2.15.so
7fcd8d332000-7fcd8d531000 ---p 0000c000 08:46 10485889                   /lib/x86_64-linux-gnu/libnss_files-2.15.so
7fcd8d531000-7fcd8d532000 r--p 0000b000 08:46 10485889                   /lib/x86_64-linux-gnu/libnss_files-2.15.so
7fcd8d532000-7fcd8d533000 rw-p 0000c000 08:46 10485889                   /lib/x86_64-linux-gnu/libnss_files-2.15.so
7fcd8d533000-7fcd8d53d000 r-xp 00000000 08:46 10485885                   /lib/x86_64-linux-gnu/libnss_nis-2.15.so
7fcd8d53d000-7fcd8d73d000 ---p 0000a000 08:46 10485885                   /lib/x86_64-linux-gnu/libnss_nis-2.15.so
7fcd8d73d000-7fcd8d73e000 r--p 0000a000 08:46 10485885                   /lib/x86_64-linux-gnu/libnss_nis-2.15.so
7fcd8d73e000-7fcd8d73f000 rw-p 0000b000 08:46 10485885                   /lib/x86_64-linux-gnu/libnss_nis-2.15.so
7fcd8d73f000-7fcd8d756000 r-xp 00000000 08:46 10489677                   /lib/x86_64-linux-gnu/libnsl-2.15.so
7fcd8d756000-7fcd8d955000 ---p 00017000 08:46 10489677                   /lib/x86_64-linux-gnu/libnsl-2.15.so
7fcd8d955000-7fcd8d956000 r--p 00016000 08:46 10489677                   /lib/x86_64-linux-gnu/libnsl-2.15.so
7fcd8d956000-7fcd8d957000 rw-p 00017000 08:46 10489677                   /lib/x86_64-linux-gnu/libnsl-2.15.so
7fcd8d957000-7fcd8d959000 rw-p 00000000 00:00 0 
7fcd8d959000-7fcd8d961000 r-xp 00000000 08:46 10485890                   /lib/x86_64-linux-gnu/libnss_compat-2.15.so
7fcd8d961000-7fcd8db60000 ---p 00008000 08:46 10485890                   /lib/x86_64-linux-gnu/libnss_compat-2.15.so
7fcd8db60000-7fcd8db61000 r--p 00007000 08:46 10485890                   /lib/x86_64-linux-gnu/libnss_compat-2.15.so
7fcd8db61000-7fcd8db62000 rw-p 00008000 08:46 10485890                   /lib/x86_64-linux-gnu/libnss_compat-2.15.so
7fcd8db62000-7fcd8db8b000 r-xp 00000000 08:46 3408341                    /usr/lib/jvm/java-7-oracle/jre/lib/amd64/libjava.so
7fcd8db8b000-7fcd8dd8b000 ---p 00029000 08:46 3408341                    /usr/lib/jvm/java-7-oracle/jre/lib/amd64/libjava.so
7fcd8dd8b000-7fcd8dd8d000 rw-p 00029000 08:46 3408341                    /usr/lib/jvm/java-7-oracle/jre/lib/amd64/libjava.so
7fcd8dd8d000-7fcd8dd9a000 r-xp 00000000 08:46 3408352                    /usr/lib/jvm/java-7-oracle/jre/lib/amd64/libverify.so
7fcd8dd9a000-7fcd8df99000 ---p 0000d000 08:46 3408352                    /usr/lib/jvm/java-7-oracle/jre/lib/amd64/libverify.so
7fcd8df99000-7fcd8df9b000 rw-p 0000c000 08:46 3408352                    /usr/lib/jvm/java-7-oracle/jre/lib/amd64/libverify.so
7fcd8df9b000-7fcd8e9dc000 r-xp 00000000 08:46 3408375                    /usr/lib/jvm/java-7-oracle/jre/lib/amd64/server/libjvm.so
7fcd8e9dc000-7fcd8ebdc000 ---p 00a41000 08:46 3408375                    /usr/lib/jvm/java-7-oracle/jre/lib/amd64/server/libjvm.so
7fcd8ebdc000-7fcd8ec7f000 rw-p 00a41000 08:46 3408375                    /usr/lib/jvm/java-7-oracle/jre/lib/amd64/server/libjvm.so
7fcd8ec7f000-7fcd8ecbb000 rw-p 00000000 00:00 0 
7fcd8ecbb000-7fcd8ed43000 r-xp 00000000 08:46 2494951                    /usr/lib/python2.7/dist-packages/_jpype.so
7fcd8ed43000-7fcd8ef42000 ---p 00088000 08:46 2494951                    /usr/lib/python2.7/dist-packages/_jpype.so
7fcd8ef42000-7fcd8ef45000 r--p 00087000 08:46 2494951                    /usr/lib/python2.7/dist-packages/_jpype.so
7fcd8ef45000-7fcd8ef48000 rw-p 0008a000 08:46 2494951                    /usr/lib/python2.7/dist-packages/_jpype.so
7fcd8ef48000-7fcd8ef4f000 r-xp 00000000 08:46 10485883                   /lib/x86_64-linux-gnu/librt-2.15.so
7fcd8ef4f000-7fcd8f14e000 ---p 00007000 08:46 10485883                   /lib/x86_64-linux-gnu/librt-2.15.so
7fcd8f14e000-7fcd8f14f000 r--p 00006000 08:46 10485883                   /lib/x86_64-linux-gnu/librt-2.15.so
7fcd8f14f000-7fcd8f150000 rw-p 00007000 08:46 10485883                   /lib/x86_64-linux-gnu/librt-2.15.so
7fcd8f150000-7fcd8f18c000 r-xp 00000000 08:46 10489541                   /lib/x86_64-linux-gnu/libpcre.so.3.12.1
7fcd8f18c000-7fcd8f38b000 ---p 0003c000 08:46 10489541                   /lib/x86_64-linux-gnu/libpcre.so.3.12.1
7fcd8f38b000-7fcd8f38c000 r--p 0003b000 08:46 10489541                   /lib/x86_64-linux-gnu/libpcre.so.3.12.1
7fcd8f38c000-7fcd8f38d000 rw-p 0003c000 08:46 10489541                   /lib/x86_64-linux-gnu/libpcre.so.3.12.1
7fcd8f38d000-7fcd8f394000 r-xp 00000000 08:46 2366673                    /usr/lib/x86_64-linux-gnu/libffi.so.6.0.0
7fcd8f394000-7fcd8f593000 ---p 00007000 08:46 2366673                    /usr/lib/x86_64-linux-gnu/libffi.so.6.0.0
7fcd8f593000-7fcd8f594000 r--p 00006000 08:46 2366673                    /usr/lib/x86_64-linux-gnu/libffi.so.6.0.0
7fcd8f594000-7fcd8f595000 rw-p 00007000 08:46 2366673                    /usr/lib/x86_64-linux-gnu/libffi.so.6.0.0
7fcd8f595000-7fcd8f750000 r-xp 00000000 08:46 2362255                    /usr/lib/libicui18n.so.48.1.1
7fcd8f750000-7fcd8f94f000 ---p 001bb000 08:46 2362255                    /usr/lib/libicui18n.so.48.1.1
7fcd8f94f000-7fcd8f95b000 r--p 001ba000 08:46 2362255                    /usr/lib/libicui18n.so.48.1.1
7fcd8f95b000-7fcd8f95d000 rw-p 001c6000 08:46 2362255                    /usr/lib/libicui18n.so.48.1.1
7fcd8f95d000-7fcd8fa4f000 r-xp 00000000 08:46 10489493                   /lib/x86_64-linux-gnu/libglib-2.0.so.0.3200.3
7fcd8fa4f000-7fcd8fc4f000 ---p 000f2000 08:46 10489493                   /lib/x86_64-linux-gnu/libglib-2.0.so.0.3200.3
7fcd8fc4f000-7fcd8fc50000 r--p 000f2000 08:46 10489493                   /lib/x86_64-linux-gnu/libglib-2.0.so.0.3200.3
7fcd8fc50000-7fcd8fc51000 rw-p 000f3000 08:46 10489493                   /lib/x86_64-linux-gnu/libglib-2.0.so.0.3200.3
7fcd8fc51000-7fcd8fc52000 rw-p 00000000 00:00 0 
7fcd8fc52000-7fcd8fc55000 r-xp 00000000 08:46 2366726                    /usr/lib/x86_64-linux-gnu/libgmodule-2.0.so.0.3200.3
7fcd8fc55000-7fcd8fe54000 ---p 00003000 08:46 2366726                    /usr/lib/x86_64-linux-gnu/libgmodule-2.0.so.0.3200.3
7fcd8fe54000-7fcd8fe55000 r--p 00002000 08:46 2366726                    /usr/lib/x86_64-linux-gnu/libgmodule-2.0.so.0.3200.3
7fcd8fe55000-7fcd8fe56000 rw-p 00003000 08:46 2366726                    /usr/lib/x86_64-linux-gnu/libgmodule-2.0.so.0.3200.3
7fcd8fe56000-7fcd8fea3000 r-xp 00000000 08:46 2366740                    /usr/lib/x86_64-linux-gnu/libgobject-2.0.so.0.3200.3
7fcd8fea3000-7fcd900a3000 ---p 0004d000 08:46 2366740                    /usr/lib/x86_64-linux-gnu/libgobject-2.0.so.0.3200.3
7fcd900a3000-7fcd900a4000 r--p 0004d000 08:46 2366740                    /usr/lib/x86_64-linux-gnu/libgobject-2.0.so.0.3200.3
7fcd900a4000-7fcd900a5000 rw-p 0004e000 08:46 2366740                    /usr/lib/x86_64-linux-gnu/libgobject-2.0.so.0.3200.3
7fcd900a5000-7fcd900a9000 r-xp 00000000 08:46 2366996                    /usr/lib/x86_64-linux-gnu/libsigc-2.0.so.0.0.0
7fcd900a9000-7fcd902a8000 ---p 00004000 08:46 2366996                    /usr/lib/x86_64-linux-gnu/libsigc-2.0.so.0.0.0
7fcd902a8000-7fcd902a9000 r--p 00003000 08:46 2366996                    /usr/lib/x86_64-linux-gnu/libsigc-2.0.so.0.0.0
7fcd902a9000-7fcd902aa000 rw-p 00004000 08:46 2366996                    /usr/lib/x86_64-linux-gnu/libsigc-2.0.so.0.0.0
7fcd902aa000-7fcd903fb000 r-xp 00000000 08:46 2361206                    /usr/lib/x86_64-linux-gnu/libxml2.so.2.7.8
7fcd903fb000-7fcd905fb000 ---p 00151000 08:46 2361206                    /usr/lib/x86_64-linux-gnu/libxml2.so.2.7.8
7fcd905fb000-7fcd90603000 r--p 00151000 08:46 2361206                    /usr/lib/x86_64-linux-gnu/libxml2.so.2.7.8
7fcd90603000-7fcd90605000 rw-p 00159000 08:46 2361206                    /usr/lib/x86_64-linux-gnu/libxml2.so.2.7.8
7fcd90605000-7fcd90606000 rw-p 00000000 00:00 0 
7fcd90606000-7fcd91775000 r-xp 00000000 08:46 2362253                    /usr/lib/libicudata.so.48.1.1
7fcd91775000-7fcd91974000 ---p 0116f000 08:46 2362253                    /usr/lib/libicudata.so.48.1.1
7fcd91974000-7fcd91975000 r--p 0116e000 08:46 2362253                    /usr/lib/libicudata.so.48.1.1
7fcd91975000-7fcd91976000 rw-p 0116f000 08:46 2362253                    /usr/lib/libicudata.so.48.1.1
7fcd91976000-7fcd91993000 r-xp 00000000 08:46 2369755                    /usr/lib/libboost_filesystem.so.1.48.0
7fcd91993000-7fcd91b93000 ---p 0001d000 08:46 2369755                    /usr/lib/libboost_filesystem.so.1.48.0
7fcd91b93000-7fcd91b94000 r--p 0001d000 08:46 2369755                    /usr/lib/libboost_filesystem.so.1.48.0
7fcd91b94000-7fcd91b95000 rw-p 0001e000 08:46 2369755                    /usr/lib/libboost_filesystem.so.1.48.0
7fcd91b95000-7fcd91b98000 r-xp 00000000 08:46 2369734                    /usr/lib/libboost_system.so.1.48.0
7fcd91b98000-7fcd91d97000 ---p 00003000 08:46 2369734                    /usr/lib/libboost_system.so.1.48.0
7fcd91d97000-7fcd91d98000 r--p 00002000 08:46 2369734                    /usr/lib/libboost_system.so.1.48.0
7fcd91d98000-7fcd91d99000 rw-p 00003000 08:46 2369734                    /usr/lib/libboost_system.so.1.48.0
7fcd91d99000-7fcd91e9a000 r-xp 00000000 08:46 2369807                    /usr/lib/libboost_regex.so.1.48.0
7fcd91e9a000-7fcd92099000 ---p 00101000 08:46 2369807                    /usr/lib/libboost_regex.so.1.48.0
7fcd92099000-7fcd9209e000 r--p 00100000 08:46 2369807                    /usr/lib/libboost_regex.so.1.48.0
7fcd9209e000-7fcd920a0000 rw-p 00105000 08:46 2369807                    /usr/lib/libboost_regex.so.1.48.0
7fcd920a0000-7fcd920a1000 rw-p 00000000 00:00 0 
7fcd920a1000-7fcd92102000 r-xp 00000000 08:46 2369927                    /usr/lib/libboost_program_options.so.1.48.0
7fcd92102000-7fcd92302000 ---p 00061000 08:46 2369927                    /usr/lib/libboost_program_options.so.1.48.0
7fcd92302000-7fcd92305000 r--p 00061000 08:46 2369927                    /usr/lib/libboost_program_options.so.1.48.0
7fcd92305000-7fcd92306000 rw-p 00064000 08:46 2369927                    /usr/lib/libboost_program_options.so.1.48.0
7fcd92306000-7fcd9236b000 r-xp 00000000 08:46 2366722                    /usr/lib/x86_64-linux-gnu/libglibmm-2.4.so.1.3.0
7fcd9236b000-7fcd9256a000 ---p 00065000 08:46 2366722                    /usr/lib/x86_64-linux-gnu/libglibmm-2.4.so.1.3.0
7fcd9256a000-7fcd9256c000 r--p 00064000 08:46 2366722                    /usr/lib/x86_64-linux-gnu/libglibmm-2.4.so.1.3.0
7fcd9256c000-7fcd9256e000 rw-p 00066000 08:46 2366722                    /usr/lib/x86_64-linux-gnu/libglibmm-2.4.so.1.3.0
7fcd9256e000-7fcd9258e000 r-xp 00000000 08:46 2370057                    /usr/lib/libxml++-2.6.so.2.0.7
7fcd9258e000-7fcd9278d000 ---p 00020000 08:46 2370057                    /usr/lib/libxml++-2.6.so.2.0.7
7fcd9278d000-7fcd9278f000 r--p 0001f000 08:46 2370057                    /usr/lib/libxml++-2.6.so.2.0.7
7fcd9278f000-7fcd92790000 rw-p 00021000 08:46 2370057                    /usr/lib/libxml++-2.6.so.2.0.7
7fcd92790000-7fcd9279d000 r-xp 00000000 08:46 2370050                    /usr/lib/libloki.so.0.1.7
7fcd9279d000-7fcd9299d000 ---p 0000d000 08:46 2370050                    /usr/lib/libloki.so.0.1.7
7fcd9299d000-7fcd9299e000 r--p 0000d000 08:46 2370050                    /usr/lib/libloki.so.0.1.7
7fcd9299e000-7fcd9299f000 rw-p 0000e000 08:46 2370050                    /usr/lib/libloki.so.0.1.7
7fcd9299f000-7fcd92a81000 r-xp 00000000 08:46 2367023                    /usr/lib/x86_64-linux-gnu/libstdc++.so.6.0.16
7fcd92a81000-7fcd92c80000 ---p 000e2000 08:46 2367023                    /usr/lib/x86_64-linux-gnu/libstdc++.so.6.0.16
7fcd92c80000-7fcd92c88000 r--p 000e1000 08:46 2367023                    /usr/lib/x86_64-linux-gnu/libstdc++.so.6.0.16
7fcd92c88000-7fcd92c8a000 rw-p 000e9000 08:46 2367023                    /usr/lib/x86_64-linux-gnu/libstdc++.so.6.0.16
7fcd92c8a000-7fcd92c9f000 rw-p 00000000 00:00 0 
7fcd92c9f000-7fcd92df4000 r-xp 00000000 08:46 2362267                    /usr/lib/libicuuc.so.48.1.1
7fcd92df4000-7fcd92ff4000 ---p 00155000 08:46 2362267                    /usr/lib/libicuuc.so.48.1.1
7fcd92ff4000-7fcd93004000 r--p 00155000 08:46 2362267                    /usr/lib/libicuuc.so.48.1.1
7fcd93004000-7fcd93005000 rw-p 00165000 08:46 2362267                    /usr/lib/libicuuc.so.48.1.1
7fcd93005000-7fcd93009000 rw-p 00000000 00:00 0 
7fcd93009000-7fcd93019000 r-xp 00000000 08:46 2628108                    /usr/local/lib/libpwrutils.so.1.0
7fcd93019000-7fcd93219000 ---p 00010000 08:46 2628108                    /usr/local/lib/libpwrutils.so.1.0
7fcd93219000-7fcd9321a000 r--p 00010000 08:46 2628108                    /usr/local/lib/libpwrutils.so.1.0
7fcd9321a000-7fcd9321b000 rw-p 00011000 08:46 2628108                    /usr/local/lib/libpwrutils.so.1.0
7fcd9321b000-7fcd9323c000 r-xp 00000000 08:46 2628114                    /usr/local/lib/libcorpus2_whole.so
7fcd9323c000-7fcd9343c000 ---p 00021000 08:46 2628114                    /usr/local/lib/libcorpus2_whole.so
7fcd9343c000-7fcd9343e000 r--p 00021000 08:46 2628114                    /usr/local/lib/libcorpus2_whole.so
7fcd9343e000-7fcd9343f000 rw-p 00023000 08:46 2628114                    /usr/local/lib/libcorpus2_whole.so
7fcd9343f000-7fcd93526000 r-xp 00000000 08:46 2628111                    /usr/local/lib/libcorpus2.so.1.5
7fcd93526000-7fcd93725000 ---p 000e7000 08:46 2628111                    /usr/local/lib/libcorpus2.so.1.5
7fcd93725000-7fcd9372a000 r--p 000e6000 08:46 2628111                    /usr/local/lib/libcorpus2.so.1.5
7fcd9372a000-7fcd9372c000 rw-p 000eb000 08:46 2628111                    /usr/local/lib/libcorpus2.so.1.5
7fcd9372c000-7fcd939ad000 r-xp 00000000 08:46 2360841                    /usr/lib/libpython2.7.so.1.0
7fcd939ad000-7fcd93bac000 ---p 00281000 08:46 2360841                    /usr/lib/libpython2.7.so.1.0
7fcd93bac000-7fcd93bae000 r--p 00280000 08:46 2360841                    /usr/lib/libpython2.7.so.1.0
7fcd93bae000-7fcd93c17000 rw-p 00282000 08:46 2360841                    /usr/lib/libpython2.7.so.1.0
7fcd93c17000-7fcd93c29000 rw-p 00000000 00:00 0 
7fcd93c29000-7fcd93deb000 r-xp 00000000 08:46 2628118                    /usr/local/lib/python2.7/dist-packages/_corpus2.so
7fcd93deb000-7fcd93fea000 ---p 001c2000 08:46 2628118                    /usr/local/lib/python2.7/dist-packages/_corpus2.so
7fcd93fea000-7fcd93fef000 r--p 001c1000 08:46 2628118                    /usr/local/lib/python2.7/dist-packages/_corpus2.so
7fcd93fef000-7fcd94000000 rw-p 001c6000 08:46 2628118                    /usr/local/lib/python2.7/dist-packages/_corpus2.so
7fcd94000000-7fcd94021000 rw-p 00000000 00:00 0 
7fcd94021000-7fcd98000000 ---p 00000000 00:00 0 
7fcd9804d000-7fcd98086000 r-xp 00000000 08:46 10489551                   /lib/x86_64-linux-gnu/libreadline.so.6.2
7fcd98086000-7fcd98286000 ---p 00039000 08:46 10489551                   /lib/x86_64-linux-gnu/libreadline.so.6.2
7fcd98286000-7fcd98288000 r--p 00039000 08:46 10489551                   /lib/x86_64-linux-gnu/libreadline.so.6.2
7fcd98288000-7fcd9828e000 rw-p 0003b000 08:46 10489551                   /lib/x86_64-linux-gnu/libreadline.so.6.2
7fcd9828e000-7fcd9828f000 rw-p 00000000 00:00 0 
7fcd9828f000-7fcd98294000 r-xp 00000000 08:46 2491236                    /usr/lib/python2.7/lib-dynload/readline.so
7fcd98294000-7fcd98493000 ---p 00005000 08:46 2491236                    /usr/lib/python2.7/lib-dynload/readline.so
7fcd98493000-7fcd98494000 r--p 00004000 08:46 2491236                    /usr/lib/python2.7/lib-dynload/readline.so
7fcd98494000-7fcd98496000 rw-p 00005000 08:46 2491236                    /usr/lib/python2.7/lib-dynload/readline.so
7fcd98496000-7fcd98497000 ---p 00000000 00:00 0 
7fcd98497000-7fcd98c97000 rw-p 00000000 00:00 0                          [stack:27424]
7fcd98c97000-7fcd98c9a000 r-xp 00000000 08:46 2491205                    /usr/lib/python2.7/lib-dynload/_lsprof.so
7fcd98c9a000-7fcd98e9a000 ---p 00003000 08:46 2491205                    /usr/lib/python2.7/lib-dynload/_lsprof.so
7fcd98e9a000-7fcd98e9b000 r--p 00003000 08:46 2491205                    /usr/lib/python2.7/lib-dynload/_lsprof.so
7fcd98e9b000-7fcd98e9c000 rw-p 00004000 08:46 2491205                    /usr/lib/python2.7/lib-dynload/_lsprof.so
7fcd98e9c000-7fcd98ec3000 r-xp 00000000 08:46 10489486                   /lib/x86_64-linux-gnu/libexpat.so.1.5.2
7fcd98ec3000-7fcd990c3000 ---p 00027000 08:46 10489486                   /lib/x86_64-linux-gnu/libexpat.so.1.5.2
7fcd990c3000-7fcd990c5000 r--p 00027000 08:46 10489486                   /lib/x86_64-linux-gnu/libexpat.so.1.5.2
7fcd990c5000-7fcd990c6000 rw-p 00029000 08:46 10489486                   /lib/x86_64-linux-gnu/libexpat.so.1.5.2
7fcd990de000-7fcd990ec000 r-xp 00000000 08:46 2491237                    /usr/lib/python2.7/lib-dynload/pyexpat.so
7fcd990ec000-7fcd992eb000 ---p 0000e000 08:46 2491237                    /usr/lib/python2.7/lib-dynload/pyexpat.so
7fcd992eb000-7fcd992ec000 r--p 0000d000 08:46 2491237                    /usr/lib/python2.7/lib-dynload/pyexpat.so
7fcd992ec000-7fcd992ee000 rw-p 0000e000 08:46 2491237                    /usr/lib/python2.7/lib-dynload/pyexpat.so
7fcd992ee000-7fcd992ef000 rwxp 00000000 00:00 0 
7fcd992ef000-7fcd99310000 r-xp 00000000 08:46 2491218                    /usr/lib/python2.7/lib-dynload/_ctypes.so
7fcd99310000-7fcd9950f000 ---p 00021000 08:46 2491218                    /usr/lib/python2.7/lib-dynload/_ctypes.so
7fcd9950f000-7fcd99510000 r--p 00020000 08:46 2491218                    /usr/lib/python2.7/lib-dynload/_ctypes.so
7fcd99510000-7fcd99514000 rw-p 00021000 08:46 2491218                    /usr/lib/python2.7/lib-dynload/_ctypes.so
7fcd99514000-7fcd99515000 rw-p 00000000 00:00 0 
7fcd99515000-7fcd995b3000 r-xp 00000000 08:46 2367013                    /usr/lib/x86_64-linux-gnu/libsqlite3.so.0.8.6
7fcd995b3000-7fcd997b3000 ---p 0009e000 08:46 2367013                    /usr/lib/x86_64-linux-gnu/libsqlite3.so.0.8.6
7fcd997b3000-7fcd997b5000 r--p 0009e000 08:46 2367013                    /usr/lib/x86_64-linux-gnu/libsqlite3.so.0.8.6
7fcd997b5000-7fcd997b7000 rw-p 000a0000 08:46 2367013                    /usr/lib/x86_64-linux-gnu/libsqlite3.so.0.8.6
7fcd997b7000-7fcd997b8000 rw-p 00000000 00:00 0 
7fcd997b8000-7fcd997c9000 r-xp 00000000 08:46 2491160                    /usr/lib/python2.7/lib-dynload/_sqlite3.so
7fcd997c9000-7fcd999c9000 ---p 00011000 08:46 2491160                    /usr/lib/python2.7/lib-dynload/_sqlite3.so
7fcd999c9000-7fcd999ca000 r--p 00011000 08:46 2491160                    /usr/lib/python2.7/lib-dynload/_sqlite3.so
7fcd999ca000-7fcd999cc000 rw-p 00012000 08:46 2491160                    /usr/lib/python2.7/lib-dynload/_sqlite3.so
7fcd999cc000-7fcd999ee000 r-xp 00000000 08:46 10489565                   /lib/x86_64-linux-gnu/libtinfo.so.5.9
7fcd999ee000-7fcd99bee000 ---p 00022000 08:46 10489565                   /lib/x86_64-linux-gnu/libtinfo.so.5.9
7fcd99bee000-7fcd99bf2000 r--p 00022000 08:46 10489565                   /lib/x86_64-linux-gnu/libtinfo.so.5.9
7fcd99bf2000-7fcd99bf3000 rw-p 00026000 08:46 10489565                   /lib/x86_64-linux-gnu/libtinfo.so.5.9
7fcd99bf3000-7fcd99c1f000 r-xp 00000000 08:46 10489508                   /lib/x86_64-linux-gnu/libncursesw.so.5.9
7fcd99c1f000-7fcd99e1e000 ---p 0002c000 08:46 10489508                   /lib/x86_64-linux-gnu/libncursesw.so.5.9
7fcd99e1e000-7fcd99e1f000 r--p 0002b000 08:46 10489508                   /lib/x86_64-linux-gnu/libncursesw.so.5.9
7fcd99e1f000-7fcd99e20000 rw-p 0002c000 08:46 10489508                   /lib/x86_64-linux-gnu/libncursesw.so.5.9
7fcd99e38000-7fcd99e4b000 r-xp 00000000 08:46 2491149                    /usr/lib/python2.7/lib-dynload/_curses.so
7fcd99e4b000-7fcd9a04a000 ---p 00013000 08:46 2491149                    /usr/lib/python2.7/lib-dynload/_curses.so
7fcd9a04a000-7fcd9a04b000 r--p 00012000 08:46 2491149                    /usr/lib/python2.7/lib-dynload/_curses.so
7fcd9a04b000-7fcd9a04d000 rw-p 00013000 08:46 2491149                    /usr/lib/python2.7/lib-dynload/_curses.so
7fcd9a04d000-7fcd9a06c000 r-xp 00000000 08:46 2491219                    /usr/lib/python2.7/lib-dynload/_io.so
7fcd9a06c000-7fcd9a26b000 ---p 0001f000 08:46 2491219                    /usr/lib/python2.7/lib-dynload/_io.so
7fcd9a26b000-7fcd9a26c000 r--p 0001e000 08:46 2491219                    /usr/lib/python2.7/lib-dynload/_io.so
7fcd9a26c000-7fcd9a275000 rw-p 0001f000 08:46 2491219                    /usr/lib/python2.7/lib-dynload/_io.so
7fcd9a275000-7fcd9a289000 r-xp 00000000 08:46 2491163                    /usr/lib/python2.7/lib-dynload/datetime.so
7fcd9a289000-7fcd9a488000 ---p 00014000 08:46 2491163                    /usr/lib/python2.7/lib-dynload/datetime.so
7fcd9a488000-7fcd9a489000 r--p 00013000 08:46 2491163                    /usr/lib/python2.7/lib-dynload/datetime.so
7fcd9a489000-7fcd9a48d000 rw-p 00014000 08:46 2491163                    /usr/lib/python2.7/lib-dynload/datetime.so
7fcd9a48d000-7fcd9a491000 r-xp 00000000 08:46 2491153                    /usr/lib/python2.7/lib-dynload/termios.so
7fcd9a491000-7fcd9a690000 ---p 00004000 08:46 2491153                    /usr/lib/python2.7/lib-dynload/termios.so
7fcd9a690000-7fcd9a691000 r--p 00003000 08:46 2491153                    /usr/lib/python2.7/lib-dynload/termios.so
7fcd9a691000-7fcd9a693000 rw-p 00004000 08:46 2491153                    /usr/lib/python2.7/lib-dynload/termios.so
7fcd9a693000-7fcd9a695000 r-xp 00000000 08:46 2491148                    /usr/lib/python2.7/lib-dynload/resource.so
7fcd9a695000-7fcd9a894000 ---p 00002000 08:46 2491148                    /usr/lib/python2.7/lib-dynload/resource.so
7fcd9a894000-7fcd9a895000 r--p 00001000 08:46 2491148                    /usr/lib/python2.7/lib-dynload/resource.so
7fcd9a895000-7fcd9a896000 rw-p 00002000 08:46 2491148                    /usr/lib/python2.7/lib-dynload/resource.so
7fcd9a896000-7fcd9a957000 rw-p 00000000 00:00 0 
7fcd9a958000-7fcd9a95b000 r-xp 00000000 08:46 2491222                    /usr/lib/python2.7/lib-dynload/_heapq.so
7fcd9a95b000-7fcd9ab5a000 ---p 00003000 08:46 2491222                    /usr/lib/python2.7/lib-dynload/_heapq.so
7fcd9ab5a000-7fcd9ab5b000 r--p 00002000 08:46 2491222                    /usr/lib/python2.7/lib-dynload/_heapq.so
7fcd9ab5b000-7fcd9ab5d000 rw-p 00003000 08:46 2491222                    /usr/lib/python2.7/lib-dynload/_heapq.so
7fcd9ab5d000-7fcd9b240000 r--p 00000000 08:46 2365800                    /usr/lib/locale/locale-archive
7fcd9b240000-7fcd9b255000 r-xp 00000000 08:46 10489489                   /lib/x86_64-linux-gnu/libgcc_s.so.1
7fcd9b255000-7fcd9b454000 ---p 00015000 08:46 10489489                   /lib/x86_64-linux-gnu/libgcc_s.so.1
7fcd9b454000-7fcd9b455000 r--p 00014000 08:46 10489489                   /lib/x86_64-linux-gnu/libgcc_s.so.1
7fcd9b455000-7fcd9b456000 rw-p 00015000 08:46 10489489                   /lib/x86_64-linux-gnu/libgcc_s.so.1
7fcd9b456000-7fcd9b60b000 r-xp 00000000 08:46 10485783                   /lib/x86_64-linux-gnu/libc-2.15.so
7fcd9b60b000-7fcd9b80a000 ---p 001b5000 08:46 10485783                   /lib/x86_64-linux-gnu/libc-2.15.so
7fcd9b80a000-7fcd9b80e000 r--p 001b4000 08:46 10485783                   /lib/x86_64-linux-gnu/libc-2.15.so
7fcd9b80e000-7fcd9b810000 rw-p 001b8000 08:46 10485783                   /lib/x86_64-linux-gnu/libc-2.15.so
7fcd9b810000-7fcd9b815000 rw-p 00000000 00:00 0 
7fcd9b815000-7fcd9b910000 r-xp 00000000 08:46 10485887                   /lib/x86_64-linux-gnu/libm-2.15.so
7fcd9b910000-7fcd9bb0f000 ---p 000fb000 08:46 10485887                   /lib/x86_64-linux-gnu/libm-2.15.so
7fcd9bb0f000-7fcd9bb10000 r--p 000fa000 08:46 10485887                   /lib/x86_64-linux-gnu/libm-2.15.so
7fcd9bb10000-7fcd9bb11000 rw-p 000fb000 08:46 10485887                   /lib/x86_64-linux-gnu/libm-2.15.so
7fcd9bb11000-7fcd9bb27000 r-xp 00000000 08:46 10489579                   /lib/x86_64-linux-gnu/libz.so.1.2.3.4
7fcd9bb27000-7fcd9bd26000 ---p 00016000 08:46 10489579                   /lib/x86_64-linux-gnu/libz.so.1.2.3.4
7fcd9bd26000-7fcd9bd27000 r--p 00015000 08:46 10489579                   /lib/x86_64-linux-gnu/libz.so.1.2.3.4
7fcd9bd27000-7fcd9bd28000 rw-p 00016000 08:46 10489579                   /lib/x86_64-linux-gnu/libz.so.1.2.3.4
7fcd9bd28000-7fcd9bed9000 r-xp 00000000 08:46 10489449                   /lib/x86_64-linux-gnu/libcrypto.so.1.0.0
7fcd9bed9000-7fcd9c0d9000 ---p 001b1000 08:46 10489449                   /lib/x86_64-linux-gnu/libcrypto.so.1.0.0
7fcd9c0d9000-7fcd9c0f4000 r--p 001b1000 08:46 10489449                   /lib/x86_64-linux-gnu/libcrypto.so.1.0.0
7fcd9c0f4000-7fcd9c0ff000 rw-p 001cc000 08:46 10489449                   /lib/x86_64-linux-gnu/libcrypto.so.1.0.0
7fcd9c0ff000-7fcd9c103000 rw-p 00000000 00:00 0 
7fcd9c103000-7fcd9c157000 r-xp 00000000 08:46 10489450                   /lib/x86_64-linux-gnu/libssl.so.1.0.0
7fcd9c157000-7fcd9c357000 ---p 00054000 08:46 10489450                   /lib/x86_64-linux-gnu/libssl.so.1.0.0
7fcd9c357000-7fcd9c35a000 r--p 00054000 08:46 10489450                   /lib/x86_64-linux-gnu/libssl.so.1.0.0
7fcd9c35a000-7fcd9c360000 rw-p 00057000 08:46 10489450                   /lib/x86_64-linux-gnu/libssl.so.1.0.0
7fcd9c360000-7fcd9c361000 rw-p 00000000 00:00 0 
7fcd9c361000-7fcd9c363000 r-xp 00000000 08:46 10485894                   /lib/x86_64-linux-gnu/libutil-2.15.so
7fcd9c363000-7fcd9c562000 ---p 00002000 08:46 10485894                   /lib/x86_64-linux-gnu/libutil-2.15.so
7fcd9c562000-7fcd9c563000 r--p 00001000 08:46 10485894                   /lib/x86_64-linux-gnu/libutil-2.15.so
7fcd9c563000-7fcd9c564000 rw-p 00002000 08:46 10485894                   /lib/x86_64-linux-gnu/libutil-2.15.so
7fcd9c564000-7fcd9c566000 r-xp 00000000 08:46 10485772                   /lib/x86_64-linux-gnu/libdl-2.15.so
7fcd9c566000-7fcd9c766000 ---p 00002000 08:46 10485772                   /lib/x86_64-linux-gnu/libdl-2.15.so
7fcd9c766000-7fcd9c767000 r--p 00002000 08:46 10485772                   /lib/x86_64-linux-gnu/libdl-2.15.so
7fcd9c767000-7fcd9c768000 rw-p 00003000 08:46 10485772                   /lib/x86_64-linux-gnu/libdl-2.15.so
7fcd9c768000-7fcd9c780000 r-xp 00000000 08:46 10485881                   /lib/x86_64-linux-gnu/libpthread-2.15.so
7fcd9c780000-7fcd9c97f000 ---p 00018000 08:46 10485881                   /lib/x86_64-linux-gnu/libpthread-2.15.so
7fcd9c97f000-7fcd9c980000 r--p 00017000 08:46 10485881                   /lib/x86_64-linux-gnu/libpthread-2.15.so
7fcd9c980000-7fcd9c981000 rw-p 00018000 08:46 10485881                   /lib/x86_64-linux-gnu/libpthread-2.15.so
7fcd9c981000-7fcd9c985000 rw-p 00000000 00:00 0 
7fcd9c985000-7fcd9c9a7000 r-xp 00000000 08:46 10485893                   /lib/x86_64-linux-gnu/ld-2.15.so
7fcd9c9f8000-7fcd9c9fa000 r--s 00016000 08:45 45744151                   /home/michal/repo/liner2/lib/ini4j-0.5.0.jar
7fcd9c9fa000-7fcd9c9fc000 r--s 0000d000 08:45 45762292                   /home/michal/repo/liner2/lib/liblinear-1.92.jar
7fcd9c9fc000-7fcd9ca00000 r--s 00030000 08:45 45761047                   /home/michal/repo/liner2/lib/nlog4j-1.2.25.jar
7fcd9ca00000-7fcd9ca0b000 r--s 000ad000 08:45 45761050                   /home/michal/repo/liner2/lib/maltparser-1.7.1.jar
7fcd9ca0b000-7fcd9ca0d000 r--s 00010000 08:45 45744220                   /home/michal/repo/liner2/lib/princetonAdapter.jar
7fcd9ca0d000-7fcd9ca4a000 r--s 005f1000 08:45 45744162                   /home/michal/repo/liner2/lib/weka-3.6.9.jar
7fcd9ca4a000-7fcd9ca51000 r--s 000b2000 08:45 45744222                   /home/michal/repo/liner2/lib/mysql-connector-java-5.1.10.jar
7fcd9ca51000-7fcd9cad3000 rw-p 00000000 00:00 0 
7fcd9cb05000-7fcd9cb8d000 rw-p 00000000 00:00 0 
7fcd9cb8e000-7fcd9cb92000 r--s 0008a000 08:46 3279219                    /usr/lib/jvm/java-7-oracle/jre/lib/jsse.jar
7fcd9cb92000-7fcd9cb93000 r--s 00001000 08:45 45744219                   /home/michal/repo/liner2/lib/CRFPP.jar
7fcd9cb93000-7fcd9cb9b000 rw-s 00000000 08:46 8126596                    /tmp/hsperfdata_michal/27423
7fcd9cb9b000-7fcd9cb9c000 rw-p 00000000 00:00 0 
7fcd9cb9c000-7fcd9cb9d000 r--p 00000000 00:00 0 
7fcd9cb9d000-7fcd9cba4000 r--s 00000000 08:46 2622641                    /usr/lib/x86_64-linux-gnu/gconv/gconv-modules.cache
7fcd9cba4000-7fcd9cba7000 rw-p 00000000 00:00 0 
7fcd9cba7000-7fcd9cba8000 r--p 00022000 08:46 10485893                   /lib/x86_64-linux-gnu/ld-2.15.so
7fcd9cba8000-7fcd9cbaa000 rw-p 00023000 08:46 10485893                   /lib/x86_64-linux-gnu/ld-2.15.so
7fff9f93b000-7fff9f93e000 ---p 00000000 00:00 0 
7fff9f93f000-7fff9fa3b000 rw-p 00000000 00:00 0                          [stack]
7fff9faa4000-7fff9faa5000 r-xp 00000000 00:00 0                          [vdso]
ffffffffff600000-ffffffffff601000 r-xp 00000000 00:00 0                  [vsyscall]

VM Arguments:
jvm_args: -Djava.library.path=../lib 
java_command: <unknown>
Launcher Type: generic

Environment Variables:
JAVA_HOME=/usr/lib/jvm/java-7-oracle
PATH=/usr/lib/lightdm/lightdm:/usr/local/sbin:/usr/local/bin:/usr/sbin:/usr/bin:/sbin:/bin:/usr/games
SHELL=/bin/bash
DISPLAY=:0

Signal Handlers:
SIGSEGV: [libjvm.so+0x8a26a0], sa_mask[0]=0x7ffbfeff, sa_flags=0x10000004
SIGBUS: [libjvm.so+0x8a26a0], sa_mask[0]=0x7ffbfeff, sa_flags=0x10000004
SIGFPE: [libjvm.so+0x73f3d0], sa_mask[0]=0x7ffbfeff, sa_flags=0x10000004
SIGPIPE: [libjvm.so+0x73f3d0], sa_mask[0]=0x7ffbfeff, sa_flags=0x10000004
SIGXFSZ: [libjvm.so+0x73f3d0], sa_mask[0]=0x7ffbfeff, sa_flags=0x10000004
SIGILL: [libjvm.so+0x73f3d0], sa_mask[0]=0x7ffbfeff, sa_flags=0x10000004
SIGUSR1: SIG_DFL, sa_mask[0]=0x00000000, sa_flags=0x00000000
SIGUSR2: [libjvm.so+0x73ed20], sa_mask[0]=0x00000000, sa_flags=0x10000004
SIGHUP: [libjvm.so+0x7410b0], sa_mask[0]=0x7ffbfeff, sa_flags=0x10000004
SIGINT: [libjvm.so+0x7410b0], sa_mask[0]=0x7ffbfeff, sa_flags=0x10000004
SIGTERM: [libjvm.so+0x7410b0], sa_mask[0]=0x7ffbfeff, sa_flags=0x10000004
SIGQUIT: [libjvm.so+0x7410b0], sa_mask[0]=0x7ffbfeff, sa_flags=0x10000004


---------------  S Y S T E M  ---------------

OS:wheezy/sid

uname:Linux 3.5.0-36-generic #57~precise1-Ubuntu SMP Thu Jun 20 18:21:09 UTC 2013 x86_64
libc:glibc 2.15 NPTL 2.15 
rlimit: STACK 8192k, CORE 0k, NPROC 95980, NOFILE 4096, AS infinity
load average:0.90 0.99 0.75

/proc/meminfo:
MemTotal:       12304192 kB
MemFree:         1021624 kB
Buffers:          452772 kB
Cached:          5268860 kB
SwapCached:         4764 kB
Active:          7950576 kB
Inactive:        2717784 kB
Active(anon):    4685720 kB
Inactive(anon):   292528 kB
Active(file):    3264856 kB
Inactive(file):  2425256 kB
Unevictable:         112 kB
Mlocked:             112 kB
SwapTotal:      27734428 kB
SwapFree:       27713804 kB
Dirty:               492 kB
Writeback:             0 kB
AnonPages:       4942744 kB
Mapped:           253124 kB
Shmem:             31532 kB
Slab:             408868 kB
SReclaimable:     363404 kB
SUnreclaim:        45464 kB
KernelStack:        5064 kB
PageTables:        38816 kB
NFS_Unstable:          0 kB
Bounce:                0 kB
WritebackTmp:          0 kB
CommitLimit:    33886524 kB
Committed_AS:    8179456 kB
VmallocTotal:   34359738367 kB
VmallocUsed:      367360 kB
VmallocChunk:   34359360424 kB
HardwareCorrupted:     0 kB
AnonHugePages:         0 kB
HugePages_Total:       0
HugePages_Free:        0
HugePages_Rsvd:        0
HugePages_Surp:        0
Hugepagesize:       2048 kB
DirectMap4k:      159616 kB
DirectMap2M:    12421120 kB


CPU:total 8 (4 cores per cpu, 2 threads per core) family 6 model 26 stepping 5, cmov, cx8, fxsr, mmx, sse, sse2, sse3, ssse3, sse4.1, sse4.2, popcnt, ht, tsc, tscinvbit, tscinv

/proc/cpuinfo:
processor	: 0
vendor_id	: GenuineIntel
cpu family	: 6
model		: 26
model name	: Intel(R) Core(TM) i7 CPU         920  @ 2.67GHz
stepping	: 5
microcode	: 0xf
cpu MHz		: 1596.000
cache size	: 8192 KB
physical id	: 0
siblings	: 8
core id		: 0
cpu cores	: 4
apicid		: 0
initial apicid	: 0
fpu		: yes
fpu_exception	: yes
cpuid level	: 11
wp		: yes
flags		: fpu vme de pse tsc msr pae mce cx8 apic sep mtrr pge mca cmov pat pse36 clflush dts acpi mmx fxsr sse sse2 ss ht tm pbe syscall nx rdtscp lm constant_tsc arch_perfmon pebs bts rep_good nopl xtopology nonstop_tsc aperfmperf pni dtes64 monitor ds_cpl vmx est tm2 ssse3 cx16 xtpr pdcm sse4_1 sse4_2 popcnt lahf_lm ida dtherm tpr_shadow vnmi flexpriority ept vpid
bogomips	: 5397.23
clflush size	: 64
cache_alignment	: 64
address sizes	: 36 bits physical, 48 bits virtual
power management:

processor	: 1
vendor_id	: GenuineIntel
cpu family	: 6
model		: 26
model name	: Intel(R) Core(TM) i7 CPU         920  @ 2.67GHz
stepping	: 5
microcode	: 0xf
cpu MHz		: 1596.000
cache size	: 8192 KB
physical id	: 0
siblings	: 8
core id		: 1
cpu cores	: 4
apicid		: 2
initial apicid	: 2
fpu		: yes
fpu_exception	: yes
cpuid level	: 11
wp		: yes
flags		: fpu vme de pse tsc msr pae mce cx8 apic sep mtrr pge mca cmov pat pse36 clflush dts acpi mmx fxsr sse sse2 ss ht tm pbe syscall nx rdtscp lm constant_tsc arch_perfmon pebs bts rep_good nopl xtopology nonstop_tsc aperfmperf pni dtes64 monitor ds_cpl vmx est tm2 ssse3 cx16 xtpr pdcm sse4_1 sse4_2 popcnt lahf_lm ida dtherm tpr_shadow vnmi flexpriority ept vpid
bogomips	: 5397.23
clflush size	: 64
cache_alignment	: 64
address sizes	: 36 bits physical, 48 bits virtual
power management:

processor	: 2
vendor_id	: GenuineIntel
cpu family	: 6
model		: 26
model name	: Intel(R) Core(TM) i7 CPU         920  @ 2.67GHz
stepping	: 5
microcode	: 0xf
cpu MHz		: 1596.000
cache size	: 8192 KB
physical id	: 0
siblings	: 8
core id		: 2
cpu cores	: 4
apicid		: 4
initial apicid	: 4
fpu		: yes
fpu_exception	: yes
cpuid level	: 11
wp		: yes
flags		: fpu vme de pse tsc msr pae mce cx8 apic sep mtrr pge mca cmov pat pse36 clflush dts acpi mmx fxsr sse sse2 ss ht tm pbe syscall nx rdtscp lm constant_tsc arch_perfmon pebs bts rep_good nopl xtopology nonstop_tsc aperfmperf pni dtes64 monitor ds_cpl vmx est tm2 ssse3 cx16 xtpr pdcm sse4_1 sse4_2 popcnt lahf_lm ida dtherm tpr_shadow vnmi flexpriority ept vpid
bogomips	: 5397.23
clflush size	: 64
cache_alignment	: 64
address sizes	: 36 bits physical, 48 bits virtual
power management:

processor	: 3
vendor_id	: GenuineIntel
cpu family	: 6
model		: 26
model name	: Intel(R) Core(TM) i7 CPU         920  @ 2.67GHz
stepping	: 5
microcode	: 0xf
cpu MHz		: 1596.000
cache size	: 8192 KB
physical id	: 0
siblings	: 8
core id		: 3
cpu cores	: 4
apicid		: 6
initial apicid	: 6
fpu		: yes
fpu_exception	: yes
cpuid level	: 11
wp		: yes
flags		: fpu vme de pse tsc msr pae mce cx8 apic sep mtrr pge mca cmov pat pse36 clflush dts acpi mmx fxsr sse sse2 ss ht tm pbe syscall nx rdtscp lm constant_tsc arch_perfmon pebs bts rep_good nopl xtopology nonstop_tsc aperfmperf pni dtes64 monitor ds_cpl vmx est tm2 ssse3 cx16 xtpr pdcm sse4_1 sse4_2 popcnt lahf_lm ida dtherm tpr_shadow vnmi flexpriority ept vpid
bogomips	: 5397.23
clflush size	: 64
cache_alignment	: 64
address sizes	: 36 bits physical, 48 bits virtual
power management:

processor	: 4
vendor_id	: GenuineIntel
cpu family	: 6
model		: 26
model name	: Intel(R) Core(TM) i7 CPU         920  @ 2.67GHz
stepping	: 5
microcode	: 0xf
cpu MHz		: 1596.000
cache size	: 8192 KB
physical id	: 0
siblings	: 8
core id		: 0
cpu cores	: 4
apicid		: 1
initial apicid	: 1
fpu		: yes
fpu_exception	: yes
cpuid level	: 11
wp		: yes
flags		: fpu vme de pse tsc msr pae mce cx8 apic sep mtrr pge mca cmov pat pse36 clflush dts acpi mmx fxsr sse sse2 ss ht tm pbe syscall nx rdtscp lm constant_tsc arch_perfmon pebs bts rep_good nopl xtopology nonstop_tsc aperfmperf pni dtes64 monitor ds_cpl vmx est tm2 ssse3 cx16 xtpr pdcm sse4_1 sse4_2 popcnt lahf_lm ida dtherm tpr_shadow vnmi flexpriority ept vpid
bogomips	: 5397.23
clflush size	: 64
cache_alignment	: 64
address sizes	: 36 bits physical, 48 bits virtual
power management:

processor	: 5
vendor_id	: GenuineIntel
cpu family	: 6
model		: 26
model name	: Intel(R) Core(TM) i7 CPU         920  @ 2.67GHz
stepping	: 5
microcode	: 0xf
cpu MHz		: 1596.000
cache size	: 8192 KB
physical id	: 0
siblings	: 8
core id		: 1
cpu cores	: 4
apicid		: 3
initial apicid	: 3
fpu		: yes
fpu_exception	: yes
cpuid level	: 11
wp		: yes
flags		: fpu vme de pse tsc msr pae mce cx8 apic sep mtrr pge mca cmov pat pse36 clflush dts acpi mmx fxsr sse sse2 ss ht tm pbe syscall nx rdtscp lm constant_tsc arch_perfmon pebs bts rep_good nopl xtopology nonstop_tsc aperfmperf pni dtes64 monitor ds_cpl vmx est tm2 ssse3 cx16 xtpr pdcm sse4_1 sse4_2 popcnt lahf_lm ida dtherm tpr_shadow vnmi flexpriority ept vpid
bogomips	: 5397.23
clflush size	: 64
cache_alignment	: 64
address sizes	: 36 bits physical, 48 bits virtual
power management:

processor	: 6
vendor_id	: GenuineIntel
cpu family	: 6
model		: 26
model name	: Intel(R) Core(TM) i7 CPU         920  @ 2.67GHz
stepping	: 5
microcode	: 0xf
cpu MHz		: 1596.000
cache size	: 8192 KB
physical id	: 0
siblings	: 8
core id		: 2
cpu cores	: 4
apicid		: 5
initial apicid	: 5
fpu		: yes
fpu_exception	: yes
cpuid level	: 11
wp		: yes
flags		: fpu vme de pse tsc msr pae mce cx8 apic sep mtrr pge mca cmov pat pse36 clflush dts acpi mmx fxsr sse sse2 ss ht tm pbe syscall nx rdtscp lm constant_tsc arch_perfmon pebs bts rep_good nopl xtopology nonstop_tsc aperfmperf pni dtes64 monitor ds_cpl vmx est tm2 ssse3 cx16 xtpr pdcm sse4_1 sse4_2 popcnt lahf_lm ida dtherm tpr_shadow vnmi flexpriority ept vpid
bogomips	: 5397.23
clflush size	: 64
cache_alignment	: 64
address sizes	: 36 bits physical, 48 bits virtual
power management:

processor	: 7
vendor_id	: GenuineIntel
cpu family	: 6
model		: 26
model name	: Intel(R) Core(TM) i7 CPU         920  @ 2.67GHz
stepping	: 5
microcode	: 0xf
cpu MHz		: 1596.000
cache size	: 8192 KB
physical id	: 0
siblings	: 8
core id		: 3
cpu cores	: 4
apicid		: 7
initial apicid	: 7
fpu		: yes
fpu_exception	: yes
cpuid level	: 11
wp		: yes
flags		: fpu vme de pse tsc msr pae mce cx8 apic sep mtrr pge mca cmov pat pse36 clflush dts acpi mmx fxsr sse sse2 ss ht tm pbe syscall nx rdtscp lm constant_tsc arch_perfmon pebs bts rep_good nopl xtopology nonstop_tsc aperfmperf pni dtes64 monitor ds_cpl vmx est tm2 ssse3 cx16 xtpr pdcm sse4_1 sse4_2 popcnt lahf_lm ida dtherm tpr_shadow vnmi flexpriority ept vpid
bogomips	: 5397.23
clflush size	: 64
cache_alignment	: 64
address sizes	: 36 bits physical, 48 bits virtual
power management:



Memory: 4k page, physical 12304192k(1021624k free), swap 27734428k(27713804k free)

vm_info: Java HotSpot(TM) 64-Bit Server VM (23.25-b01) for linux-amd64 JRE (1.7.0_25-b15), built on Jun  5 2013 20:48:36 by "java_re" with gcc 4.3.0 20080428 (Red Hat 4.3.0-8)

time: Wed Aug 14 15:43:18 2013
elapsed time: 43 seconds

