#
# A fatal error has been detected by the Java Runtime Environment:
#
#  SIGSEGV (0xb) at pc=0x00007f581f055de8, pid=12118, tid=140016560703232
#
# JRE version: 6.0_26-b03
# Java VM: Java HotSpot(TM) 64-Bit Server VM (20.1-b02 mixed mode linux-amd64 compressed oops)
# Problematic frame:
# C  [libcrfpp.so.0+0x2ede8]  CRFPP::TaggerImpl::next_transition_vector(unsigned long, unsigned long, unsigned long) const+0x8
#
# If you would like to submit a bug report, please visit:
#   http://java.sun.com/webapps/bugreport/crash.jsp
# The crash happened outside the Java Virtual Machine in native code.
# See problematic frame for where to report the bug.
#

---------------  T H R E A D  ---------------

Current thread (0x0000000040f08800):  JavaThread "main" [_thread_in_native, id=12119, stack(0x00007f58254d0000,0x00007f58255d1000)]

siginfo:si_signo=SIGSEGV: si_errno=0, si_code=128 (), si_addr=0x0000000000000000

Registers:
RAX=0x0000000000000000, RBX=0x0000000040f089d0, RCX=0x00007f58255cf628, RDX=0x0000000040fc91a0
RSP=0x00007f58255cf588, RBP=0x00007f58255cf608, RSI=0x00017e087016e248, RDI=0x0000000040fc91a0
R8 =0x0000000040f09580, R9 =0x00007f58262d9550, R10=0x00007f5821d6cd41, R11=0x00007f5825fdd170
R12=0x0000000000000000, R13=0x00000006ffa59830, R14=0x00007f58255cf638, R15=0x0000000040f08800
RIP=0x00007f581f055de8, EFLAGS=0x0000000000010206, CSGSFS=0x0000000000000033, ERR=0x0000000000000000
  TRAPNO=0x000000000000000d

Top of Stack: (sp=0x00007f58255cf588)
0x00007f58255cf588:   00007f581f265904 00007f58255cf608
0x00007f58255cf598:   00007f5821d6cc06 00000006ffa59830
0x00007f58255cf5a8:   00007f5821d6cd6e 0000000040f09600
0x00007f58255cf5b8:   0000000040f09620 0000000040f08800
0x00007f58255cf5c8:   00007f58255cf5c8 00000006ffa59830
0x00007f58255cf5d8:   00007f58255cf638 00000006ffa5a288
0x00007f58255cf5e8:   0000000000000000 00000006ffa59830
0x00007f58255cf5f8:   0000000000000000 00007f58255cf628
0x00007f58255cf608:   00007f58255cf680 00007f5821d6185a
0x00007f58255cf618:   00000006ffa5a220 00007f5821d69f40
0x00007f58255cf628:   00000007ef408918 0000000040fc91a0
0x00007f58255cf638:   00000007ef408918 00007f58255cf640
0x00007f58255cf648:   00000006ffa56cf5 00007f58255cf690
0x00007f58255cf658:   00000006ffa57698 0000000000000000
0x00007f58255cf668:   00000006ffa56d00 00007f58255cf628
0x00007f58255cf678:   00007f58255cf690 00007f58255cf6d8
0x00007f58255cf688:   00007f5821d6185a 00000007ef408918
0x00007f58255cf698:   00007f58255cf698 00000006ff9a6b60
0x00007f58255cf6a8:   00007f58255cf718 00000006ff9b5328
0x00007f58255cf6b8:   0000000000000000 00000006ff9a6bd0
0x00007f58255cf6c8:   00007f58255cf690 00007f58255cf710
0x00007f58255cf6d8:   00007f58255cf770 00007f5821d61a82
0x00007f58255cf6e8:   0000000000000037 00000007d4fe56a8
0x00007f58255cf6f8:   0000000726926f20 00000007d4f9f578
0x00007f58255cf708:   0000000000000037 0000000726926eb0
0x00007f58255cf718:   0000000709142c28 0000000000000001
0x00007f58255cf728:   0000000709142c28 00007f58255cf720
0x00007f58255cf738:   00000006ff9a69c5 00007f58255cf788
0x00007f58255cf748:   00000006ff9b5328 0000000000000000
0x00007f58255cf758:   00000006ff9a69f0 00007f58255cf710
0x00007f58255cf768:   00007f58255cf780 00007f58255cf7e0
0x00007f58255cf778:   00007f5821d61929 0000000726926eb0 

Instructions: (pc=0x00007f581f055de8)
0x00007f581f055dc8:   48 8b 04 c8 48 8b 04 d0 48 8b 40 30 c3 90 90 90
0x00007f581f055dd8:   90 90 90 90 90 90 90 90 48 8b 47 68 48 8d 34 76
0x00007f581f055de8:   48 8b 04 f0 48 8b 04 d0 48 8b 40 50 48 8b 04 c8
0x00007f581f055df8:   48 8b 40 10 c3 90 90 90 48 8b 47 68 48 8d 34 76 

Register to memory mapping:

RAX=0x0000000000000000 is an unknown value
RBX=0x0000000040f089d0 is an unknown value
RCX=0x00007f58255cf628 is pointing into the stack for thread: 0x0000000040f08800
RDX=0x0000000040fc91a0 is an unknown value
RSP=0x00007f58255cf588 is pointing into the stack for thread: 0x0000000040f08800
RBP=0x00007f58255cf608 is pointing into the stack for thread: 0x0000000040f08800
RSI=0x00017e087016e248 is an unknown value
RDI=0x0000000040fc91a0 is an unknown value
R8 =0x0000000040f09580 is an unknown value
R9 =0x00007f58262d9550: <offset 0xa85550> in /usr/lib/jvm/java-6-sun-1.6.0.26/jre/lib/amd64/server/libjvm.so at 0x00007f5825854000
R10=0x00007f5821d6cd41 is an Interpreter codelet
method entry point (kind = native)  [0x00007f5821d6cae0, 0x00007f5821d6d320]  2112 bytes
R11=0x00007f5825fdd170: <offset 0x789170> in /usr/lib/jvm/java-6-sun-1.6.0.26/jre/lib/amd64/server/libjvm.so at 0x00007f5825854000
R12=0x0000000000000000 is an unknown value
R13=0x00000006ffa59830 is an oop
{method} 
 - klass: {other class}
R14=0x00007f58255cf638 is pointing into the stack for thread: 0x0000000040f08800
R15=0x0000000040f08800 is a thread


Stack: [0x00007f58254d0000,0x00007f58255d1000],  sp=0x00007f58255cf588,  free space=1021k
Native frames: (J=compiled Java code, j=interpreted, Vv=VM code, C=native code)
C  [libcrfpp.so.0+0x2ede8]  CRFPP::TaggerImpl::next_transition_vector(unsigned long, unsigned long, unsigned long) const+0x8
j  org.chasen.crfpp.Tagger.parse()Z+5
j  liner2.chunker.CrfppChunker.sendDataToTagger(Lliner2/structure/Sentence;)V+112
j  liner2.chunker.CrfppChunker.chunkSentence(Lliner2/structure/Sentence;)Lliner2/structure/AnnotationSet;+21
j  liner2.chunker.CrfppChunker.chunk(Lliner2/structure/ParagraphSet;)Ljava/util/HashMap;+74
j  liner2.chunker.PropagateChunker.chunk(Lliner2/structure/ParagraphSet;)Ljava/util/HashMap;+5
j  liner2.action.ActionEval.run()V+145
j  liner2.Main.main([Ljava/lang/String;)V+47
v  ~StubRoutines::call_stub
V  [libjvm.so+0x4df5c0]  JavaCalls::call_helper(JavaValue*, methodHandle*, JavaCallArguments*, Thread*)+0x1e0
V  [libjvm.so+0x70f629]  os::os_exception_wrapper(void (*)(JavaValue*, methodHandle*, JavaCallArguments*, Thread*), JavaValue*, methodHandle*, JavaCallArguments*, Thread*)+0x19
V  [libjvm.so+0x4df3d5]  JavaCalls::call(JavaValue*, methodHandle, JavaCallArguments*, Thread*)+0x25
V  [libjvm.so+0x51ae27]  jni_invoke_static(JNIEnv_*, JavaValue*, _jobject*, JNICallType, _jmethodID*, JNI_ArgumentPusher*, Thread*)+0x147
V  [libjvm.so+0x5085bf]  unsigned+0x20f

Java frames: (J=compiled Java code, j=interpreted, Vv=VM code)
j  org.chasen.crfpp.CRFPPJNI.Tagger_parse__SWIG_0(JLorg/chasen/crfpp/Tagger;)Z+0
j  org.chasen.crfpp.Tagger.parse()Z+5
j  liner2.chunker.CrfppChunker.sendDataToTagger(Lliner2/structure/Sentence;)V+112
j  liner2.chunker.CrfppChunker.chunkSentence(Lliner2/structure/Sentence;)Lliner2/structure/AnnotationSet;+21
j  liner2.chunker.CrfppChunker.chunk(Lliner2/structure/ParagraphSet;)Ljava/util/HashMap;+74
j  liner2.chunker.PropagateChunker.chunk(Lliner2/structure/ParagraphSet;)Ljava/util/HashMap;+5
j  liner2.action.ActionEval.run()V+145
j  liner2.Main.main([Ljava/lang/String;)V+47
v  ~StubRoutines::call_stub

---------------  P R O C E S S  ---------------

Java Threads: ( => current thread )
  0x00007f5818003800 JavaThread "Low Memory Detector" daemon [_thread_blocked, id=12134, stack(0x00007f581f569000,0x00007f581f66a000)]
  0x00007f5818001000 JavaThread "C2 CompilerThread1" daemon [_thread_blocked, id=12133, stack(0x00007f581f66a000,0x00007f581f76b000)]
  0x0000000040fc3800 JavaThread "C2 CompilerThread0" daemon [_thread_blocked, id=12132, stack(0x00007f581f76b000,0x00007f581f86c000)]
  0x0000000040fc1800 JavaThread "Signal Dispatcher" daemon [_thread_blocked, id=12131, stack(0x00007f581f86c000,0x00007f581f96d000)]
  0x0000000040fa3800 JavaThread "Finalizer" daemon [_thread_blocked, id=12130, stack(0x00007f581f9ac000,0x00007f581faad000)]
  0x0000000040f9c800 JavaThread "Reference Handler" daemon [_thread_blocked, id=12129, stack(0x00007f581faad000,0x00007f581fbae000)]
=>0x0000000040f08800 JavaThread "main" [_thread_in_native, id=12119, stack(0x00007f58254d0000,0x00007f58255d1000)]

Other Threads:
  0x0000000040f95800 VMThread [stack: 0x00007f581fbae000,0x00007f581fcaf000] [id=12128]
  0x00007f5818016800 WatcherThread [stack: 0x00007f581f468000,0x00007f581f569000] [id=12135]

VM state:not at safepoint (normal execution)

VM Mutex/Monitor currently owned by a thread: None

Heap
 PSYoungGen      total 984768K, used 955738K [0x00000007ac2b0000, 0x0000000800000000, 0x0000000800000000)
  eden space 707904K, 96% used [0x00000007ac2b0000,0x00000007d5b72820,0x00000007d7600000)
  from space 276864K, 99% used [0x00000007ef1a0000,0x00000007ffe34070,0x0000000800000000)
  to   space 332800K, 0% used [0x00000007d7600000,0x00000007d7600000,0x00000007ebb00000)
 PSOldGen        total 827776K, used 668799K [0x0000000704800000, 0x0000000737060000, 0x00000007ac2b0000)
  object space 827776K, 80% used [0x0000000704800000,0x000000072d51fe60,0x0000000737060000)
 PSPermGen       total 21248K, used 4508K [0x00000006ff600000, 0x0000000700ac0000, 0x0000000704800000)
  object space 21248K, 21% used [0x00000006ff600000,0x00000006ffa672f8,0x0000000700ac0000)

Code Cache  [0x00007f5821d5c000, 0x00007f5821fcc000, 0x00007f5824d5c000)
 total_blobs=502 nmethods=309 adapters=147 free_code_cache=49081536 largest_free_block=15808

Dynamic libraries:
40000000-40009000 r-xp 00000000 08:05 1588196                            /usr/lib/jvm/java-6-sun-1.6.0.26/jre/bin/java
40108000-4010a000 rwxp 00008000 08:05 1588196                            /usr/lib/jvm/java-6-sun-1.6.0.26/jre/bin/java
40f02000-41b80000 rwxp 00000000 00:00 0                                  [heap]
6ff600000-700ac0000 rwxp 00000000 00:00 0 
700ac0000-704800000 rwxp 00000000 00:00 0 
704800000-737060000 rwxp 00000000 00:00 0 
737060000-7ac2b0000 rwxp 00000000 00:00 0 
7ac2b0000-800000000 rwxp 00000000 00:00 0 
7f5818000000-7f581b420000 rwxp 00000000 00:00 0 
7f581b420000-7f581c000000 ---p 00000000 00:00 0 
7f581d4a1000-7f581e9fb000 r-xs 00000000 08:03 37498367                   /home/michal/Desktop/model-pack-new/bins/crfpp_kpwr_cen-train_5nam.bin
7f581e9fb000-7f581e9fe000 ---p 00000000 00:00 0 
7f581e9fe000-7f581eafc000 rwxp 00000000 00:00 0 
7f581eafc000-7f581eb12000 r-xp 00000000 08:05 3538966                    /lib/libgcc_s.so.1
7f581eb12000-7f581ed11000 ---p 00016000 08:05 3538966                    /lib/libgcc_s.so.1
7f581ed11000-7f581ed12000 r-xp 00015000 08:05 3538966                    /lib/libgcc_s.so.1
7f581ed12000-7f581ed13000 rwxp 00016000 08:05 3538966                    /lib/libgcc_s.so.1
7f581ed13000-7f581ee09000 r-xp 00000000 08:05 137384                     /usr/lib/libstdc++.so.6.0.13
7f581ee09000-7f581f009000 ---p 000f6000 08:05 137384                     /usr/lib/libstdc++.so.6.0.13
7f581f009000-7f581f010000 r-xp 000f6000 08:05 137384                     /usr/lib/libstdc++.so.6.0.13
7f581f010000-7f581f012000 rwxp 000fd000 08:05 137384                     /usr/lib/libstdc++.so.6.0.13
7f581f012000-7f581f027000 rwxp 00000000 00:00 0 
7f581f027000-7f581f061000 r-xp 00000000 08:05 265690                     /usr/local/lib/libcrfpp.so.0.0.0
7f581f061000-7f581f260000 ---p 0003a000 08:05 265690                     /usr/local/lib/libcrfpp.so.0.0.0
7f581f260000-7f581f262000 r-xp 00039000 08:05 265690                     /usr/local/lib/libcrfpp.so.0.0.0
7f581f262000-7f581f263000 rwxp 0003b000 08:05 265690                     /usr/local/lib/libcrfpp.so.0.0.0
7f581f263000-7f581f267000 r-xp 00000000 08:03 37489547                   /home/michal/repo/liner2/lib/libCRFPP.so
7f581f267000-7f581f466000 ---p 00004000 08:03 37489547                   /home/michal/repo/liner2/lib/libCRFPP.so
7f581f466000-7f581f467000 r-xp 00003000 08:03 37489547                   /home/michal/repo/liner2/lib/libCRFPP.so
7f581f467000-7f581f468000 rwxp 00004000 08:03 37489547                   /home/michal/repo/liner2/lib/libCRFPP.so
7f581f468000-7f581f469000 ---p 00000000 00:00 0 
7f581f469000-7f581f569000 rwxp 00000000 00:00 0 
7f581f569000-7f581f56c000 ---p 00000000 00:00 0 
7f581f56c000-7f581f66a000 rwxp 00000000 00:00 0 
7f581f66a000-7f581f66d000 ---p 00000000 00:00 0 
7f581f66d000-7f581f76b000 rwxp 00000000 00:00 0 
7f581f76b000-7f581f76e000 ---p 00000000 00:00 0 
7f581f76e000-7f581f86c000 rwxp 00000000 00:00 0 
7f581f86c000-7f581f86f000 ---p 00000000 00:00 0 
7f581f86f000-7f581f96d000 rwxp 00000000 00:00 0 
7f581f96d000-7f581f9ac000 r-xp 00000000 08:05 138822                     /usr/lib/locale/en_GB.utf8/LC_CTYPE
7f581f9ac000-7f581f9af000 ---p 00000000 00:00 0 
7f581f9af000-7f581faad000 rwxp 00000000 00:00 0 
7f581faad000-7f581fab0000 ---p 00000000 00:00 0 
7f581fab0000-7f581fbae000 rwxp 00000000 00:00 0 
7f581fbae000-7f581fbaf000 ---p 00000000 00:00 0 
7f581fbaf000-7f58205b8000 rwxp 00000000 00:00 0 
7f58205b8000-7f5820750000 r-xs 03029000 08:05 805497                     /usr/lib/jvm/java-6-sun-1.6.0.26/jre/lib/rt.jar
7f5820750000-7f5820751000 ---p 00000000 00:00 0 
7f5820751000-7f5820851000 rwxp 00000000 00:00 0 
7f5820851000-7f5820852000 ---p 00000000 00:00 0 
7f5820852000-7f5820952000 rwxp 00000000 00:00 0 
7f5820952000-7f5820953000 ---p 00000000 00:00 0 
7f5820953000-7f5820a53000 rwxp 00000000 00:00 0 
7f5820a53000-7f5820a54000 ---p 00000000 00:00 0 
7f5820a54000-7f5820b54000 rwxp 00000000 00:00 0 
7f5820b54000-7f5820b55000 ---p 00000000 00:00 0 
7f5820b55000-7f5820c55000 rwxp 00000000 00:00 0 
7f5820c55000-7f5820c56000 ---p 00000000 00:00 0 
7f5820c56000-7f5820d56000 rwxp 00000000 00:00 0 
7f5820d56000-7f5820d57000 ---p 00000000 00:00 0 
7f5820d57000-7f5820e57000 rwxp 00000000 00:00 0 
7f5820e57000-7f5820e58000 ---p 00000000 00:00 0 
7f5820e58000-7f58210ed000 rwxp 00000000 00:00 0 
7f58210ed000-7f5821496000 rwxp 00000000 00:00 0 
7f5821496000-7f58214a1000 rwxp 00000000 00:00 0 
7f58214a1000-7f58214bf000 rwxp 00000000 00:00 0 
7f58214bf000-7f5821654000 rwxp 00000000 00:00 0 
7f5821654000-7f58219fc000 rwxp 00000000 00:00 0 
7f58219fc000-7f5821c9b000 rwxp 00000000 00:00 0 
7f5821c9b000-7f5821ca6000 rwxp 00000000 00:00 0 
7f5821ca6000-7f5821d5c000 rwxp 00000000 00:00 0 
7f5821d5c000-7f5821fcc000 rwxp 00000000 00:00 0 
7f5821fcc000-7f5824d5c000 rwxp 00000000 00:00 0 
7f5824d5c000-7f5824d6a000 r-xp 00000000 08:05 1980304                    /usr/lib/jvm/java-6-sun-1.6.0.26/jre/lib/amd64/libzip.so
7f5824d6a000-7f5824e6c000 ---p 0000e000 08:05 1980304                    /usr/lib/jvm/java-6-sun-1.6.0.26/jre/lib/amd64/libzip.so
7f5824e6c000-7f5824e6f000 rwxp 00010000 08:05 1980304                    /usr/lib/jvm/java-6-sun-1.6.0.26/jre/lib/amd64/libzip.so
7f5824e6f000-7f5824e70000 rwxp 00000000 00:00 0 
7f5824e70000-7f5824e87000 r-xp 00000000 08:05 3551615                    /lib/libnsl-2.11.1.so
7f5824e87000-7f5825086000 ---p 00017000 08:05 3551615                    /lib/libnsl-2.11.1.so
7f5825086000-7f5825087000 r-xp 00016000 08:05 3551615                    /lib/libnsl-2.11.1.so
7f5825087000-7f5825088000 rwxp 00017000 08:05 3551615                    /lib/libnsl-2.11.1.so
7f5825088000-7f582508a000 rwxp 00000000 00:00 0 
7f582508a000-7f58250b3000 r-xp 00000000 08:05 1980303                    /usr/lib/jvm/java-6-sun-1.6.0.26/jre/lib/amd64/libjava.so
7f58250b3000-7f58251b2000 ---p 00029000 08:05 1980303                    /usr/lib/jvm/java-6-sun-1.6.0.26/jre/lib/amd64/libjava.so
7f58251b2000-7f58251b9000 rwxp 00028000 08:05 1980303                    /usr/lib/jvm/java-6-sun-1.6.0.26/jre/lib/amd64/libjava.so
7f58251b9000-7f58251c6000 r-xp 00000000 08:05 1980278                    /usr/lib/jvm/java-6-sun-1.6.0.26/jre/lib/amd64/libverify.so
7f58251c6000-7f58252c5000 ---p 0000d000 08:05 1980278                    /usr/lib/jvm/java-6-sun-1.6.0.26/jre/lib/amd64/libverify.so
7f58252c5000-7f58252c8000 rwxp 0000c000 08:05 1980278                    /usr/lib/jvm/java-6-sun-1.6.0.26/jre/lib/amd64/libverify.so
7f58252c8000-7f58252cf000 r-xp 00000000 08:05 3551595                    /lib/librt-2.11.1.so
7f58252cf000-7f58254ce000 ---p 00007000 08:05 3551595                    /lib/librt-2.11.1.so
7f58254ce000-7f58254cf000 r-xp 00006000 08:05 3551595                    /lib/librt-2.11.1.so
7f58254cf000-7f58254d0000 rwxp 00007000 08:05 3551595                    /lib/librt-2.11.1.so
7f58254d0000-7f58254d3000 ---p 00000000 00:00 0 
7f58254d3000-7f58255d1000 rwxp 00000000 00:00 0 
7f58255d1000-7f5825653000 r-xp 00000000 08:05 3551583                    /lib/libm-2.11.1.so
7f5825653000-7f5825852000 ---p 00082000 08:05 3551583                    /lib/libm-2.11.1.so
7f5825852000-7f5825853000 r-xp 00081000 08:05 3551583                    /lib/libm-2.11.1.so
7f5825853000-7f5825854000 rwxp 00082000 08:05 3551583                    /lib/libm-2.11.1.so
7f5825854000-7f582616e000 r-xp 00000000 08:05 1980307                    /usr/lib/jvm/java-6-sun-1.6.0.26/jre/lib/amd64/server/libjvm.so
7f582616e000-7f5826270000 ---p 0091a000 08:05 1980307                    /usr/lib/jvm/java-6-sun-1.6.0.26/jre/lib/amd64/server/libjvm.so
7f5826270000-7f5826425000 rwxp 0091c000 08:05 1980307                    /usr/lib/jvm/java-6-sun-1.6.0.26/jre/lib/amd64/server/libjvm.so
7f5826425000-7f582645f000 rwxp 00000000 00:00 0 
7f582645f000-7f58265dc000 r-xp 00000000 08:05 3552673                    /lib/libc-2.11.1.so
7f58265dc000-7f58267db000 ---p 0017d000 08:05 3552673                    /lib/libc-2.11.1.so
7f58267db000-7f58267df000 r-xp 0017c000 08:05 3552673                    /lib/libc-2.11.1.so
7f58267df000-7f58267e0000 rwxp 00180000 08:05 3552673                    /lib/libc-2.11.1.so
7f58267e0000-7f58267e5000 rwxp 00000000 00:00 0 
7f58267e5000-7f58267e7000 r-xp 00000000 08:05 3551976                    /lib/libdl-2.11.1.so
7f58267e7000-7f58269e7000 ---p 00002000 08:05 3551976                    /lib/libdl-2.11.1.so
7f58269e7000-7f58269e8000 r-xp 00002000 08:05 3551976                    /lib/libdl-2.11.1.so
7f58269e8000-7f58269e9000 rwxp 00003000 08:05 3551976                    /lib/libdl-2.11.1.so
7f58269e9000-7f5826a01000 r-xp 00000000 08:05 3551614                    /lib/libpthread-2.11.1.so
7f5826a01000-7f5826c00000 ---p 00018000 08:05 3551614                    /lib/libpthread-2.11.1.so
7f5826c00000-7f5826c01000 r-xp 00017000 08:05 3551614                    /lib/libpthread-2.11.1.so
7f5826c01000-7f5826c02000 rwxp 00018000 08:05 3551614                    /lib/libpthread-2.11.1.so
7f5826c02000-7f5826c06000 rwxp 00000000 00:00 0 
7f5826c06000-7f5826c26000 r-xp 00000000 08:05 3551600                    /lib/ld-2.11.1.so
7f5826c5c000-7f5826c9b000 rwxp 00000000 00:00 0 
7f5826c9b000-7f5826cb9000 rwxp 00000000 00:00 0 
7f5826cb9000-7f5826cee000 r-xs 00000000 08:05 1979974                    /var/cache/nscd/passwd
7f5826cee000-7f5826cf1000 rwxp 00000000 00:00 0 
7f5826cf1000-7f5826cf8000 r-xp 00000000 08:05 1980275                    /usr/lib/jvm/java-6-sun-1.6.0.26/jre/lib/amd64/jli/libjli.so
7f5826cf8000-7f5826df9000 ---p 00007000 08:05 1980275                    /usr/lib/jvm/java-6-sun-1.6.0.26/jre/lib/amd64/jli/libjli.so
7f5826df9000-7f5826dfb000 rwxp 00008000 08:05 1980275                    /usr/lib/jvm/java-6-sun-1.6.0.26/jre/lib/amd64/jli/libjli.so
7f5826dfb000-7f5826dfc000 rwxp 00000000 00:00 0 
7f5826e02000-7f5826e04000 r-xs 00010000 08:03 37490771                   /home/michal/repo/liner2/lib/princetonAdapter.jar
7f5826e04000-7f5826e0b000 r-xs 000b2000 08:03 37489377                   /home/michal/repo/liner2/lib/mysql-connector-java-5.1.10.jar
7f5826e0b000-7f5826e0c000 r-xs 00001000 08:03 37489529                   /home/michal/repo/liner2/lib/CRFPP.jar
7f5826e0c000-7f5826e0e000 r-xs 00009000 08:03 37489376                   /home/michal/repo/liner2/lib/commons-cli-1.2.jar
7f5826e0e000-7f5826e12000 r-xs 0002d000 08:03 37362665                   /home/michal/repo/liner2/liner2.jar
7f5826e12000-7f5826e19000 r-xs 00000000 08:05 150531                     /usr/lib/gconv/gconv-modules.cache
7f5826e19000-7f5826e21000 rwxs 00000000 08:05 4721305                    /tmp/hsperfdata_michal/12118
7f5826e21000-7f5826e22000 rwxp 00000000 00:00 0 
7f5826e22000-7f5826e23000 r-xp 00000000 00:00 0 
7f5826e23000-7f5826e25000 rwxp 00000000 00:00 0 
7f5826e25000-7f5826e26000 r-xp 0001f000 08:05 3551600                    /lib/ld-2.11.1.so
7f5826e26000-7f5826e27000 rwxp 00020000 08:05 3551600                    /lib/ld-2.11.1.so
7f5826e27000-7f5826e28000 rwxp 00000000 00:00 0 
7fffe21f1000-7fffe2206000 rwxp 00000000 00:00 0                          [stack]
7fffe23e0000-7fffe23e1000 r-xp 00000000 00:00 0                          [vdso]
ffffffffff600000-ffffffffff601000 r-xp 00000000 00:00 0                  [vsyscall]

VM Arguments:
jvm_args: -Xmx4024M -Djava.library.path=/home/michal/repo/liner2/lib:/lib 
java_command: /home/michal/repo/liner2/liner2.jar eval -i iob -f /home/michal/Desktop/model-pack-new/corpora/kpwr-cen-5nam-train.iob -ini /home/michal/Desktop/model-pack-new/config-5nam-train.ini -verbose
Launcher Type: SUN_STANDARD

Environment Variables:
PATH=/usr/local/sbin:/usr/local/bin:/usr/sbin:/usr/bin:/sbin:/bin:/usr/games
USERNAME=michal
LD_LIBRARY_PATH=/usr/lib/jvm/java-6-sun-1.6.0.26/jre/lib/amd64/server:/usr/lib/jvm/java-6-sun-1.6.0.26/jre/lib/amd64:/usr/lib/jvm/java-6-sun-1.6.0.26/jre/../lib/amd64
SHELL=/bin/bash
DISPLAY=:0.0

Signal Handlers:
SIGSEGV: [libjvm.so+0x85f800], sa_mask[0]=0x7ffbfeff, sa_flags=0x10000004
SIGBUS: [libjvm.so+0x85f800], sa_mask[0]=0x7ffbfeff, sa_flags=0x10000004
SIGFPE: [libjvm.so+0x70e300], sa_mask[0]=0x7ffbfeff, sa_flags=0x10000004
SIGPIPE: [libjvm.so+0x70e300], sa_mask[0]=0x7ffbfeff, sa_flags=0x10000004
SIGXFSZ: [libjvm.so+0x70e300], sa_mask[0]=0x7ffbfeff, sa_flags=0x10000004
SIGILL: [libjvm.so+0x70e300], sa_mask[0]=0x7ffbfeff, sa_flags=0x10000004
SIGUSR1: SIG_DFL, sa_mask[0]=0x00000000, sa_flags=0x00000000
SIGUSR2: [libjvm.so+0x711110], sa_mask[0]=0x00000000, sa_flags=0x10000004
SIGHUP: [libjvm.so+0x710d10], sa_mask[0]=0x7ffbfeff, sa_flags=0x10000004
SIGINT: [libjvm.so+0x710d10], sa_mask[0]=0x7ffbfeff, sa_flags=0x10000004
SIGTERM: [libjvm.so+0x710d10], sa_mask[0]=0x7ffbfeff, sa_flags=0x10000004
SIGQUIT: [libjvm.so+0x710d10], sa_mask[0]=0x7ffbfeff, sa_flags=0x10000004


---------------  S Y S T E M  ---------------

OS:squeeze/sid

uname:Linux 2.6.32-46-generic #107-Ubuntu SMP Fri Mar 22 20:15:42 UTC 2013 x86_64
libc:glibc 2.11.1 NPTL 2.11.1 
rlimit: STACK 8192k, CORE 0k, NPROC infinity, NOFILE 1024, AS infinity
load average:6.40 6.64 6.62

/proc/meminfo:
MemTotal:       12329384 kB
MemFree:         2616620 kB
Buffers:          869056 kB
Cached:          3132580 kB
SwapCached:        19352 kB
Active:          6411432 kB
Inactive:        1710412 kB
Active(anon):    3912472 kB
Inactive(anon):   228256 kB
Active(file):    2498960 kB
Inactive(file):  1482156 kB
Unevictable:        4572 kB
Mlocked:            4572 kB
SwapTotal:       9767480 kB
SwapFree:        9703964 kB
Dirty:               816 kB
Writeback:             0 kB
AnonPages:       4112496 kB
Mapped:           573976 kB
Shmem:             17524 kB
Slab:            1187756 kB
SReclaimable:    1152416 kB
SUnreclaim:        35340 kB
KernelStack:        5352 kB
PageTables:        47864 kB
NFS_Unstable:          0 kB
Bounce:                0 kB
WritebackTmp:          0 kB
CommitLimit:    15932172 kB
Committed_AS:    6635060 kB
VmallocTotal:   34359738367 kB
VmallocUsed:      373080 kB
VmallocChunk:   34359339004 kB
HardwareCorrupted:     0 kB
HugePages_Total:       0
HugePages_Free:        0
HugePages_Rsvd:        0
HugePages_Surp:        0
Hugepagesize:       2048 kB
DirectMap4k:     6971264 kB
DirectMap2M:     5609472 kB


CPU:total 8 (4 cores per cpu, 2 threads per core) family 6 model 26 stepping 5, cmov, cx8, fxsr, mmx, sse, sse2, sse3, ssse3, sse4.1, sse4.2, popcnt, ht

/proc/cpuinfo:
processor	: 0
vendor_id	: GenuineIntel
cpu family	: 6
model		: 26
model name	: Intel(R) Core(TM) i7 CPU         920  @ 2.67GHz
stepping	: 5
cpu MHz		: 1596.000
cache size	: 8192 KB
physical id	: 0
siblings	: 8
core id		: 0
cpu cores	: 4
apicid		: 0
initial apicid	: 0
fpu		: yes
fpu_exception	: yes
cpuid level	: 11
wp		: yes
flags		: fpu vme de pse tsc msr pae mce cx8 apic sep mtrr pge mca cmov pat pse36 clflush dts acpi mmx fxsr sse sse2 ss ht tm pbe syscall nx rdtscp lm constant_tsc arch_perfmon pebs bts rep_good xtopology nonstop_tsc aperfmperf pni dtes64 monitor ds_cpl vmx est tm2 ssse3 cx16 xtpr pdcm sse4_1 sse4_2 popcnt lahf_lm ida tpr_shadow vnmi flexpriority ept vpid
bogomips	: 5397.89
clflush size	: 64
cache_alignment	: 64
address sizes	: 36 bits physical, 48 bits virtual
power management:

processor	: 1
vendor_id	: GenuineIntel
cpu family	: 6
model		: 26
model name	: Intel(R) Core(TM) i7 CPU         920  @ 2.67GHz
stepping	: 5
cpu MHz		: 1596.000
cache size	: 8192 KB
physical id	: 0
siblings	: 8
core id		: 1
cpu cores	: 4
apicid		: 2
initial apicid	: 2
fpu		: yes
fpu_exception	: yes
cpuid level	: 11
wp		: yes
flags		: fpu vme de pse tsc msr pae mce cx8 apic sep mtrr pge mca cmov pat pse36 clflush dts acpi mmx fxsr sse sse2 ss ht tm pbe syscall nx rdtscp lm constant_tsc arch_perfmon pebs bts rep_good xtopology nonstop_tsc aperfmperf pni dtes64 monitor ds_cpl vmx est tm2 ssse3 cx16 xtpr pdcm sse4_1 sse4_2 popcnt lahf_lm ida tpr_shadow vnmi flexpriority ept vpid
bogomips	: 5397.41
clflush size	: 64
cache_alignment	: 64
address sizes	: 36 bits physical, 48 bits virtual
power management:

processor	: 2
vendor_id	: GenuineIntel
cpu family	: 6
model		: 26
model name	: Intel(R) Core(TM) i7 CPU         920  @ 2.67GHz
stepping	: 5
cpu MHz		: 1596.000
cache size	: 8192 KB
physical id	: 0
siblings	: 8
core id		: 2
cpu cores	: 4
apicid		: 4
initial apicid	: 4
fpu		: yes
fpu_exception	: yes
cpuid level	: 11
wp		: yes
flags		: fpu vme de pse tsc msr pae mce cx8 apic sep mtrr pge mca cmov pat pse36 clflush dts acpi mmx fxsr sse sse2 ss ht tm pbe syscall nx rdtscp lm constant_tsc arch_perfmon pebs bts rep_good xtopology nonstop_tsc aperfmperf pni dtes64 monitor ds_cpl vmx est tm2 ssse3 cx16 xtpr pdcm sse4_1 sse4_2 popcnt lahf_lm ida tpr_shadow vnmi flexpriority ept vpid
bogomips	: 5397.40
clflush size	: 64
cache_alignment	: 64
address sizes	: 36 bits physical, 48 bits virtual
power management:

processor	: 3
vendor_id	: GenuineIntel
cpu family	: 6
model		: 26
model name	: Intel(R) Core(TM) i7 CPU         920  @ 2.67GHz
stepping	: 5
cpu MHz		: 1596.000
cache size	: 8192 KB
physical id	: 0
siblings	: 8
core id		: 3
cpu cores	: 4
apicid		: 6
initial apicid	: 6
fpu		: yes
fpu_exception	: yes
cpuid level	: 11
wp		: yes
flags		: fpu vme de pse tsc msr pae mce cx8 apic sep mtrr pge mca cmov pat pse36 clflush dts acpi mmx fxsr sse sse2 ss ht tm pbe syscall nx rdtscp lm constant_tsc arch_perfmon pebs bts rep_good xtopology nonstop_tsc aperfmperf pni dtes64 monitor ds_cpl vmx est tm2 ssse3 cx16 xtpr pdcm sse4_1 sse4_2 popcnt lahf_lm ida tpr_shadow vnmi flexpriority ept vpid
bogomips	: 5397.41
clflush size	: 64
cache_alignment	: 64
address sizes	: 36 bits physical, 48 bits virtual
power management:

processor	: 4
vendor_id	: GenuineIntel
cpu family	: 6
model		: 26
model name	: Intel(R) Core(TM) i7 CPU         920  @ 2.67GHz
stepping	: 5
cpu MHz		: 1596.000
cache size	: 8192 KB
physical id	: 0
siblings	: 8
core id		: 0
cpu cores	: 4
apicid		: 1
initial apicid	: 1
fpu		: yes
fpu_exception	: yes
cpuid level	: 11
wp		: yes
flags		: fpu vme de pse tsc msr pae mce cx8 apic sep mtrr pge mca cmov pat pse36 clflush dts acpi mmx fxsr sse sse2 ss ht tm pbe syscall nx rdtscp lm constant_tsc arch_perfmon pebs bts rep_good xtopology nonstop_tsc aperfmperf pni dtes64 monitor ds_cpl vmx est tm2 ssse3 cx16 xtpr pdcm sse4_1 sse4_2 popcnt lahf_lm ida tpr_shadow vnmi flexpriority ept vpid
bogomips	: 5397.40
clflush size	: 64
cache_alignment	: 64
address sizes	: 36 bits physical, 48 bits virtual
power management:

processor	: 5
vendor_id	: GenuineIntel
cpu family	: 6
model		: 26
model name	: Intel(R) Core(TM) i7 CPU         920  @ 2.67GHz
stepping	: 5
cpu MHz		: 1596.000
cache size	: 8192 KB
physical id	: 0
siblings	: 8
core id		: 1
cpu cores	: 4
apicid		: 3
initial apicid	: 3
fpu		: yes
fpu_exception	: yes
cpuid level	: 11
wp		: yes
flags		: fpu vme de pse tsc msr pae mce cx8 apic sep mtrr pge mca cmov pat pse36 clflush dts acpi mmx fxsr sse sse2 ss ht tm pbe syscall nx rdtscp lm constant_tsc arch_perfmon pebs bts rep_good xtopology nonstop_tsc aperfmperf pni dtes64 monitor ds_cpl vmx est tm2 ssse3 cx16 xtpr pdcm sse4_1 sse4_2 popcnt lahf_lm ida tpr_shadow vnmi flexpriority ept vpid
bogomips	: 5397.41
clflush size	: 64
cache_alignment	: 64
address sizes	: 36 bits physical, 48 bits virtual
power management:

processor	: 6
vendor_id	: GenuineIntel
cpu family	: 6
model		: 26
model name	: Intel(R) Core(TM) i7 CPU         920  @ 2.67GHz
stepping	: 5
cpu MHz		: 2793.000
cache size	: 8192 KB
physical id	: 0
siblings	: 8
core id		: 2
cpu cores	: 4
apicid		: 5
initial apicid	: 5
fpu		: yes
fpu_exception	: yes
cpuid level	: 11
wp		: yes
flags		: fpu vme de pse tsc msr pae mce cx8 apic sep mtrr pge mca cmov pat pse36 clflush dts acpi mmx fxsr sse sse2 ss ht tm pbe syscall nx rdtscp lm constant_tsc arch_perfmon pebs bts rep_good xtopology nonstop_tsc aperfmperf pni dtes64 monitor ds_cpl vmx est tm2 ssse3 cx16 xtpr pdcm sse4_1 sse4_2 popcnt lahf_lm ida tpr_shadow vnmi flexpriority ept vpid
bogomips	: 5397.41
clflush size	: 64
cache_alignment	: 64
address sizes	: 36 bits physical, 48 bits virtual
power management:

processor	: 7
vendor_id	: GenuineIntel
cpu family	: 6
model		: 26
model name	: Intel(R) Core(TM) i7 CPU         920  @ 2.67GHz
stepping	: 5
cpu MHz		: 2793.000
cache size	: 8192 KB
physical id	: 0
siblings	: 8
core id		: 3
cpu cores	: 4
apicid		: 7
initial apicid	: 7
fpu		: yes
fpu_exception	: yes
cpuid level	: 11
wp		: yes
flags		: fpu vme de pse tsc msr pae mce cx8 apic sep mtrr pge mca cmov pat pse36 clflush dts acpi mmx fxsr sse sse2 ss ht tm pbe syscall nx rdtscp lm constant_tsc arch_perfmon pebs bts rep_good xtopology nonstop_tsc aperfmperf pni dtes64 monitor ds_cpl vmx est tm2 ssse3 cx16 xtpr pdcm sse4_1 sse4_2 popcnt lahf_lm ida tpr_shadow vnmi flexpriority ept vpid
bogomips	: 5397.41
clflush size	: 64
cache_alignment	: 64
address sizes	: 36 bits physical, 48 bits virtual
power management:



Memory: 4k page, physical 12329384k(2616620k free), swap 9767480k(9703964k free)

vm_info: Java HotSpot(TM) 64-Bit Server VM (20.1-b02) for linux-amd64 JRE (1.6.0_26-b03), built on May  4 2011 01:13:47 by "java_re" with gcc 3.2.2 (SuSE Linux)

time: Wed May 15 11:57:44 2013
elapsed time: 2891 seconds

